[    7668ms] TypeError: Cannot read properties of undefined (reading 'push')
    at self.webpackHotUpdate (http://openlearning.test/media/chunks/entry/runtime.js:955:46)
    at http://openlearning.test/media/chunks/runtime.a0be374d225323b7.hot-update.js:10:25
[    7293ms] [WARNING] [Deprecation Notice]: Use of dataLoader (and loading data from the DOM) is deprecated. @ webpack:///../node_modules/@sentry/browser/node_modules/@sentry/utils/esm/instrument.js?:139
[    7979ms] [INFO] %cDownload the React DevTools for a better development experience: https://reactjs.org/link/react-devtools font-weight:bold @ webpack:///../node_modules/@sentry/browser/node_modules/@sentry/utils/esm/instrument.js?:139
[    8104ms] [LOG] i18next: languageChanged en @ webpack:///../node_modules/@sentry/browser/node_modules/@sentry/utils/esm/instrument.js?:139
[    8104ms] [LOG] i18next: initialized {debug: true, initImmediate: true, ns: Array(1), defaultNS: common, fallbackLng: Array(1)} @ webpack:///../node_modules/@sentry/browser/node_modules/@sentry/utils/esm/instrument.js?:139
[    8135ms] [WARNING] [Deprecation Notice]: Use of dataMultiLoader (and loading data from the DOM) is deprecated. @ webpack:///../node_modules/@sentry/browser/node_modules/@sentry/utils/esm/instrument.js?:139
[    8148ms] [ERROR] Warning: ReactDOM.render is no longer supported in React 18. Use createRoot instead. Until you switch to the new API, your app will behave as if it's running React 17. Learn more: https://reactjs.org/link/switch-to-createroot @ webpack:///../node_modules/@sentry/browser/node_modules/@sentry/utils/esm/instrument.js?:139
[   11285ms] TypeError: Cannot set properties of undefined (setting './web/components/PageFooter/index.jsx')
    at self.webpackHotUpdate (http://openlearning.test/media/chunks/entry/runtime.js:951:39)
    at http://openlearning.test/media/chunks/web_Portal_PortalFooter_PortalFooter_jsx.a0be374d225323b7.hot-update.js:10:25
[   10787ms] [WARNING] The keyword 'slider-vertical' specified to an 'appearance' property is not standardized. It will be removed in the future. Use <input type=range style="writing-mode: vertical-lr; direction: rtl"> instead. @ webpack:///../node_modules/@openlearningnet/openlearningui/dist/main/index.js?:43
[   10788ms] [WARNING] The keyword 'slider-vertical' specified to an 'appearance' property is not standardized. It will be removed in the future. Use <input type=range style="writing-mode: vertical-lr; direction: rtl"> instead. @ webpack:///../node_modules/@openlearningnet/openlearningui/dist/main/index.js?:43
[   10945ms] [ERROR] Warning: ReactDOM.render is no longer supported in React 18. Use createRoot instead. Until you switch to the new API, your app will behave as if it's running React 17. Learn more: https://reactjs.org/link/switch-to-createroot @ webpack:///../node_modules/@sentry/browser/node_modules/@sentry/utils/esm/instrument.js?:139
[   10954ms] [WARNING] Warning: componentWillMount has been renamed, and is not recommended for use. See https://reactjs.org/link/unsafe-component-lifecycles for details.

* Move code with side effects to componentDidMount, and set initial state in the constructor.
* Rename componentWillMount to UNSAFE_componentWillMount to suppress this warning in non-strict mode. In React 18.x, only the UNSAFE_ name will work. To rename all deprecated lifecycles to their new names, you can run `npx react-codemod rename-unsafe-lifecycles` in your project source folder.

Please update the following components: %s LoadJsScript @ webpack:///../node_modules/@sentry/browser/node_modules/@sentry/utils/esm/instrument.js?:139
[   11351ms] TypeError: Cannot set properties of undefined (setting './web/tailwind.css')
    at self.webpackHotUpdate (http://openlearning.test/media/chunks/entry/runtime.js:951:39)
    at http://openlearning.test/media/chunks/basePageLoader.a0be374d225323b7.hot-update.js:10:25
[   11042ms] [WARNING] You are loading @emotion/react when it is already loaded. Running multiple instances may cause problems. This can happen if multiple versions are used, or if multiple builds of the same version are used. @ webpack:///../node_modules/@sentry/browser/node_modules/@sentry/utils/esm/instrument.js?:139
[   11049ms] [ERROR] Warning: ReactDOM.render is no longer supported in React 18. Use createRoot instead. Until you switch to the new API, your app will behave as if it's running React 17. Learn more: https://reactjs.org/link/switch-to-createroot @ webpack:///../node_modules/@sentry/browser/node_modules/@sentry/utils/esm/instrument.js?:139
[   11059ms] [ERROR] Using kebab-case for css properties in objects is not supported. Did you mean WebkitOverflowScrolling? @ webpack:///../node_modules/@sentry/browser/node_modules/@sentry/utils/esm/instrument.js?:139
[   11069ms] [ERROR] Warning: Failed %s type: %s%s prop The prop `loginSettings` is marked as required in `LoginModal`, but its value is `null`. 
    at LoginModal (webpack:///./web/containers/LoginModal/LoginModal.jsx?:50:5)
    at ConnectFunction (webpack:///../node_modules/react-redux/es/components/connect.js?:240:114)
    at _TopBar (webpack:///./web/containers/TopBar/component.tsx?:91:5)
    at I18nextWithTranslation (webpack:///../node_modules/react-i18next/dist/es/withTranslation.js?:27:31)
    at h (webpack:///../node_modules/react-google-recaptcha-v3/dist/react-google-recaptcha-v3.esm.js?:27:3189)
    at t.QueryClientProvider (webpack:///../node_modules/@tanstack/react-query/build/umd/index.production.js?:21:40044)
    at portal-page
    at PortalPage (webpack:///./web/Portal/PortalPage.jsx?:74:5)
    at ConnectFunction (webpack:///../node_modules/react-redux/es/components/connect.js?:240:114)
    at RudyProvider (webpack:///../node_modules/@respond-framework/react/es/provider.js?:14:18)
    at Provider (webpack:///../node_modules/react-redux/es/components/Provider.js?:16:3) @ webpack:///../node_modules/@sentry/browser/node_modules/@sentry/utils/esm/instrument.js?:139
[   11103ms] [INFO] Slow network is detected. See https://www.chromestatus.com/feature/5636954674692096 for more details. Fallback font will be used while loading: https://fonts.gstatic.com/s/opensans/v13/MTP_ySUJH_bn48VBG8sNSugdm0LZdjqr5-oayXSOefg.woff2 @ http://openlearning.test/kevin-p/:365
[   11718ms] [LOG] [HMR] connected @ webpack:///../node_modules/@sentry/browser/node_modules/@sentry/utils/esm/instrument.js?:139
[   12667ms] [ERROR] Failed to load resource: the server responded with a status of 400 (Bad Request) @ http://openlearning.test/json/auth/access_token/:0
[   13025ms] AxiosError
[   13194ms] [ERROR] Warning: Failed %s type: %s%s prop The prop `institutionData.path` is marked as required in `PortalPage`, but its value is `undefined`. 
    at PortalPage (webpack:///./web/Portal/PortalPage.jsx?:74:5)
    at ConnectFunction (webpack:///../node_modules/react-redux/es/components/connect.js?:240:114)
    at RudyProvider (webpack:///../node_modules/@respond-framework/react/es/provider.js?:14:18)
    at Provider (webpack:///../node_modules/react-redux/es/components/Provider.js?:16:3) @ webpack:///../node_modules/@sentry/browser/node_modules/@sentry/utils/esm/instrument.js?:139
[   13227ms] [INFO] Slow network is detected. See https://www.chromestatus.com/feature/5636954674692096 for more details. Fallback font will be used while loading: https://fonts.gstatic.com/s/opensans/v13/cJZKeOuBrn4kERxqtaUH3VtXRa8TVwTICgirnJhmVJw.woff2 @ http://openlearning.test/kevin-p/:0
[   14145ms] [LOG] i18next::translator: missingKey en common qualification  @ webpack:///../node_modules/@sentry/browser/node_modules/@sentry/utils/esm/instrument.js?:139
[   14146ms] [LOG] i18next::translator: missingKey en common program_outcome  @ webpack:///../node_modules/@sentry/browser/node_modules/@sentry/utils/esm/instrument.js?:139
[   14146ms] [LOG] i18next::translator: missingKey en common qualification  @ webpack:///../node_modules/@sentry/browser/node_modules/@sentry/utils/esm/instrument.js?:139
[   14146ms] [LOG] i18next::translator: missingKey en common program_outcome  @ webpack:///../node_modules/@sentry/browser/node_modules/@sentry/utils/esm/instrument.js?:139
[   14153ms] [ERROR] Warning: React does not recognize the `%s` prop on a DOM element. If you intentionally want it to appear in the DOM as a custom attribute, spell it as lowercase `%s` instead. If you accidentally passed it from a parent component, remove it from the DOM element.%s useOldStyle useoldstyle 
    at svg
    at FontAwesomeIcon (webpack:///../node_modules/@fortawesome/react-fontawesome/index.es.js?:342:27)
    at eval (webpack:///../node_modules/@emotion/react/dist/emotion-element-cbed451f.browser.esm.js?:57:66)
    at span
    at eval (webpack:///../node_modules/@emotion/react/dist/emotion-element-cbed451f.browser.esm.js?:57:66)
    at div
    at eval (webpack:///../node_modules/@emotion/react/dist/emotion-element-cbed451f.browser.esm.js?:57:66)
    at t.TextField (webpack:///../node_modules/@openlearningnet/openlearningui/dist/main/index.js?:12:39312)
    at div
    at div
    at div
    at CourseSearchLandingPage (webpack:///./web/Portal/PortalPageSection/CourseSearchLandingPage/component.tsx?:41:3)
    at div
    at div
    at div
    at portal-courses
    at PortalCourses (webpack:///./web/Portal/PortalPageSection/PortalCourses/PortalCourses.jsx?:33:102)
    at _PortalPageSection (webpack:///./web/Portal/PortalPageSection/PortalPageSection.jsx?:79:5)
    at I18nextWithTranslation (webpack:///../node_modules/react-i18next/dist/es/withTranslation.js?:27:31)
    at div
    at PortalInstitutionPage (webpack:///./web/Portal/PortalInstitutionPage/PortalInstitutionPage.jsx?:71:5)
    at ConnectFunction (webpack:///../node_modules/react-redux/es/components/connect.js?:240:114)
    at Suspense
    at WrappedComponent
    at ErrorBoundary (webpack:///./web/components/Loadable/index.tsx?:40:7)
    at div
    at h (webpack:///../node_modules/react-google-recaptcha-v3/dist/react-google-recaptcha-v3.esm.js?:27:3189)
    at t.QueryClientProvider (webpack:///../node_modules/@tanstack/react-query/build/umd/index.production.js?:21:40044)
    at portal-page
    at PortalPage (webpack:///./web/Portal/PortalPage.jsx?:74:5)
    at ConnectFunction (webpack:///../node_modules/react-redux/es/components/connect.js?:240:114)
    at RudyProvider (webpack:///../node_modules/@respond-framework/react/es/provider.js?:14:18)
    at Provider (webpack:///../node_modules/react-redux/es/components/Provider.js?:16:3) @ webpack:///../node_modules/@sentry/browser/node_modules/@sentry/utils/esm/instrument.js?:139
[   14153ms] [ERROR] Warning: React does not recognize the `%s` prop on a DOM element. If you intentionally want it to appear in the DOM as a custom attribute, spell it as lowercase `%s` instead. If you accidentally passed it from a parent component, remove it from the DOM element.%s isRtl isrtl 
    at svg
    at FontAwesomeIcon (webpack:///../node_modules/@fortawesome/react-fontawesome/index.es.js?:342:27)
    at eval (webpack:///../node_modules/@emotion/react/dist/emotion-element-cbed451f.browser.esm.js?:57:66)
    at span
    at eval (webpack:///../node_modules/@emotion/react/dist/emotion-element-cbed451f.browser.esm.js?:57:66)
    at div
    at eval (webpack:///../node_modules/@emotion/react/dist/emotion-element-cbed451f.browser.esm.js?:57:66)
    at t.TextField (webpack:///../node_modules/@openlearningnet/openlearningui/dist/main/index.js?:12:39312)
    at div
    at div
    at div
    at CourseSearchLandingPage (webpack:///./web/Portal/PortalPageSection/CourseSearchLandingPage/component.tsx?:41:3)
    at div
    at div
    at div
    at portal-courses
    at PortalCourses (webpack:///./web/Portal/PortalPageSection/PortalCourses/PortalCourses.jsx?:33:102)
    at _PortalPageSection (webpack:///./web/Portal/PortalPageSection/PortalPageSection.jsx?:79:5)
    at I18nextWithTranslation (webpack:///../node_modules/react-i18next/dist/es/withTranslation.js?:27:31)
    at div
    at PortalInstitutionPage (webpack:///./web/Portal/PortalInstitutionPage/PortalInstitutionPage.jsx?:71:5)
    at ConnectFunction (webpack:///../node_modules/react-redux/es/components/connect.js?:240:114)
    at Suspense
    at WrappedComponent
    at ErrorBoundary (webpack:///./web/components/Loadable/index.tsx?:40:7)
    at div
    at h (webpack:///../node_modules/react-google-recaptcha-v3/dist/react-google-recaptcha-v3.esm.js?:27:3189)
    at t.QueryClientProvider (webpack:///../node_modules/@tanstack/react-query/build/umd/index.production.js?:21:40044)
    at portal-page
    at PortalPage (webpack:///./web/Portal/PortalPage.jsx?:74:5)
    at ConnectFunction (webpack:///../node_modules/react-redux/es/components/connect.js?:240:114)
    at RudyProvider (webpack:///../node_modules/@respond-framework/react/es/provider.js?:14:18)
    at Provider (webpack:///../node_modules/react-redux/es/components/Provider.js?:16:3) @ webpack:///../node_modules/@sentry/browser/node_modules/@sentry/utils/esm/instrument.js?:139
[   14155ms] [LOG] i18next::translator: missingKey en common qualification  @ webpack:///../node_modules/@sentry/browser/node_modules/@sentry/utils/esm/instrument.js?:139
[   14155ms] [LOG] i18next::translator: missingKey en common program_outcome  @ webpack:///../node_modules/@sentry/browser/node_modules/@sentry/utils/esm/instrument.js?:139
[   14156ms] [LOG] i18next::translator: missingKey en common qualification  @ webpack:///../node_modules/@sentry/browser/node_modules/@sentry/utils/esm/instrument.js?:139
[   14156ms] [LOG] i18next::translator: missingKey en common program_outcome  @ webpack:///../node_modules/@sentry/browser/node_modules/@sentry/utils/esm/instrument.js?:139
[   14158ms] [LOG] i18next::translator: missingKey en common qualification  @ webpack:///../node_modules/@sentry/browser/node_modules/@sentry/utils/esm/instrument.js?:139
[   14158ms] [LOG] i18next::translator: missingKey en common program_outcome  @ webpack:///../node_modules/@sentry/browser/node_modules/@sentry/utils/esm/instrument.js?:139
[   14158ms] [LOG] i18next::translator: missingKey en common qualification  @ webpack:///../node_modules/@sentry/browser/node_modules/@sentry/utils/esm/instrument.js?:139
[   14158ms] [LOG] i18next::translator: missingKey en common program_outcome  @ webpack:///../node_modules/@sentry/browser/node_modules/@sentry/utils/esm/instrument.js?:139
[   14158ms] [LOG] i18next::translator: missingKey en common qualification  @ webpack:///../node_modules/@sentry/browser/node_modules/@sentry/utils/esm/instrument.js?:139
[   14158ms] [LOG] i18next::translator: missingKey en common program_outcome  @ webpack:///../node_modules/@sentry/browser/node_modules/@sentry/utils/esm/instrument.js?:139
[   14159ms] [LOG] i18next::translator: missingKey en common qualification  @ webpack:///../node_modules/@sentry/browser/node_modules/@sentry/utils/esm/instrument.js?:139
[   14159ms] [LOG] i18next::translator: missingKey en common program_outcome  @ webpack:///../node_modules/@sentry/browser/node_modules/@sentry/utils/esm/instrument.js?:139
[   14159ms] [LOG] i18next::translator: missingKey en common qualification  @ webpack:///../node_modules/@sentry/browser/node_modules/@sentry/utils/esm/instrument.js?:139
[   14159ms] [LOG] i18next::translator: missingKey en common program_outcome  @ webpack:///../node_modules/@sentry/browser/node_modules/@sentry/utils/esm/instrument.js?:139
[   14159ms] [LOG] i18next::translator: missingKey en common qualification  @ webpack:///../node_modules/@sentry/browser/node_modules/@sentry/utils/esm/instrument.js?:139
[   14159ms] [LOG] i18next::translator: missingKey en common program_outcome  @ webpack:///../node_modules/@sentry/browser/node_modules/@sentry/utils/esm/instrument.js?:139
[   14161ms] [ERROR] Warning: Each child in a list should have a unique "key" prop.%s%s See https://reactjs.org/link/warning-keys for more information.%s 

Check the render method of `PageFooter`.  
    at li
    at PageFooter (webpack:///./web/components/PageFooter/index.jsx?:37:1)
    at portal-footer
    at InnerPortalFooter (webpack:///./web/Portal/PortalFooter/PortalFooter.jsx?:48:5)
    at ConnectFunction (webpack:///../node_modules/react-redux/es/components/connect.js?:240:114)
    at div
    at PortalInstitutionPage (webpack:///./web/Portal/PortalInstitutionPage/PortalInstitutionPage.jsx?:71:5)
    at ConnectFunction (webpack:///../node_modules/react-redux/es/components/connect.js?:240:114)
    at Suspense
    at WrappedComponent
    at ErrorBoundary (webpack:///./web/components/Loadable/index.tsx?:40:7)
    at div
    at h (webpack:///../node_modules/react-google-recaptcha-v3/dist/react-google-recaptcha-v3.esm.js?:27:3189)
    at t.QueryClientProvider (webpack:///../node_modules/@tanstack/react-query/build/umd/index.production.js?:21:40044)
    at portal-page
    at PortalPage (webpack:///./web/Portal/PortalPage.jsx?:74:5)
    at ConnectFunction (webpack:///../node_modules/react-redux/es/components/connect.js?:240:114)
    at RudyProvider (webpack:///../node_modules/@respond-framework/react/es/provider.js?:14:18)
    at Provider (webpack:///../node_modules/react-redux/es/components/Provider.js?:16:3) @ webpack:///../node_modules/@sentry/browser/node_modules/@sentry/utils/esm/instrument.js?:139
[   14162ms] [WARNING] Warning: componentWillMount has been renamed, and is not recommended for use. See https://reactjs.org/link/unsafe-component-lifecycles for details.

* Move code with side effects to componentDidMount, and set initial state in the constructor.
* Rename componentWillMount to UNSAFE_componentWillMount to suppress this warning in non-strict mode. In React 18.x, only the UNSAFE_ name will work. To rename all deprecated lifecycles to their new names, you can run `npx react-codemod rename-unsafe-lifecycles` in your project source folder.

Please update the following components: %s InstitutionHomePage @ webpack:///../node_modules/@sentry/browser/node_modules/@sentry/utils/esm/instrument.js?:139
[   14162ms] [WARNING] Warning: componentWillReceiveProps has been renamed, and is not recommended for use. See https://reactjs.org/link/unsafe-component-lifecycles for details.

* Move data fetching code or side effects to componentDidUpdate.
* If you're updating state whenever props change, refactor your code to use memoization techniques or move it to static getDerivedStateFromProps. Learn more at: https://reactjs.org/link/derived-state
* Rename componentWillReceiveProps to UNSAFE_componentWillReceiveProps to suppress this warning in non-strict mode. In React 18.x, only the UNSAFE_ name will work. To rename all deprecated lifecycles to their new names, you can run `npx react-codemod rename-unsafe-lifecycles` in your project source folder.

Please update the following components: %s InstitutionHomePage @ webpack:///../node_modules/@sentry/browser/node_modules/@sentry/utils/esm/instrument.js?:139
[   14165ms] [ERROR] The pseudo class ":nth-child" is potentially unsafe when doing server-side rendering. Try changing it to ":nth-of-type". @ webpack:///../node_modules/@sentry/browser/node_modules/@sentry/utils/esm/instrument.js?:139
[   14169ms] [INFO] Slow network is detected. See https://www.chromestatus.com/feature/5636954674692096 for more details. Fallback font will be used while loading: https://fonts.gstatic.com/s/opensans/v13/k3k702ZOKiLJc3WVjuplzOgdm0LZdjqr5-oayXSOefg.woff2 @ http://openlearning.test/kevin-p/:0
[   14246ms] [WARNING] Warning: componentWillMount has been renamed, and is not recommended for use. See https://reactjs.org/link/unsafe-component-lifecycles for details.

* Move code with side effects to componentDidMount, and set initial state in the constructor.
* Rename componentWillMount to UNSAFE_componentWillMount to suppress this warning in non-strict mode. In React 18.x, only the UNSAFE_ name will work. To rename all deprecated lifecycles to their new names, you can run `npx react-codemod rename-unsafe-lifecycles` in your project source folder.

Please update the following components: %s ResizeImage, TransformImage @ webpack:///../node_modules/@sentry/browser/node_modules/@sentry/utils/esm/instrument.js?:139
[   14246ms] [WARNING] Warning: componentWillReceiveProps has been renamed, and is not recommended for use. See https://reactjs.org/link/unsafe-component-lifecycles for details.

* Move data fetching code or side effects to componentDidUpdate.
* If you're updating state whenever props change, refactor your code to use memoization techniques or move it to static getDerivedStateFromProps. Learn more at: https://reactjs.org/link/derived-state
* Rename componentWillReceiveProps to UNSAFE_componentWillReceiveProps to suppress this warning in non-strict mode. In React 18.x, only the UNSAFE_ name will work. To rename all deprecated lifecycles to their new names, you can run `npx react-codemod rename-unsafe-lifecycles` in your project source folder.

Please update the following components: %s ResizeImage, TransformImage @ webpack:///../node_modules/@sentry/browser/node_modules/@sentry/utils/esm/instrument.js?:139
[   15084ms] [INFO] Slow network is detected. See https://www.chromestatus.com/feature/5636954674692096 for more details. Fallback font will be used while loading: https://fonts.gstatic.com/s/roboto/v48/KFO7CnqEu92Fr1ME7kSn66aGLdTylUAMa3yUBHMdazQ.woff2 @ https://www.gstatic.com/recaptcha/releases/gTpTIWhbKpxADzTzkcabhXN4/recaptcha__en.js:303
[  248206ms] [ERROR] Failed to load resource: the server responded with a status of 400 (Bad Request) @ http://openlearning.test/json/auth/access_token/:0
[  248217ms] AxiosError
[  488171ms] [ERROR] Failed to load resource: the server responded with a status of 400 (Bad Request) @ http://openlearning.test/json/auth/access_token/:0
[  488193ms] AxiosError
[  639964ms] [LOG] [HMR] bundle rebuilding @ webpack:///../node_modules/@sentry/browser/node_modules/@sentry/utils/esm/instrument.js?:139
[  666446ms] [LOG] [HMR] bundle 'client' rebuilt in 22485ms @ webpack:///../node_modules/@sentry/browser/node_modules/@sentry/utils/esm/instrument.js?:139
[  666459ms] [LOG] %c./legacy/loaders/css-global-style-clean-up-v1.jsx 11:0-47
Module not found: Error: Can't resolve '@fortawesome/fontawesome-pro/webfonts' in '/Users/kevinprakasa/dev/ol-docker/engine/OpenLearningClient/src/legacy/loaders' color: #ff0000; @ webpack:///../node_modules/@sentry/browser/node_modules/@sentry/utils/esm/instrument.js?:139
[  667821ms] [LOG] [HMR] bundle rebuilding @ webpack:///../node_modules/@sentry/browser/node_modules/@sentry/utils/esm/instrument.js?:139
[  674669ms] [LOG] [HMR] bundle 'client' rebuilt in 6370ms @ webpack:///../node_modules/@sentry/browser/node_modules/@sentry/utils/esm/instrument.js?:139
[  728256ms] [ERROR] Failed to load resource: the server responded with a status of 400 (Bad Request) @ http://openlearning.test/json/auth/access_token/:0
[  728272ms] AxiosError
[  776357ms] [LOG] [HMR] bundle rebuilding @ webpack:///../node_modules/@sentry/browser/node_modules/@sentry/utils/esm/instrument.js?:139
[  793468ms] [LOG] [HMR] bundle 'client' rebuilt in 13615ms @ webpack:///../node_modules/@sentry/browser/node_modules/@sentry/utils/esm/instrument.js?:139
[  793473ms] [LOG] %c./web/components/PageFooter/index.jsx 22:49-124
Module not found: Error: Can't resolve '@fortawesome/pro-solid-svg-icons' in '/Users/kevinprakasa/dev/ol-docker/engine/OpenLearningClient/src/web/components/PageFooter' color: #999933; @ webpack:///../node_modules/@sentry/browser/node_modules/@sentry/utils/esm/instrument.js?:139
[  793482ms] [LOG] [HMR] Checking for updates on the server... @ webpack:///../node_modules/@sentry/browser/node_modules/@sentry/utils/esm/instrument.js?:139
[  794030ms] [LOG] [HMR] bundle rebuilding @ webpack:///../node_modules/@sentry/browser/node_modules/@sentry/utils/esm/instrument.js?:139
[  798892ms] [LOG] [HMR] bundle 'client' rebuilt in 4522ms @ webpack:///../node_modules/@sentry/browser/node_modules/@sentry/utils/esm/instrument.js?:139
[  799501ms] [LOG] [HMR] Updated modules: @ webpack:///../node_modules/@sentry/browser/node_modules/@sentry/utils/esm/instrument.js?:139
[  799501ms] [LOG] [HMR]  - ./web/tailwind.css @ webpack:///../node_modules/@sentry/browser/node_modules/@sentry/utils/esm/instrument.js?:139
[  799501ms] [LOG] [HMR]  - ./web/components/PageFooter/index.jsx @ webpack:///../node_modules/@sentry/browser/node_modules/@sentry/utils/esm/instrument.js?:139
[  799513ms] [LOG] [HMR] css reload %s http://openlearning.test/media/chunks/entry/basePageLoader.css @ webpack:///../node_modules/@sentry/browser/node_modules/@sentry/utils/esm/instrument.js?:139
[  799846ms] [LOG] [HMR] Updated modules: @ webpack:///../node_modules/@sentry/browser/node_modules/@sentry/utils/esm/instrument.js?:139
[  799846ms] [LOG] [HMR]  - ./web/tailwind.css @ webpack:///../node_modules/@sentry/browser/node_modules/@sentry/utils/esm/instrument.js?:139
[  799846ms] [LOG] [HMR] App is up to date. @ webpack:///../node_modules/@sentry/browser/node_modules/@sentry/utils/esm/instrument.js?:139
[  799898ms] [LOG] [HMR] css reload %s http://openlearning.test/media/chunks/entry/basePageLoader.css @ webpack:///../node_modules/@sentry/browser/node_modules/@sentry/utils/esm/instrument.js?:139
[  835016ms] [LOG] [HMR] bundle rebuilding @ webpack:///../node_modules/@sentry/browser/node_modules/@sentry/utils/esm/instrument.js?:139
[  860113ms] [LOG] [HMR] bundle 'client' rebuilt in 23181ms @ webpack:///../node_modules/@sentry/browser/node_modules/@sentry/utils/esm/instrument.js?:139
[  860144ms] [LOG] %c./web/components/PageFooter/index.jsx 
Module build failed (from ../node_modules/babel-loader/lib/index.js):
Error: /Users/kevinprakasa/dev/ol-docker/engine/OpenLearningClient/src/web/components/PageFooter/index.jsx: babel-plugin-transform-imports: import of entire module @fortawesome/pro-solid-svg-icons not allowed due to preventFullImport setting
    at barf (/Users/kevinprakasa/dev/ol-docker/engine/OpenLearningClient/node_modules/babel-plugin-transform-imports/index.js:40:9)
    at PluginPass.call (/Users/kevinprakasa/dev/ol-docker/engine/OpenLearningClient/node_modules/babel-plugin-transform-imports/index.js:87:15)
    at call (/Users/kevinprakasa/dev/ol-docker/engine/OpenLearningClient/node_modules/@babel/traverse/src/visitors.ts:304:14)
    at NodePath._call (/Users/kevinprakasa/dev/ol-docker/engine/OpenLearningClient/node_modules/@babel/traverse/src/path/context.ts:35:20)
    at NodePath.call (/Users/kevinprakasa/dev/ol-docker/engine/OpenLearningClient/node_modules/@babel/traverse/src/path/context.ts:20:17)
    at NodePath.visit (/Users/kevinprakasa/dev/ol-docker/engine/OpenLearningClient/node_modules/@babel/traverse/src/path/context.ts:94:31)
    at TraversalContext.visitQueue (/Users/kevinprakasa/dev/ol-docker/engine/OpenLearningClient/node_modules/@babel/traverse/src/context.ts:147:16)
    at TraversalContext.visitMultiple (/Users/kevinprakasa/dev/ol-docker/engine/OpenLearningClient/node_modules/@babel/traverse/src/context.ts:98:17)
    at TraversalContext.visit (/Users/kevinprakasa/dev/ol-docker/engine/OpenLearningClient/node_modules/@babel/traverse/src/context.ts:177:19)
    at traverseNode (/Users/kevinprakasa/dev/ol-docker/engine/OpenLearningClient/node_modules/@babel/traverse/src/traverse-node.ts:40:17) color: #ff0000; @ webpack:///../node_modules/@sentry/browser/node_modules/@sentry/utils/esm/instrument.js?:139
[  861926ms] [LOG] [HMR] bundle rebuilding @ webpack:///../node_modules/@sentry/browser/node_modules/@sentry/utils/esm/instrument.js?:139
[  866351ms] [LOG] [HMR] bundle 'client' rebuilt in 3935ms @ webpack:///../node_modules/@sentry/browser/node_modules/@sentry/utils/esm/instrument.js?:139
[  968377ms] [ERROR] Failed to load resource: the server responded with a status of 400 (Bad Request) @ http://openlearning.test/json/auth/access_token/:0
[  968460ms] AxiosError
[ 1057249ms] [LOG] [HMR] bundle rebuilding @ webpack:///../node_modules/@sentry/browser/node_modules/@sentry/utils/esm/instrument.js?:139
[ 1066324ms] [LOG] [HMR] bundle 'client' rebuilt in 7012ms @ webpack:///../node_modules/@sentry/browser/node_modules/@sentry/utils/esm/instrument.js?:139
