[     841ms] TypeError: Cannot read properties of undefined (reading 'push')
    at self.webpackHotUpdate (http://openlearning.test/media/chunks/entry/runtime.js:955:46)
    at http://openlearning.test/media/chunks/runtime.647b018222de9c7e.hot-update.js:10:25
[     612ms] [WARNING] [Deprecation Notice]: Use of dataLoader (and loading data from the DOM) is deprecated. @ webpack:///../node_modules/@sentry/browser/node_modules/@sentry/utils/esm/instrument.js?:139
[     871ms] [INFO] %cDownload the React DevTools for a better development experience: https://reactjs.org/link/react-devtools font-weight:bold @ webpack:///../node_modules/@sentry/browser/node_modules/@sentry/utils/esm/instrument.js?:139
[     914ms] [LOG] i18next: languageChanged en @ webpack:///../node_modules/@sentry/browser/node_modules/@sentry/utils/esm/instrument.js?:139
[     914ms] [LOG] i18next: initialized {debug: true, initImmediate: true, ns: Array(1), defaultNS: common, fallbackLng: Array(1)} @ webpack:///../node_modules/@sentry/browser/node_modules/@sentry/utils/esm/instrument.js?:139
[     925ms] [WARNING] [Deprecation Notice]: Use of dataMultiLoader (and loading data from the DOM) is deprecated. @ webpack:///../node_modules/@sentry/browser/node_modules/@sentry/utils/esm/instrument.js?:139
[     943ms] [ERROR] Warning: ReactDOM.render is no longer supported in React 18. Use createRoot instead. Until you switch to the new API, your app will behave as if it's running React 17. Learn more: https://reactjs.org/link/switch-to-createroot @ webpack:///../node_modules/@sentry/browser/node_modules/@sentry/utils/esm/instrument.js?:139
[     955ms] [ERROR] The pseudo class ":first-child" is potentially unsafe when doing server-side rendering. Try changing it to ":first-of-type". @ webpack:///../node_modules/@sentry/browser/node_modules/@sentry/utils/esm/instrument.js?:139
[    1807ms] [LOG] [HMR] connected @ webpack:///../node_modules/@sentry/browser/node_modules/@sentry/utils/esm/instrument.js?:139
[    2005ms] [WARNING] The keyword 'slider-vertical' specified to an 'appearance' property is not standardized. It will be removed in the future. Use <input type=range style="writing-mode: vertical-lr; direction: rtl"> instead. @ webpack:///../node_modules/@openlearningnet/openlearningui/dist/main/index.js?:43
[    2005ms] [WARNING] The keyword 'slider-vertical' specified to an 'appearance' property is not standardized. It will be removed in the future. Use <input type=range style="writing-mode: vertical-lr; direction: rtl"> instead. @ webpack:///../node_modules/@openlearningnet/openlearningui/dist/main/index.js?:43
[    2062ms] [ERROR] Warning: ReactDOM.render is no longer supported in React 18. Use createRoot instead. Until you switch to the new API, your app will behave as if it's running React 17. Learn more: https://reactjs.org/link/switch-to-createroot @ webpack:///../node_modules/@sentry/browser/node_modules/@sentry/utils/esm/instrument.js?:139
[    2066ms] [ERROR] Warning: Failed %s type: %s%s prop The prop `loginSettings` is marked as required in `LoginModal`, but its value is `null`. 
    at LoginModal (webpack:///./web/containers/LoginModal/LoginModal.jsx?:50:5)
    at ConnectFunction (webpack:///../node_modules/react-redux/es/components/connect.js?:240:114)
    at _TopBar (webpack:///./web/containers/TopBar/component.tsx?:95:5)
    at I18nextWithTranslation (webpack:///../node_modules/react-i18next/dist/es/withTranslation.js?:27:31)
    at RudyProvider (webpack:///../node_modules/@respond-framework/react/es/provider.js?:14:18)
    at Provider (webpack:///../node_modules/react-redux/es/components/Provider.js?:16:3) @ webpack:///../node_modules/@sentry/browser/node_modules/@sentry/utils/esm/instrument.js?:139
[    2153ms] [ERROR] The pseudo class ":first-child" is potentially unsafe when doing server-side rendering. Try changing it to ":first-of-type". @ webpack:///../node_modules/@sentry/browser/node_modules/@sentry/utils/esm/instrument.js?:139
[    2165ms] [ERROR] Using kebab-case for css properties in objects is not supported. Did you mean WebkitOverflowScrolling? @ webpack:///../node_modules/@sentry/browser/node_modules/@sentry/utils/esm/instrument.js?:139
[    2167ms] [ERROR] Warning: Failed %s type: %s%s prop The prop `showAccessSuspended` is marked as required in `_CourseNavigationMenu`, but its value is `undefined`. 
    at _CourseNavigationMenu (webpack:///./web/components/Navigation/CourseNavigationMenu/index.jsx?:105:5)
    at ConnectFunction (webpack:///../node_modules/react-redux/es/components/connect.js?:240:114)
    at div
    at eval (webpack:///../node_modules/@emotion/react/dist/emotion-element-cbed451f.browser.esm.js?:57:66)
    at div
    at eval (webpack:///../node_modules/@emotion/react/dist/emotion-element-cbed451f.browser.esm.js?:57:66)
    at div
    at eval (webpack:///../node_modules/@emotion/react/dist/emotion-element-cbed451f.browser.esm.js?:57:66)
    at TopBarDropdown (webpack:///./web/containers/TopBar/TopBarDropdown/component.tsx?:38:28)
    at div
    at eval (webpack:///../node_modules/@emotion/react/dist/emotion-element-cbed451f.browser.esm.js?:57:66)
    at MenuItemMobileNav (webpack:///./web/containers/TopBar/MenuItemMobileNav/component.tsx?:46:30)
    at div
    at eval (webpack:///../node_modules/@emotion/react/dist/emotion-element-cbed451f.browser.esm.js?:57:66)
    at div
    at eval (webpack:///../node_modules/@emotion/react/dist/emotion-element-cbed451f.browser.esm.js?:57:66)
    at t.QueryClientProvider (webpack:///../node_modules/@tanstack/react-query/build/umd/index.production.js?:21:40044)
    at div
    at eval (webpack:///../node_modules/@emotion/react/dist/emotion-element-cbed451f.browser.esm.js?:57:66)
    at div
    at eval (webpack:///../node_modules/@emotion/react/dist/emotion-element-cbed451f.browser.esm.js?:57:66)
    at _TopBar (webpack:///./web/containers/TopBar/component.tsx?:95:5)
    at I18nextWithTranslation (webpack:///../node_modules/react-i18next/dist/es/withTranslation.js?:27:31)
    at RudyProvider (webpack:///../node_modules/@respond-framework/react/es/provider.js?:14:18)
    at Provider (webpack:///../node_modules/react-redux/es/components/Provider.js?:16:3) @ webpack:///../node_modules/@sentry/browser/node_modules/@sentry/utils/esm/instrument.js?:139
[    2168ms] [ERROR] Warning: Failed %s type: %s%s prop Invalid prop `children` of type `array` supplied to `Sticky`, expected a single ReactElement. 
    at Sticky (webpack:///../node_modules/react-stickynode/dist/es/Sticky.js?:45:5)
    at _CourseNavigationMenu (webpack:///./web/components/Navigation/CourseNavigationMenu/index.jsx?:105:5)
    at ConnectFunction (webpack:///../node_modules/react-redux/es/components/connect.js?:240:114)
    at div
    at eval (webpack:///../node_modules/@emotion/react/dist/emotion-element-cbed451f.browser.esm.js?:57:66)
    at div
    at eval (webpack:///../node_modules/@emotion/react/dist/emotion-element-cbed451f.browser.esm.js?:57:66)
    at div
    at eval (webpack:///../node_modules/@emotion/react/dist/emotion-element-cbed451f.browser.esm.js?:57:66)
    at TopBarDropdown (webpack:///./web/containers/TopBar/TopBarDropdown/component.tsx?:38:28)
    at div
    at eval (webpack:///../node_modules/@emotion/react/dist/emotion-element-cbed451f.browser.esm.js?:57:66)
    at MenuItemMobileNav (webpack:///./web/containers/TopBar/MenuItemMobileNav/component.tsx?:46:30)
    at div
    at eval (webpack:///../node_modules/@emotion/react/dist/emotion-element-cbed451f.browser.esm.js?:57:66)
    at div
    at eval (webpack:///../node_modules/@emotion/react/dist/emotion-element-cbed451f.browser.esm.js?:57:66)
    at t.QueryClientProvider (webpack:///../node_modules/@tanstack/react-query/build/umd/index.production.js?:21:40044)
    at div
    at eval (webpack:///../node_modules/@emotion/react/dist/emotion-element-cbed451f.browser.esm.js?:57:66)
    at div
    at eval (webpack:///../node_modules/@emotion/react/dist/emotion-element-cbed451f.browser.esm.js?:57:66)
    at _TopBar (webpack:///./web/containers/TopBar/component.tsx?:95:5)
    at I18nextWithTranslation (webpack:///../node_modules/react-i18next/dist/es/withTranslation.js?:27:31)
    at RudyProvider (webpack:///../node_modules/@respond-framework/react/es/provider.js?:14:18)
    at Provider (webpack:///../node_modules/react-redux/es/components/Provider.js?:16:3) @ webpack:///../node_modules/@sentry/browser/node_modules/@sentry/utils/esm/instrument.js?:139
[    2170ms] [ERROR] Warning: Functions are not valid as a React child. This may happen if you return a Component instead of <Component /> from render. Or maybe you meant to call this function rather than return it.%s 
    at Suspense
    at WrappedComponent
    at ErrorBoundary (webpack:///./web/components/Loadable/index.tsx?:40:7)
    at div
    at div
    at div
    at Sticky (webpack:///../node_modules/react-stickynode/dist/es/Sticky.js?:45:5)
    at _CourseNavigationMenu (webpack:///./web/components/Navigation/CourseNavigationMenu/index.jsx?:105:5)
    at ConnectFunction (webpack:///../node_modules/react-redux/es/components/connect.js?:240:114)
    at div
    at eval (webpack:///../node_modules/@emotion/react/dist/emotion-element-cbed451f.browser.esm.js?:57:66)
    at div
    at eval (webpack:///../node_modules/@emotion/react/dist/emotion-element-cbed451f.browser.esm.js?:57:66)
    at div
    at eval (webpack:///../node_modules/@emotion/react/dist/emotion-element-cbed451f.browser.esm.js?:57:66)
    at TopBarDropdown (webpack:///./web/containers/TopBar/TopBarDropdown/component.tsx?:38:28)
    at div
    at eval (webpack:///../node_modules/@emotion/react/dist/emotion-element-cbed451f.browser.esm.js?:57:66)
    at MenuItemMobileNav (webpack:///./web/containers/TopBar/MenuItemMobileNav/component.tsx?:46:30)
    at div
    at eval (webpack:///../node_modules/@emotion/react/dist/emotion-element-cbed451f.browser.esm.js?:57:66)
    at div
    at eval (webpack:///../node_modules/@emotion/react/dist/emotion-element-cbed451f.browser.esm.js?:57:66)
    at t.QueryClientProvider (webpack:///../node_modules/@tanstack/react-query/build/umd/index.production.js?:21:40044)
    at div
    at eval (webpack:///../node_modules/@emotion/react/dist/emotion-element-cbed451f.browser.esm.js?:57:66)
    at div
    at eval (webpack:///../node_modules/@emotion/react/dist/emotion-element-cbed451f.browser.esm.js?:57:66)
    at _TopBar (webpack:///./web/containers/TopBar/component.tsx?:95:5)
    at I18nextWithTranslation (webpack:///../node_modules/react-i18next/dist/es/withTranslation.js?:27:31)
    at RudyProvider (webpack:///../node_modules/@respond-framework/react/es/provider.js?:14:18)
    at Provider (webpack:///../node_modules/react-redux/es/components/Provider.js?:16:3) @ webpack:///../node_modules/@sentry/browser/node_modules/@sentry/utils/esm/instrument.js?:139
[    2191ms] [ERROR] Warning: Received `%s` for a non-boolean attribute `%s`.

If you want to write it to the DOM, pass a string instead: %s="%s" or %s={value.toString()}.

If you used to conditionally omit it with %s={condition && value}, pass %s={condition ? value : undefined} instead.%s false highlight highlight false highlight highlight highlight 
    at a
    at LinkInner (webpack:///../node_modules/@respond-framework/react/es/link.js?:32:18)
    at ConnectFunction (webpack:///../node_modules/react-redux/es/components/connect.js?:240:114)
    at Link
    at LinkInnerInner (webpack:///./web/containers/Link/component.jsx?:52:5)
    at LinkInner
    at ConnectFunction (webpack:///../node_modules/react-redux/es/components/connect.js?:240:114)
    at RouteLink (webpack:///./web/components/RouteLink/component.tsx?:18:63)
    at eval (webpack:///../node_modules/@emotion/react/dist/emotion-element-cbed451f.browser.esm.js?:57:66)
    at li
    at ul
    at eval (webpack:///../node_modules/@emotion/react/dist/emotion-element-cbed451f.browser.esm.js?:57:66)
    at li
    at ul
    at eval (webpack:///../node_modules/@emotion/react/dist/emotion-element-cbed451f.browser.esm.js?:57:66)
    at div
    at eval (webpack:///../node_modules/@emotion/react/dist/emotion-element-cbed451f.browser.esm.js?:57:66)
    at TopBarUserMenu (webpack:///./web/containers/TopBar/TopBarUserMenu/component.tsx?:84:68)
    at div
    at eval (webpack:///../node_modules/@emotion/react/dist/emotion-element-cbed451f.browser.esm.js?:57:66)
    at div
    at eval (webpack:///../node_modules/@emotion/react/dist/emotion-element-cbed451f.browser.esm.js?:57:66)
    at TopBarDropdown (webpack:///./web/containers/TopBar/TopBarDropdown/component.tsx?:38:28)
    at div
    at eval (webpack:///../node_modules/@emotion/react/dist/emotion-element-cbed451f.browser.esm.js?:57:66)
    at TopBarItem (webpack:///./web/containers/TopBar/TopBarItem/component.tsx?:22:19)
    at MenuItemUser (webpack:///./web/containers/TopBar/MenuItemUser/component.tsx?:34:19)
    at div
    at eval (webpack:///../node_modules/@emotion/react/dist/emotion-element-cbed451f.browser.esm.js?:57:66)
    at div
    at eval (webpack:///../node_modules/@emotion/react/dist/emotion-element-cbed451f.browser.esm.js?:57:66)
    at t.QueryClientProvider (webpack:///../node_modules/@tanstack/react-query/build/umd/index.production.js?:21:40044)
    at div
    at eval (webpack:///../node_modules/@emotion/react/dist/emotion-element-cbed451f.browser.esm.js?:57:66)
    at div
    at eval (webpack:///../node_modules/@emotion/react/dist/emotion-element-cbed451f.browser.esm.js?:57:66)
    at _TopBar (webpack:///./web/containers/TopBar/component.tsx?:95:5)
    at I18nextWithTranslation (webpack:///../node_modules/react-i18next/dist/es/withTranslation.js?:27:31)
    at RudyProvider (webpack:///../node_modules/@respond-framework/react/es/provider.js?:14:18)
    at Provider (webpack:///../node_modules/react-redux/es/components/Provider.js?:16:3) @ webpack:///../node_modules/@sentry/browser/node_modules/@sentry/utils/esm/instrument.js?:139
[    2291ms] [ERROR] Warning: ReactDOM.render is no longer supported in React 18. Use createRoot instead. Until you switch to the new API, your app will behave as if it's running React 17. Learn more: https://reactjs.org/link/switch-to-createroot @ webpack:///../node_modules/@sentry/browser/node_modules/@sentry/utils/esm/instrument.js?:139
[    2292ms] [WARNING] Warning: componentWillReceiveProps has been renamed, and is not recommended for use. See https://reactjs.org/link/unsafe-component-lifecycles for details.

* Move data fetching code or side effects to componentDidUpdate.
* If you're updating state whenever props change, refactor your code to use memoization techniques or move it to static getDerivedStateFromProps. Learn more at: https://reactjs.org/link/derived-state
* Rename componentWillReceiveProps to UNSAFE_componentWillReceiveProps to suppress this warning in non-strict mode. In React 18.x, only the UNSAFE_ name will work. To rename all deprecated lifecycles to their new names, you can run `npx react-codemod rename-unsafe-lifecycles` in your project source folder.

Please update the following components: %s ASICInformationCapture @ webpack:///../node_modules/@sentry/browser/node_modules/@sentry/utils/esm/instrument.js?:139
[    2293ms] [ERROR] Warning: ReactDOM.render is no longer supported in React 18. Use createRoot instead. Until you switch to the new API, your app will behave as if it's running React 17. Learn more: https://reactjs.org/link/switch-to-createroot @ webpack:///../node_modules/@sentry/browser/node_modules/@sentry/utils/esm/instrument.js?:139
[    2296ms] [ERROR] Warning: ReactDOM.render is no longer supported in React 18. Use createRoot instead. Until you switch to the new API, your app will behave as if it's running React 17. Learn more: https://reactjs.org/link/switch-to-createroot @ webpack:///../node_modules/@sentry/browser/node_modules/@sentry/utils/esm/instrument.js?:139
[    2433ms] [ERROR] Failed to load resource: the server responded with a status of 401 () @ https://course-uploads-qa.openlearning.com/set-access-token:0
[    2516ms] AxiosError
[    2525ms] [ERROR] Warning: ReactDOM.render is no longer supported in React 18. Use createRoot instead. Until you switch to the new API, your app will behave as if it's running React 17. Learn more: https://reactjs.org/link/switch-to-createroot @ webpack:///../node_modules/@sentry/browser/node_modules/@sentry/utils/esm/instrument.js?:139
[    2534ms] [WARNING] Warning: componentWillMount has been renamed, and is not recommended for use. See https://reactjs.org/link/unsafe-component-lifecycles for details.

* Move code with side effects to componentDidMount, and set initial state in the constructor.
* Rename componentWillMount to UNSAFE_componentWillMount to suppress this warning in non-strict mode. In React 18.x, only the UNSAFE_ name will work. To rename all deprecated lifecycles to their new names, you can run `npx react-codemod rename-unsafe-lifecycles` in your project source folder.

Please update the following components: %s LoadJsScript @ webpack:///../node_modules/@sentry/browser/node_modules/@sentry/utils/esm/instrument.js?:139
[    2574ms] TypeError: Cannot set properties of undefined (setting './web/tailwind.css')
    at self.webpackHotUpdate (http://openlearning.test/media/chunks/entry/runtime.js:951:39)
    at http://openlearning.test/media/chunks/basePageLoader.647b018222de9c7e.hot-update.js:10:25
[    2610ms] [ERROR] WebSocket connection to 'ws://localhost:9000/socketcluster/' failed: Error in connection establishment: net::ERR_CONNECTION_REFUSED @ webpack:///../node_modules/socketcluster-client/lib/sctransport.js?:9
[    2615ms] [ERROR] SocketProtocolError @ webpack:///../node_modules/@sentry/browser/node_modules/@sentry/utils/esm/instrument.js?:139
[    2631ms] [ERROR] Failed to load resource: net::ERR_CONNECTION_REFUSED @ http://localhost:7071/notifications/user/622957fd10b0fe1d3e63425b?page=1&page_size=10:0
[    3057ms] [ERROR] WebSocket connection to 'ws://localhost:9000/socketcluster/' failed: Error in connection establishment: net::ERR_CONNECTION_REFUSED @ webpack:///../node_modules/socketcluster-client/lib/sctransport.js?:9
[    3058ms] [ERROR] SocketProtocolError @ webpack:///../node_modules/@sentry/browser/node_modules/@sentry/utils/esm/instrument.js?:139
[    3058ms] [ERROR] SocketProtocolError @ webpack:///../node_modules/@sentry/browser/node_modules/@sentry/utils/esm/instrument.js?:139
[    3103ms] [WARNING] Warning: componentWillReceiveProps has been renamed, and is not recommended for use. See https://reactjs.org/link/unsafe-component-lifecycles for details.

* Move data fetching code or side effects to componentDidUpdate.
* If you're updating state whenever props change, refactor your code to use memoization techniques or move it to static getDerivedStateFromProps. Learn more at: https://reactjs.org/link/derived-state
* Rename componentWillReceiveProps to UNSAFE_componentWillReceiveProps to suppress this warning in non-strict mode. In React 18.x, only the UNSAFE_ name will work. To rename all deprecated lifecycles to their new names, you can run `npx react-codemod rename-unsafe-lifecycles` in your project source folder.

Please update the following components: %s UnmountClosed @ webpack:///../node_modules/@sentry/browser/node_modules/@sentry/utils/esm/instrument.js?:139
[    3866ms] [WARNING] You are loading @emotion/react when it is already loaded. Running multiple instances may cause problems. This can happen if multiple versions are used, or if multiple builds of the same version are used. @ webpack:///../node_modules/@sentry/browser/node_modules/@sentry/utils/esm/instrument.js?:139
[    3952ms] [WARNING] Warning: React.createFactory() is deprecated and will be removed in a future major release. Consider using JSX or use React.createElement() directly instead. @ webpack:///../node_modules/@sentry/browser/node_modules/@sentry/utils/esm/instrument.js?:139
[    4266ms] [ERROR] Warning: Failed %s type: %s%s prop The prop `isCourseFrameRevampEnabled` is marked as required in `ModuleDisplayElement_`, but its value is `undefined`. 
    at ModuleDisplayElement_ (webpack:///./web/containers/ModuleDisplay/ModuleDisplayElement.jsx?:94:5)
    at ConnectFunction (webpack:///../node_modules/react-redux/es/components/connect.js?:240:114)
    at Suspense
    at WrappedComponent
    at ErrorBoundary (webpack:///./web/components/Loadable/index.tsx?:40:7)
    at RudyProvider (webpack:///../node_modules/@respond-framework/react/es/provider.js?:14:18)
    at Provider (webpack:///../node_modules/react-redux/es/components/Provider.js?:16:3) @ webpack:///../node_modules/@sentry/browser/node_modules/@sentry/utils/esm/instrument.js?:139
[    4278ms] [ERROR] Warning: Failed %s type: %s%s prop The prop `progressBarClickable` is marked as required in `_CourseProgressBar`, but its value is `undefined`. 
    at _CourseProgressBar (webpack:///./web/CourseProgressBar/CourseProgressBar.jsx?:44:5)
    at I18nextWithTranslation (webpack:///../node_modules/react-i18next/dist/es/withTranslation.js?:27:31)
    at ConnectFunction (webpack:///../node_modules/react-redux/es/components/connect.js?:240:114)
    at Suspense
    at WrappedComponent
    at ErrorBoundary (webpack:///./web/components/Loadable/index.tsx?:40:7)
    at CourseProgressBarPortal
    at RegionProvider (webpack:///./web/containers/BasePage/providers/RegionProvider.tsx?:34:66)
    at t.QueryClientProvider (webpack:///../node_modules/@tanstack/react-query/build/umd/index.production.js?:21:40044)
    at h (webpack:///../node_modules/react-google-recaptcha-v3/dist/react-google-recaptcha-v3.esm.js?:27:3189)
    at BasePage (webpack:///./web/containers/BasePage/component.jsx?:176:5)
    at ConnectFunction (webpack:///../node_modules/react-redux/es/components/connect.js?:240:114)
    at RudyProvider (webpack:///../node_modules/@respond-framework/react/es/provider.js?:14:18)
    at Provider (webpack:///../node_modules/react-redux/es/components/Provider.js?:16:3) @ webpack:///../node_modules/@sentry/browser/node_modules/@sentry/utils/esm/instrument.js?:139
[    4278ms] [WARNING] Warning: componentWillMount has been renamed, and is not recommended for use. See https://reactjs.org/link/unsafe-component-lifecycles for details.

* Move code with side effects to componentDidMount, and set initial state in the constructor.
* Rename componentWillMount to UNSAFE_componentWillMount to suppress this warning in non-strict mode. In React 18.x, only the UNSAFE_ name will work. To rename all deprecated lifecycles to their new names, you can run `npx react-codemod rename-unsafe-lifecycles` in your project source folder.

Please update the following components: %s _CourseProgressBar @ webpack:///../node_modules/@sentry/browser/node_modules/@sentry/utils/esm/instrument.js?:139
[    4283ms] [ERROR] Warning: Each child in a list should have a unique "key" prop.%s%s See https://reactjs.org/link/warning-keys for more information.%s 

Check the render method of `Modal`.  
    at Modal (webpack:///./web/components/Modals/Modal/component.tsx?:56:7)
    at AcceptCustomTnc (webpack:///./web/components/AcceptCustomTnc/component.tsx?:41:88)
    at Suspense
    at WrappedComponent
    at ErrorBoundary (webpack:///./web/components/Loadable/index.tsx?:40:7)
    at RegionProvider (webpack:///./web/containers/BasePage/providers/RegionProvider.tsx?:34:66)
    at t.QueryClientProvider (webpack:///../node_modules/@tanstack/react-query/build/umd/index.production.js?:21:40044)
    at h (webpack:///../node_modules/react-google-recaptcha-v3/dist/react-google-recaptcha-v3.esm.js?:27:3189)
    at BasePage (webpack:///./web/containers/BasePage/component.jsx?:176:5)
    at ConnectFunction (webpack:///../node_modules/react-redux/es/components/connect.js?:240:114)
    at RudyProvider (webpack:///../node_modules/@respond-framework/react/es/provider.js?:14:18)
    at Provider (webpack:///../node_modules/react-redux/es/components/Provider.js?:16:3) @ webpack:///../node_modules/@sentry/browser/node_modules/@sentry/utils/esm/instrument.js?:139
[    4309ms] [ERROR] Warning: ReactDOM.render is no longer supported in React 18. Use createRoot instead. Until you switch to the new API, your app will behave as if it's running React 17. Learn more: https://reactjs.org/link/switch-to-createroot @ webpack:///../node_modules/@sentry/browser/node_modules/@sentry/utils/esm/instrument.js?:139
[    4317ms] [ERROR] Warning: Failed %s type: %s%s prop Invalid prop `cohort[0]` of type `string` supplied to `BlockPageFooter_`, expected an Immutable.js Map. 
    at BlockPageFooter_ (webpack:///./web/containers/BlockPage/BlockPageFooter.jsx?:89:5)
    at ConnectFunction (webpack:///../node_modules/react-redux/es/components/connect.js?:240:114)
    at forwardConnectRef
    at BlockPageFooterPortal
    at t.QueryClientProvider (webpack:///../node_modules/@tanstack/react-query/build/umd/index.production.js?:21:40044)
    at block-page-content-container
    at BlockPageContentContainer (webpack:///./web/containers/BlockPage/BlockPageContentContainer.jsx?:167:5)
    at div
    at div
    at DndContext (webpack:///../node_modules/@dnd-kit/core/dist/core.esm.js?:2898:5)
    at BlockPageDndContext (webpack:///./web/components/BlockPageDndContext/component.tsx?:31:23)
    at BlockPageEditContentContainer (webpack:///./web/containers/BlockPage/BlockPageContentContainer.jsx?:258:5)
    at ConnectFunction (webpack:///../node_modules/react-redux/es/components/connect.js?:240:114)
    at RudyProvider (webpack:///../node_modules/@respond-framework/react/es/provider.js?:14:18)
    at Provider (webpack:///../node_modules/react-redux/es/components/Provider.js?:16:3) @ webpack:///../node_modules/@sentry/browser/node_modules/@sentry/utils/esm/instrument.js?:139
[    4320ms] [WARNING] Warning: componentWillMount has been renamed, and is not recommended for use. See https://reactjs.org/link/unsafe-component-lifecycles for details.

* Move code with side effects to componentDidMount, and set initial state in the constructor.
* Rename componentWillMount to UNSAFE_componentWillMount to suppress this warning in non-strict mode. In React 18.x, only the UNSAFE_ name will work. To rename all deprecated lifecycles to their new names, you can run `npx react-codemod rename-unsafe-lifecycles` in your project source folder.

Please update the following components: %s BlockPageContent_ @ webpack:///../node_modules/@sentry/browser/node_modules/@sentry/utils/esm/instrument.js?:139
[    4320ms] [WARNING] Warning: componentWillReceiveProps has been renamed, and is not recommended for use. See https://reactjs.org/link/unsafe-component-lifecycles for details.

* Move data fetching code or side effects to componentDidUpdate.
* If you're updating state whenever props change, refactor your code to use memoization techniques or move it to static getDerivedStateFromProps. Learn more at: https://reactjs.org/link/derived-state
* Rename componentWillReceiveProps to UNSAFE_componentWillReceiveProps to suppress this warning in non-strict mode. In React 18.x, only the UNSAFE_ name will work. To rename all deprecated lifecycles to their new names, you can run `npx react-codemod rename-unsafe-lifecycles` in your project source folder.

Please update the following components: %s BlockPageFooter_ @ webpack:///../node_modules/@sentry/browser/node_modules/@sentry/utils/esm/instrument.js?:139
[    4320ms] [WARNING] Warning: componentWillUpdate has been renamed, and is not recommended for use. See https://reactjs.org/link/unsafe-component-lifecycles for details.

* Move data fetching code or side effects to componentDidUpdate.
* Rename componentWillUpdate to UNSAFE_componentWillUpdate to suppress this warning in non-strict mode. In React 18.x, only the UNSAFE_ name will work. To rename all deprecated lifecycles to their new names, you can run `npx react-codemod rename-unsafe-lifecycles` in your project source folder.

Please update the following components: %s BlockPageContent_ @ webpack:///../node_modules/@sentry/browser/node_modules/@sentry/utils/esm/instrument.js?:139
[    4496ms] [ERROR] Failed to load resource: the server responded with a status of 404 (Not Found) @ http://openlearning.test/json/institutionaddon/lookup/getInstitutionAddon/?institution=institutiontestpath&addOnType=verifiedOrchestration:0
[    4631ms] [WARNING] Warning: componentWillMount has been renamed, and is not recommended for use. See https://reactjs.org/link/unsafe-component-lifecycles for details.

* Move code with side effects to componentDidMount, and set initial state in the constructor.
* Rename componentWillMount to UNSAFE_componentWillMount to suppress this warning in non-strict mode. In React 18.x, only the UNSAFE_ name will work. To rename all deprecated lifecycles to their new names, you can run `npx react-codemod rename-unsafe-lifecycles` in your project source folder.

Please update the following components: %s Trigger @ webpack:///../node_modules/@sentry/browser/node_modules/@sentry/utils/esm/instrument.js?:139
[    4631ms] [WARNING] Warning: componentWillReceiveProps has been renamed, and is not recommended for use. See https://reactjs.org/link/unsafe-component-lifecycles for details.

* Move data fetching code or side effects to componentDidUpdate.
* If you're updating state whenever props change, refactor your code to use memoization techniques or move it to static getDerivedStateFromProps. Learn more at: https://reactjs.org/link/derived-state
* Rename componentWillReceiveProps to UNSAFE_componentWillReceiveProps to suppress this warning in non-strict mode. In React 18.x, only the UNSAFE_ name will work. To rename all deprecated lifecycles to their new names, you can run `npx react-codemod rename-unsafe-lifecycles` in your project source folder.

Please update the following components: %s Trigger @ webpack:///../node_modules/@sentry/browser/node_modules/@sentry/utils/esm/instrument.js?:139
[    5043ms] [WARNING] Warning: componentWillMount has been renamed, and is not recommended for use. See https://reactjs.org/link/unsafe-component-lifecycles for details.

* Move code with side effects to componentDidMount, and set initial state in the constructor.
* Rename componentWillMount to UNSAFE_componentWillMount to suppress this warning in non-strict mode. In React 18.x, only the UNSAFE_ name will work. To rename all deprecated lifecycles to their new names, you can run `npx react-codemod rename-unsafe-lifecycles` in your project source folder.

Please update the following components: %s BlockPageHeader_, Breadcrumbs, PieChart @ webpack:///../node_modules/@sentry/browser/node_modules/@sentry/utils/esm/instrument.js?:139
[    5043ms] [WARNING] Warning: componentWillUpdate has been renamed, and is not recommended for use. See https://reactjs.org/link/unsafe-component-lifecycles for details.

* Move data fetching code or side effects to componentDidUpdate.
* Rename componentWillUpdate to UNSAFE_componentWillUpdate to suppress this warning in non-strict mode. In React 18.x, only the UNSAFE_ name will work. To rename all deprecated lifecycles to their new names, you can run `npx react-codemod rename-unsafe-lifecycles` in your project source folder.

Please update the following components: %s PieChart @ webpack:///../node_modules/@sentry/browser/node_modules/@sentry/utils/esm/instrument.js?:139
[    5064ms] [ERROR] Warning: Failed %s type: %s%s prop Required prop `reports` was not specified in `ReplyForm_`. 
    at ReplyForm_ (webpack:///./web/components/Comments/ReplyForm/ReplyForm.jsx?:196:5)
    at I18nextWithTranslation (webpack:///../node_modules/react-i18next/dist/es/withTranslation.js?:27:31)
    at ConnectFunction (webpack:///../node_modules/react-redux/es/components/connect.js?:240:114)
    at div
    at eval (webpack:///../node_modules/@emotion/react/dist/emotion-element-cbed451f.browser.esm.js?:57:66)
    at div
    at eval (webpack:///../node_modules/@emotion/react/dist/emotion-element-cbed451f.browser.esm.js?:57:66)
    at Comments (webpack:///./web/components/Comments/component.tsx?:46:5)
    at ConnectFunction (webpack:///../node_modules/react-redux/es/components/connect.js?:240:114)
    at Comments (webpack:///./web/components/Comments/index.jsx?:24:1)
    at div
    at div
    at BlockPagePageComments_ (webpack:///./web/containers/BlockPage/BlockPagePageComments.jsx?:73:5)
    at ConnectFunction (webpack:///../node_modules/react-redux/es/components/connect.js?:240:114)
    at forwardConnectRef
    at BlockPageCommentsPortal
    at t.QueryClientProvider (webpack:///../node_modules/@tanstack/react-query/build/umd/index.production.js?:21:40044)
    at block-page-content-container
    at BlockPageContentContainer (webpack:///./web/containers/BlockPage/BlockPageContentContainer.jsx?:167:5)
    at div
    at div
    at DndContext (webpack:///../node_modules/@dnd-kit/core/dist/core.esm.js?:2898:5)
    at BlockPageDndContext (webpack:///./web/components/BlockPageDndContext/component.tsx?:31:23)
    at BlockPageEditContentContainer (webpack:///./web/containers/BlockPage/BlockPageContentContainer.jsx?:258:5)
    at ConnectFunction (webpack:///../node_modules/react-redux/es/components/connect.js?:240:114)
    at RudyProvider (webpack:///../node_modules/@respond-framework/react/es/provider.js?:14:18)
    at Provider (webpack:///../node_modules/react-redux/es/components/Provider.js?:16:3) @ webpack:///../node_modules/@sentry/browser/node_modules/@sentry/utils/esm/instrument.js?:139
[    5069ms] [WARNING] Supplying an `onDownArrow` prop to `DraftEditor` has been deprecated. If your handler needs access to the keyboard event, supply a custom `keyBindingFn` prop that falls back to the default one (eg. https://is.gd/wHKQ3W). @ webpack:///../node_modules/@sentry/browser/node_modules/@sentry/utils/esm/instrument.js?:139
[    5069ms] [WARNING] Supplying an `onTab` prop to `DraftEditor` has been deprecated. If your handler needs access to the keyboard event, supply a custom `keyBindingFn` prop that falls back to the default one (eg. https://is.gd/wHKQ3W). @ webpack:///../node_modules/@sentry/browser/node_modules/@sentry/utils/esm/instrument.js?:139
[    5069ms] [WARNING] Supplying an `onUpArrow` prop to `DraftEditor` has been deprecated. If your handler needs access to the keyboard event, supply a custom `keyBindingFn` prop that falls back to the default one (eg. https://is.gd/wHKQ3W). @ webpack:///../node_modules/@sentry/browser/node_modules/@sentry/utils/esm/instrument.js?:139
[    5072ms] [WARNING] Warning: componentWillReceiveProps has been renamed, and is not recommended for use. See https://reactjs.org/link/unsafe-component-lifecycles for details.

* Move data fetching code or side effects to componentDidUpdate.
* If you're updating state whenever props change, refactor your code to use memoization techniques or move it to static getDerivedStateFromProps. Learn more at: https://reactjs.org/link/derived-state
* Rename componentWillReceiveProps to UNSAFE_componentWillReceiveProps to suppress this warning in non-strict mode. In React 18.x, only the UNSAFE_ name will work. To rename all deprecated lifecycles to their new names, you can run `npx react-codemod rename-unsafe-lifecycles` in your project source folder.

Please update the following components: %s BlockPageTags, Toolbar @ webpack:///../node_modules/@sentry/browser/node_modules/@sentry/utils/esm/instrument.js?:139
[    5074ms] [ERROR] The pseudo class ":first-child" is potentially unsafe when doing server-side rendering. Try changing it to ":first-of-type". @ webpack:///../node_modules/@sentry/browser/node_modules/@sentry/utils/esm/instrument.js?:139
[    5111ms] [WARNING] Warning: componentWillMount has been renamed, and is not recommended for use. See https://reactjs.org/link/unsafe-component-lifecycles for details.

* Move code with side effects to componentDidMount, and set initial state in the constructor.
* Rename componentWillMount to UNSAFE_componentWillMount to suppress this warning in non-strict mode. In React 18.x, only the UNSAFE_ name will work. To rename all deprecated lifecycles to their new names, you can run `npx react-codemod rename-unsafe-lifecycles` in your project source folder.

Please update the following components: %s Block_ @ webpack:///../node_modules/@sentry/browser/node_modules/@sentry/utils/esm/instrument.js?:139
[    5111ms] [WARNING] Warning: componentWillReceiveProps has been renamed, and is not recommended for use. See https://reactjs.org/link/unsafe-component-lifecycles for details.

* Move data fetching code or side effects to componentDidUpdate.
* If you're updating state whenever props change, refactor your code to use memoization techniques or move it to static getDerivedStateFromProps. Learn more at: https://reactjs.org/link/derived-state
* Rename componentWillReceiveProps to UNSAFE_componentWillReceiveProps to suppress this warning in non-strict mode. In React 18.x, only the UNSAFE_ name will work. To rename all deprecated lifecycles to their new names, you can run `npx react-codemod rename-unsafe-lifecycles` in your project source folder.

Please update the following components: %s Block_ @ webpack:///../node_modules/@sentry/browser/node_modules/@sentry/utils/esm/instrument.js?:139
[    5132ms] [ERROR] Failed to load resource: the server responded with a status of 400 (Bad Request) @ http://openlearning.test/json/aiassistantsession/lookup/getAiAssistantCredits/?courseId=62e351d662316835f43a881e:0
[    5132ms] [ERROR] Warning: ReactDOM.render is no longer supported in React 18. Use createRoot instead. Until you switch to the new API, your app will behave as if it's running React 17. Learn more: https://reactjs.org/link/switch-to-createroot @ webpack:///../node_modules/@sentry/browser/node_modules/@sentry/utils/esm/instrument.js?:139
[    5151ms] [ERROR] Failed to load resource: the server responded with a status of 404 (Not Found) @ http://openlearning.test/json/aiassistanttemplate/lookup/getAiAssistantTemplates/?courseId=62e351d662316835f43a881e:0
[    5152ms] [ERROR] Failed to load resource: the server responded with a status of 400 (Bad Request) @ http://openlearning.test/json/aiassistantsession/lookup/getAiAssistantCredits/?courseId=62e351d662316835f43a881e:0
[    5180ms] [ERROR] Failed to load resource: the server responded with a status of 400 (Bad Request) @ http://openlearning.test/json/aiassistantsession/lookup/getAiAssistantCredits/?courseId=62e351d662316835f43a881e:0
[    5181ms] [ERROR] Failed to load resource: the server responded with a status of 404 (Not Found) @ http://openlearning.test/json/aiassistanttemplate/lookup/getAiAssistantTemplates/?courseId=62e351d662316835f43a881e:0
[    5187ms] [ERROR] Failed to load resource: the server responded with a status of 404 (Not Found) @ http://openlearning.test/json/aiassistanttemplate/lookup/getAiAssistantTemplates/?courseId=62e351d662316835f43a881e:0
[    7472ms] [WARNING] Warning: componentWillMount has been renamed, and is not recommended for use. See https://reactjs.org/link/unsafe-component-lifecycles for details.

* Move code with side effects to componentDidMount, and set initial state in the constructor.
* Rename componentWillMount to UNSAFE_componentWillMount to suppress this warning in non-strict mode. In React 18.x, only the UNSAFE_ name will work. To rename all deprecated lifecycles to their new names, you can run `npx react-codemod rename-unsafe-lifecycles` in your project source folder.

Please update the following components: %s RichTextWidget_ @ webpack:///../node_modules/@sentry/browser/node_modules/@sentry/utils/esm/instrument.js?:139
[    8479ms] [INFO] [FrontChat][Front] SDK Version: 9.74.5 @ webpack:///../node_modules/@sentry/browser/node_modules/@sentry/utils/esm/instrument.js?:139
[   12476ms] [INFO] [FrontChat][Front] FrontChat Version: 9.74.5 @ https://chat-assets.frontapp.com/v1/app.bundle.js?v=25694ea0:1
[   12651ms] [WARNING] The resource https://fonts.googleapis.com/css2?family=Open+Sans:wght@400;500;600 was preloaded using link preload but not used within a few seconds from the window's load event. Please make sure it has an appropriate `as` value and it is preloaded intentionally. @ http://openlearning.test/institutiontestpath/courses/second-course/homepage/?cl=1:0
[   23488ms] [ERROR] WebSocket connection to 'ws://localhost:9000/socketcluster/' failed: Error in connection establishment: net::ERR_CONNECTION_REFUSED @ webpack:///../node_modules/socketcluster-client/lib/sctransport.js?:9
[   23490ms] [ERROR] SocketProtocolError @ webpack:///../node_modules/@sentry/browser/node_modules/@sentry/utils/esm/instrument.js?:139
[   23490ms] [ERROR] SocketProtocolError @ webpack:///../node_modules/@sentry/browser/node_modules/@sentry/utils/esm/instrument.js?:139
[   59494ms] [ERROR] WebSocket connection to 'ws://localhost:9000/socketcluster/' failed: Error in connection establishment: net::ERR_CONNECTION_REFUSED @ webpack:///../node_modules/socketcluster-client/lib/sctransport.js?:9
[   59509ms] [ERROR] SocketProtocolError @ webpack:///../node_modules/@sentry/browser/node_modules/@sentry/utils/esm/instrument.js?:139
[   59510ms] [ERROR] SocketProtocolError @ webpack:///../node_modules/@sentry/browser/node_modules/@sentry/utils/esm/instrument.js?:139
[  108969ms] [ERROR] WebSocket connection to 'ws://localhost:9000/socketcluster/' failed: Error in connection establishment: net::ERR_CONNECTION_REFUSED @ webpack:///../node_modules/socketcluster-client/lib/sctransport.js?:9
[  108984ms] [ERROR] SocketProtocolError @ webpack:///../node_modules/@sentry/browser/node_modules/@sentry/utils/esm/instrument.js?:139
[  108985ms] [ERROR] SocketProtocolError @ webpack:///../node_modules/@sentry/browser/node_modules/@sentry/utils/esm/instrument.js?:139
[  168977ms] [ERROR] WebSocket connection to 'ws://localhost:9000/socketcluster/' failed: Error in connection establishment: net::ERR_CONNECTION_REFUSED @ webpack:///../node_modules/socketcluster-client/lib/sctransport.js?:9
[  168981ms] [ERROR] SocketProtocolError @ webpack:///../node_modules/@sentry/browser/node_modules/@sentry/utils/esm/instrument.js?:139
[  168981ms] [ERROR] SocketProtocolError @ webpack:///../node_modules/@sentry/browser/node_modules/@sentry/utils/esm/instrument.js?:139
[  228980ms] [ERROR] WebSocket connection to 'ws://localhost:9000/socketcluster/' failed: Error in connection establishment: net::ERR_CONNECTION_REFUSED @ webpack:///../node_modules/socketcluster-client/lib/sctransport.js?:9
[  228988ms] [ERROR] SocketProtocolError @ webpack:///../node_modules/@sentry/browser/node_modules/@sentry/utils/esm/instrument.js?:139
[  228990ms] [ERROR] SocketProtocolError @ webpack:///../node_modules/@sentry/browser/node_modules/@sentry/utils/esm/instrument.js?:139
[  241999ms] [ERROR] Failed to load resource: the server responded with a status of 401 () @ https://course-uploads-qa.openlearning.com/set-access-token:0
[  242027ms] AxiosError
[  288985ms] [ERROR] WebSocket connection to 'ws://localhost:9000/socketcluster/' failed: Error in connection establishment: net::ERR_CONNECTION_REFUSED @ webpack:///../node_modules/socketcluster-client/lib/sctransport.js?:9
[  288992ms] [ERROR] SocketProtocolError @ webpack:///../node_modules/@sentry/browser/node_modules/@sentry/utils/esm/instrument.js?:139
[  289001ms] [ERROR] SocketProtocolError @ webpack:///../node_modules/@sentry/browser/node_modules/@sentry/utils/esm/instrument.js?:139
[  348988ms] [ERROR] WebSocket connection to 'ws://localhost:9000/socketcluster/' failed: Error in connection establishment: net::ERR_CONNECTION_REFUSED @ webpack:///../node_modules/socketcluster-client/lib/sctransport.js?:9
[  348989ms] [ERROR] SocketProtocolError @ webpack:///../node_modules/@sentry/browser/node_modules/@sentry/utils/esm/instrument.js?:139
[  348990ms] [ERROR] SocketProtocolError @ webpack:///../node_modules/@sentry/browser/node_modules/@sentry/utils/esm/instrument.js?:139
[  408992ms] [ERROR] WebSocket connection to 'ws://localhost:9000/socketcluster/' failed: Error in connection establishment: net::ERR_CONNECTION_REFUSED @ webpack:///../node_modules/socketcluster-client/lib/sctransport.js?:9
[  408997ms] [ERROR] SocketProtocolError @ webpack:///../node_modules/@sentry/browser/node_modules/@sentry/utils/esm/instrument.js?:139
[  408997ms] [ERROR] SocketProtocolError @ webpack:///../node_modules/@sentry/browser/node_modules/@sentry/utils/esm/instrument.js?:139
[  469005ms] [ERROR] WebSocket connection to 'ws://localhost:9000/socketcluster/' failed: Error in connection establishment: net::ERR_CONNECTION_REFUSED @ webpack:///../node_modules/socketcluster-client/lib/sctransport.js?:9
[  469012ms] [ERROR] SocketProtocolError @ webpack:///../node_modules/@sentry/browser/node_modules/@sentry/utils/esm/instrument.js?:139
[  469014ms] [ERROR] SocketProtocolError @ webpack:///../node_modules/@sentry/browser/node_modules/@sentry/utils/esm/instrument.js?:139
[  481648ms] [ERROR] Failed to load resource: the server responded with a status of 401 () @ https://course-uploads-qa.openlearning.com/set-access-token:0
[  481690ms] AxiosError
[  529014ms] [ERROR] WebSocket connection to 'ws://localhost:9000/socketcluster/' failed: Error in connection establishment: net::ERR_CONNECTION_REFUSED @ webpack:///../node_modules/socketcluster-client/lib/sctransport.js?:9
[  529041ms] [ERROR] SocketProtocolError @ webpack:///../node_modules/@sentry/browser/node_modules/@sentry/utils/esm/instrument.js?:139
[  529043ms] [ERROR] SocketProtocolError @ webpack:///../node_modules/@sentry/browser/node_modules/@sentry/utils/esm/instrument.js?:139
[  589023ms] [ERROR] WebSocket connection to 'ws://localhost:9000/socketcluster/' failed: Error in connection establishment: net::ERR_CONNECTION_REFUSED @ webpack:///../node_modules/socketcluster-client/lib/sctransport.js?:9
[  589027ms] [ERROR] SocketProtocolError @ webpack:///../node_modules/@sentry/browser/node_modules/@sentry/utils/esm/instrument.js?:139
[  589028ms] [ERROR] SocketProtocolError @ webpack:///../node_modules/@sentry/browser/node_modules/@sentry/utils/esm/instrument.js?:139
[  649040ms] [ERROR] WebSocket connection to 'ws://localhost:9000/socketcluster/' failed: Error in connection establishment: net::ERR_CONNECTION_REFUSED @ webpack:///../node_modules/socketcluster-client/lib/sctransport.js?:9
[  649054ms] [ERROR] SocketProtocolError @ webpack:///../node_modules/@sentry/browser/node_modules/@sentry/utils/esm/instrument.js?:139
[  649054ms] [ERROR] SocketProtocolError @ webpack:///../node_modules/@sentry/browser/node_modules/@sentry/utils/esm/instrument.js?:139
