[     575ms] TypeError: Cannot read properties of undefined (reading 'push')
    at self.webpackHotUpdate (http://openlearning.test/media/chunks/entry/runtime.js:955:46)
    at http://openlearning.test/media/chunks/runtime.74cef2dd3ae5ab87.hot-update.js:10:25
[     644ms] [WARNING] [Deprecation Notice]: Use of dataLoader (and loading data from the DOM) is deprecated. @ webpack:///../node_modules/@sentry/browser/node_modules/@sentry/utils/esm/instrument.js?:139
[     815ms] [INFO] %cDownload the React DevTools for a better development experience: https://reactjs.org/link/react-devtools font-weight:bold @ webpack:///../node_modules/@sentry/browser/node_modules/@sentry/utils/esm/instrument.js?:139
[     840ms] [LOG] i18next: languageChanged en @ webpack:///../node_modules/@sentry/browser/node_modules/@sentry/utils/esm/instrument.js?:139
[     840ms] [LOG] i18next: initialized {debug: true, initImmediate: true, ns: Array(1), defaultNS: common, fallbackLng: Array(1)} @ webpack:///../node_modules/@sentry/browser/node_modules/@sentry/utils/esm/instrument.js?:139
[     849ms] [WARNING] [Deprecation Notice]: Use of dataMultiLoader (and loading data from the DOM) is deprecated. @ webpack:///../node_modules/@sentry/browser/node_modules/@sentry/utils/esm/instrument.js?:139
[     860ms] [ERROR] Warning: ReactDOM.render is no longer supported in React 18. Use createRoot instead. Until you switch to the new API, your app will behave as if it's running React 17. Learn more: https://reactjs.org/link/switch-to-createroot @ webpack:///../node_modules/@sentry/browser/node_modules/@sentry/utils/esm/instrument.js?:139
[     868ms] [ERROR] The pseudo class ":first-child" is potentially unsafe when doing server-side rendering. Try changing it to ":first-of-type". @ webpack:///../node_modules/@sentry/browser/node_modules/@sentry/utils/esm/instrument.js?:139
[    1646ms] [LOG] [HMR] connected @ webpack:///../node_modules/@sentry/browser/node_modules/@sentry/utils/esm/instrument.js?:139
[    2440ms] [WARNING] The keyword 'slider-vertical' specified to an 'appearance' property is not standardized. It will be removed in the future. Use <input type=range style="writing-mode: vertical-lr; direction: rtl"> instead. @ webpack:///../node_modules/@openlearningnet/openlearningui/dist/main/index.js?:43
[    2441ms] [WARNING] The keyword 'slider-vertical' specified to an 'appearance' property is not standardized. It will be removed in the future. Use <input type=range style="writing-mode: vertical-lr; direction: rtl"> instead. @ webpack:///../node_modules/@openlearningnet/openlearningui/dist/main/index.js?:43
[    2526ms] [ERROR] Warning: ReactDOM.render is no longer supported in React 18. Use createRoot instead. Until you switch to the new API, your app will behave as if it's running React 17. Learn more: https://reactjs.org/link/switch-to-createroot @ webpack:///../node_modules/@sentry/browser/node_modules/@sentry/utils/esm/instrument.js?:139
[    2530ms] [ERROR] Warning: Failed %s type: %s%s prop The prop `loginSettings` is marked as required in `LoginModal`, but its value is `null`. 
    at LoginModal (webpack:///./web/containers/LoginModal/LoginModal.jsx?:50:5)
    at ConnectFunction (webpack:///../node_modules/react-redux/es/components/connect.js?:240:114)
    at _TopBar (webpack:///./web/containers/TopBar/component.tsx?:95:5)
    at I18nextWithTranslation (webpack:///../node_modules/react-i18next/dist/es/withTranslation.js?:27:31)
    at RudyProvider (webpack:///../node_modules/@respond-framework/react/es/provider.js?:14:18)
    at Provider (webpack:///../node_modules/react-redux/es/components/Provider.js?:16:3) @ webpack:///../node_modules/@sentry/browser/node_modules/@sentry/utils/esm/instrument.js?:139
[    2537ms] [ERROR] Failed to load resource: the server responded with a status of 401 () @ https://course-uploads-qa.openlearning.com/set-access-token:0
[    2714ms] AxiosError
[    2641ms] [ERROR] The pseudo class ":first-child" is potentially unsafe when doing server-side rendering. Try changing it to ":first-of-type". @ webpack:///../node_modules/@sentry/browser/node_modules/@sentry/utils/esm/instrument.js?:139
[    2655ms] [ERROR] Using kebab-case for css properties in objects is not supported. Did you mean WebkitOverflowScrolling? @ webpack:///../node_modules/@sentry/browser/node_modules/@sentry/utils/esm/instrument.js?:139
[    2657ms] [ERROR] Warning: Failed %s type: %s%s prop The prop `showAccessSuspended` is marked as required in `_CourseNavigationMenu`, but its value is `undefined`. 
    at _CourseNavigationMenu (webpack:///./web/components/Navigation/CourseNavigationMenu/index.jsx?:105:5)
    at ConnectFunction (webpack:///../node_modules/react-redux/es/components/connect.js?:240:114)
    at div
    at eval (webpack:///../node_modules/@emotion/react/dist/emotion-element-cbed451f.browser.esm.js?:57:66)
    at div
    at eval (webpack:///../node_modules/@emotion/react/dist/emotion-element-cbed451f.browser.esm.js?:57:66)
    at div
    at eval (webpack:///../node_modules/@emotion/react/dist/emotion-element-cbed451f.browser.esm.js?:57:66)
    at TopBarDropdown (webpack:///./web/containers/TopBar/TopBarDropdown/component.tsx?:38:28)
    at div
    at eval (webpack:///../node_modules/@emotion/react/dist/emotion-element-cbed451f.browser.esm.js?:57:66)
    at MenuItemMobileNav (webpack:///./web/containers/TopBar/MenuItemMobileNav/component.tsx?:46:30)
    at div
    at eval (webpack:///../node_modules/@emotion/react/dist/emotion-element-cbed451f.browser.esm.js?:57:66)
    at div
    at eval (webpack:///../node_modules/@emotion/react/dist/emotion-element-cbed451f.browser.esm.js?:57:66)
    at t.QueryClientProvider (webpack:///../node_modules/@tanstack/react-query/build/umd/index.production.js?:21:40044)
    at div
    at eval (webpack:///../node_modules/@emotion/react/dist/emotion-element-cbed451f.browser.esm.js?:57:66)
    at div
    at eval (webpack:///../node_modules/@emotion/react/dist/emotion-element-cbed451f.browser.esm.js?:57:66)
    at _TopBar (webpack:///./web/containers/TopBar/component.tsx?:95:5)
    at I18nextWithTranslation (webpack:///../node_modules/react-i18next/dist/es/withTranslation.js?:27:31)
    at RudyProvider (webpack:///../node_modules/@respond-framework/react/es/provider.js?:14:18)
    at Provider (webpack:///../node_modules/react-redux/es/components/Provider.js?:16:3) @ webpack:///../node_modules/@sentry/browser/node_modules/@sentry/utils/esm/instrument.js?:139
[    2657ms] [ERROR] Warning: Failed %s type: %s%s prop Invalid prop `children` of type `array` supplied to `Sticky`, expected a single ReactElement. 
    at Sticky (webpack:///../node_modules/react-stickynode/dist/es/Sticky.js?:45:5)
    at _CourseNavigationMenu (webpack:///./web/components/Navigation/CourseNavigationMenu/index.jsx?:105:5)
    at ConnectFunction (webpack:///../node_modules/react-redux/es/components/connect.js?:240:114)
    at div
    at eval (webpack:///../node_modules/@emotion/react/dist/emotion-element-cbed451f.browser.esm.js?:57:66)
    at div
    at eval (webpack:///../node_modules/@emotion/react/dist/emotion-element-cbed451f.browser.esm.js?:57:66)
    at div
    at eval (webpack:///../node_modules/@emotion/react/dist/emotion-element-cbed451f.browser.esm.js?:57:66)
    at TopBarDropdown (webpack:///./web/containers/TopBar/TopBarDropdown/component.tsx?:38:28)
    at div
    at eval (webpack:///../node_modules/@emotion/react/dist/emotion-element-cbed451f.browser.esm.js?:57:66)
    at MenuItemMobileNav (webpack:///./web/containers/TopBar/MenuItemMobileNav/component.tsx?:46:30)
    at div
    at eval (webpack:///../node_modules/@emotion/react/dist/emotion-element-cbed451f.browser.esm.js?:57:66)
    at div
    at eval (webpack:///../node_modules/@emotion/react/dist/emotion-element-cbed451f.browser.esm.js?:57:66)
    at t.QueryClientProvider (webpack:///../node_modules/@tanstack/react-query/build/umd/index.production.js?:21:40044)
    at div
    at eval (webpack:///../node_modules/@emotion/react/dist/emotion-element-cbed451f.browser.esm.js?:57:66)
    at div
    at eval (webpack:///../node_modules/@emotion/react/dist/emotion-element-cbed451f.browser.esm.js?:57:66)
    at _TopBar (webpack:///./web/containers/TopBar/component.tsx?:95:5)
    at I18nextWithTranslation (webpack:///../node_modules/react-i18next/dist/es/withTranslation.js?:27:31)
    at RudyProvider (webpack:///../node_modules/@respond-framework/react/es/provider.js?:14:18)
    at Provider (webpack:///../node_modules/react-redux/es/components/Provider.js?:16:3) @ webpack:///../node_modules/@sentry/browser/node_modules/@sentry/utils/esm/instrument.js?:139
[    2659ms] [ERROR] Warning: Functions are not valid as a React child. This may happen if you return a Component instead of <Component /> from render. Or maybe you meant to call this function rather than return it.%s 
    at Suspense
    at WrappedComponent
    at ErrorBoundary (webpack:///./web/components/Loadable/index.tsx?:40:7)
    at div
    at div
    at div
    at Sticky (webpack:///../node_modules/react-stickynode/dist/es/Sticky.js?:45:5)
    at _CourseNavigationMenu (webpack:///./web/components/Navigation/CourseNavigationMenu/index.jsx?:105:5)
    at ConnectFunction (webpack:///../node_modules/react-redux/es/components/connect.js?:240:114)
    at div
    at eval (webpack:///../node_modules/@emotion/react/dist/emotion-element-cbed451f.browser.esm.js?:57:66)
    at div
    at eval (webpack:///../node_modules/@emotion/react/dist/emotion-element-cbed451f.browser.esm.js?:57:66)
    at div
    at eval (webpack:///../node_modules/@emotion/react/dist/emotion-element-cbed451f.browser.esm.js?:57:66)
    at TopBarDropdown (webpack:///./web/containers/TopBar/TopBarDropdown/component.tsx?:38:28)
    at div
    at eval (webpack:///../node_modules/@emotion/react/dist/emotion-element-cbed451f.browser.esm.js?:57:66)
    at MenuItemMobileNav (webpack:///./web/containers/TopBar/MenuItemMobileNav/component.tsx?:46:30)
    at div
    at eval (webpack:///../node_modules/@emotion/react/dist/emotion-element-cbed451f.browser.esm.js?:57:66)
    at div
    at eval (webpack:///../node_modules/@emotion/react/dist/emotion-element-cbed451f.browser.esm.js?:57:66)
    at t.QueryClientProvider (webpack:///../node_modules/@tanstack/react-query/build/umd/index.production.js?:21:40044)
    at div
    at eval (webpack:///../node_modules/@emotion/react/dist/emotion-element-cbed451f.browser.esm.js?:57:66)
    at div
    at eval (webpack:///../node_modules/@emotion/react/dist/emotion-element-cbed451f.browser.esm.js?:57:66)
    at _TopBar (webpack:///./web/containers/TopBar/component.tsx?:95:5)
    at I18nextWithTranslation (webpack:///../node_modules/react-i18next/dist/es/withTranslation.js?:27:31)
    at RudyProvider (webpack:///../node_modules/@respond-framework/react/es/provider.js?:14:18)
    at Provider (webpack:///../node_modules/react-redux/es/components/Provider.js?:16:3) @ webpack:///../node_modules/@sentry/browser/node_modules/@sentry/utils/esm/instrument.js?:139
[    2678ms] [ERROR] Warning: Received `%s` for a non-boolean attribute `%s`.

If you want to write it to the DOM, pass a string instead: %s="%s" or %s={value.toString()}.

If you used to conditionally omit it with %s={condition && value}, pass %s={condition ? value : undefined} instead.%s false highlight highlight false highlight highlight highlight 
    at a
    at LinkInner (webpack:///../node_modules/@respond-framework/react/es/link.js?:32:18)
    at ConnectFunction (webpack:///../node_modules/react-redux/es/components/connect.js?:240:114)
    at Link
    at LinkInnerInner (webpack:///./web/containers/Link/component.jsx?:52:5)
    at LinkInner
    at ConnectFunction (webpack:///../node_modules/react-redux/es/components/connect.js?:240:114)
    at RouteLink (webpack:///./web/components/RouteLink/component.tsx?:18:63)
    at eval (webpack:///../node_modules/@emotion/react/dist/emotion-element-cbed451f.browser.esm.js?:57:66)
    at li
    at ul
    at eval (webpack:///../node_modules/@emotion/react/dist/emotion-element-cbed451f.browser.esm.js?:57:66)
    at li
    at ul
    at eval (webpack:///../node_modules/@emotion/react/dist/emotion-element-cbed451f.browser.esm.js?:57:66)
    at div
    at eval (webpack:///../node_modules/@emotion/react/dist/emotion-element-cbed451f.browser.esm.js?:57:66)
    at TopBarUserMenu (webpack:///./web/containers/TopBar/TopBarUserMenu/component.tsx?:84:68)
    at div
    at eval (webpack:///../node_modules/@emotion/react/dist/emotion-element-cbed451f.browser.esm.js?:57:66)
    at div
    at eval (webpack:///../node_modules/@emotion/react/dist/emotion-element-cbed451f.browser.esm.js?:57:66)
    at TopBarDropdown (webpack:///./web/containers/TopBar/TopBarDropdown/component.tsx?:38:28)
    at div
    at eval (webpack:///../node_modules/@emotion/react/dist/emotion-element-cbed451f.browser.esm.js?:57:66)
    at TopBarItem (webpack:///./web/containers/TopBar/TopBarItem/component.tsx?:22:19)
    at MenuItemUser (webpack:///./web/containers/TopBar/MenuItemUser/component.tsx?:34:19)
    at div
    at eval (webpack:///../node_modules/@emotion/react/dist/emotion-element-cbed451f.browser.esm.js?:57:66)
    at div
    at eval (webpack:///../node_modules/@emotion/react/dist/emotion-element-cbed451f.browser.esm.js?:57:66)
    at t.QueryClientProvider (webpack:///../node_modules/@tanstack/react-query/build/umd/index.production.js?:21:40044)
    at div
    at eval (webpack:///../node_modules/@emotion/react/dist/emotion-element-cbed451f.browser.esm.js?:57:66)
    at div
    at eval (webpack:///../node_modules/@emotion/react/dist/emotion-element-cbed451f.browser.esm.js?:57:66)
    at _TopBar (webpack:///./web/containers/TopBar/component.tsx?:95:5)
    at I18nextWithTranslation (webpack:///../node_modules/react-i18next/dist/es/withTranslation.js?:27:31)
    at RudyProvider (webpack:///../node_modules/@respond-framework/react/es/provider.js?:14:18)
    at Provider (webpack:///../node_modules/react-redux/es/components/Provider.js?:16:3) @ webpack:///../node_modules/@sentry/browser/node_modules/@sentry/utils/esm/instrument.js?:139
[    2923ms] [ERROR] Failed to load resource: net::ERR_CONNECTION_REFUSED @ http://localhost:7071/notifications/user/622957fd10b0fe1d3e63425b?page=1&page_size=10:0
[    9253ms] [WARNING] The resource https://fonts.googleapis.com/css2?family=Open+Sans:wght@400;500;600 was preloaded using link preload but not used within a few seconds from the window's load event. Please make sure it has an appropriate `as` value and it is preloaded intentionally. @ http://openlearning.test/institutiontestpath/courses/second-course/homepage/?cl=1:0
[   62448ms] [ERROR] Failed to load resource: the server responded with a status of 504 (Gateway Time-out) @ http://openlearning.test/media/uploads/course__institutiontestpath_courses_secondcourse__course-banner-1659064790.jpg:0
[   62499ms] [ERROR] Failed to load resource: the server responded with a status of 504 (Gateway Time-out) @ http://openlearning.test/media/chunks/entry/initializeReduxFromDom.js:0
[   62518ms] [ERROR] Warning: ReactDOM.render is no longer supported in React 18. Use createRoot instead. Until you switch to the new API, your app will behave as if it's running React 17. Learn more: https://reactjs.org/link/switch-to-createroot @ webpack:///../node_modules/@sentry/browser/node_modules/@sentry/utils/esm/instrument.js?:139
[   62521ms] [WARNING] Warning: componentWillReceiveProps has been renamed, and is not recommended for use. See https://reactjs.org/link/unsafe-component-lifecycles for details.

* Move data fetching code or side effects to componentDidUpdate.
* If you're updating state whenever props change, refactor your code to use memoization techniques or move it to static getDerivedStateFromProps. Learn more at: https://reactjs.org/link/derived-state
* Rename componentWillReceiveProps to UNSAFE_componentWillReceiveProps to suppress this warning in non-strict mode. In React 18.x, only the UNSAFE_ name will work. To rename all deprecated lifecycles to their new names, you can run `npx react-codemod rename-unsafe-lifecycles` in your project source folder.

Please update the following components: %s ASICInformationCapture @ webpack:///../node_modules/@sentry/browser/node_modules/@sentry/utils/esm/instrument.js?:139
[   62523ms] [ERROR] Warning: ReactDOM.render is no longer supported in React 18. Use createRoot instead. Until you switch to the new API, your app will behave as if it's running React 17. Learn more: https://reactjs.org/link/switch-to-createroot @ webpack:///../node_modules/@sentry/browser/node_modules/@sentry/utils/esm/instrument.js?:139
[   62530ms] [ERROR] Warning: ReactDOM.render is no longer supported in React 18. Use createRoot instead. Until you switch to the new API, your app will behave as if it's running React 17. Learn more: https://reactjs.org/link/switch-to-createroot @ webpack:///../node_modules/@sentry/browser/node_modules/@sentry/utils/esm/instrument.js?:139
[   62687ms] [ERROR] Failed to load resource: the server responded with a status of 504 (Gateway Time-out) @ http://openlearning.test/media/chunks/entry/web_Portal_PortalFooter_PortalFooter_jsx.js:0
[   62718ms] TypeError: Cannot set properties of undefined (setting './web/tailwind.css')
    at self.webpackHotUpdate (http://openlearning.test/media/chunks/entry/runtime.js:951:39)
    at http://openlearning.test/media/chunks/basePageLoader.74cef2dd3ae5ab87.hot-update.js:10:25
[   62735ms] [ERROR] WebSocket connection to 'ws://localhost:9000/socketcluster/' failed: Error in connection establishment: net::ERR_CONNECTION_REFUSED @ webpack:///../node_modules/socketcluster-client/lib/sctransport.js?:9
[   62738ms] [ERROR] SocketProtocolError @ webpack:///../node_modules/@sentry/browser/node_modules/@sentry/utils/esm/instrument.js?:139
[   62970ms] [ERROR] Failed to load resource: the server responded with a status of 504 (Gateway Time-out) @ http://openlearning.test/media/chunks/entry/web_chat_src_userMessaging_js.js:0
[   63009ms] ChunkLoadError: Loading chunk web_chat_src_userMessaging_js failed.
(error: http://openlearning.test/media/chunks/entry/web_chat_src_userMessaging_js.js)
    at __webpack_require__.f.j (http://openlearning.test/media/chunks/entry/runtime.js:896:29)
    at http://openlearning.test/media/chunks/entry/runtime.js:134:40
    at Array.reduce (<anonymous>)
    at __webpack_require__.e (http://openlearning.test/media/chunks/entry/runtime.js:133:67)
    at fn.e (http://openlearning.test/media/chunks/entry/runtime.js:367:50)
    at eval (webpack:///./web/client-data/site-data.jsx?:142:991)
    at eval (webpack:///../node_modules/redux-thunk/es/index.js?:20:18)
    at eval (webpack:///./ReduxStorage/institutionPrefixMiddleware.jsx?:99:18)
    at dispatch (webpack:///../node_modules/redux/es/redux.js?:702:28)
    at eval (webpack:///./web/metrics/metrics.jsx?:45:9)
    at eval (webpack:///../node_modules/redux-thunk/es/index.js?:20:18)
    at eval (webpack:///./ReduxStorage/institutionPrefixMiddleware.jsx?:99:18)
    at dispatch (webpack:///../node_modules/redux/es/redux.js?:702:28)
    at eval (webpack:///./ReduxStorage/Metrics/webPageDispatchers.jsx?:45:5)
    at eval (webpack:///../node_modules/redux-thunk/es/index.js?:20:18)
    at eval (webpack:///./ReduxStorage/institutionPrefixMiddleware.jsx?:99:18)
    at dispatch (webpack:///../node_modules/redux/es/redux.js?:702:28)
    at eval (webpack:///./ReduxStorage/Metrics/webPageDispatchers.jsx?:72:5)
    at eval (webpack:///../node_modules/redux-thunk/es/index.js?:20:18)
    at Object.eval [as dispatch] (webpack:///./ReduxStorage/institutionPrefixMiddleware.jsx?:99:18)
    at createStoreBrowser (webpack:///./ReduxStorage/createStoreBrowser.jsx?:169:9)
    at eval (webpack:///./ReduxStorage/Store.jsx?:29:98)
    at ./ReduxStorage/Store.jsx (http://openlearning.test/media/chunks/entry/ReduxStorage_Store_jsx.js:1866:1)
    at options.factory (http://openlearning.test/media/chunks/entry/runtime.js:688:31)
    at __webpack_require__ (http://openlearning.test/media/chunks/entry/runtime.js:36:33)
    at fn (http://openlearning.test/media/chunks/entry/runtime.js:347:21)
    at eval (webpack:///./web/components/mountable.jsx?:11:77)
    at ./web/components/mountable.jsx (http://openlearning.test/media/chunks/entry/courseTheme.js:88:1)
    at options.factory (http://openlearning.test/media/chunks/entry/runtime.js:688:31)
    at __webpack_require__ (http://openlearning.test/media/chunks/entry/runtime.js:36:33)
    at fn (http://openlearning.test/media/chunks/entry/runtime.js:347:21)
    at eval (webpack:///./web/containers/CourseTheme/loader.jsx?:2:79)
    at ./web/containers/CourseTheme/loader.jsx (http://openlearning.test/media/chunks/entry/courseTheme.js:128:1)
    at options.factory (http://openlearning.test/media/chunks/entry/runtime.js:688:31)
    at __webpack_require__ (http://openlearning.test/media/chunks/entry/runtime.js:36:33)
    at __webpack_exec__ (http://openlearning.test/media/chunks/entry/courseTheme.js:154:48)
    at http://openlearning.test/media/chunks/entry/courseTheme.js:155:1854
    at __webpack_require__.O (http://openlearning.test/media/chunks/entry/runtime.js:95:23)
    at http://openlearning.test/media/chunks/entry/courseTheme.js:156:56
    at webpackJsonpCallback (http://openlearning.test/media/chunks/entry/runtime.js:1425:39)
    at http://openlearning.test/media/chunks/entry/courseTheme.js:10:53
[   63014ms] [ERROR] Failed to load resource: the server responded with a status of 404 (Not Found) @ http://openlearning.test/json/institutionaddon/lookup/getInstitutionAddon/?institution=institutiontestpath&addOnType=verifiedOrchestration:0
[   63776ms] [INFO] [FrontChat][Front] SDK Version: 9.74.5 @ webpack:///../node_modules/@sentry/browser/node_modules/@sentry/utils/esm/instrument.js?:139
[   63936ms] [WARNING] You are loading @emotion/react when it is already loaded. Running multiple instances may cause problems. This can happen if multiple versions are used, or if multiple builds of the same version are used. @ webpack:///../node_modules/@sentry/browser/node_modules/@sentry/utils/esm/instrument.js?:139
[   64030ms] [WARNING] Warning: React.createFactory() is deprecated and will be removed in a future major release. Consider using JSX or use React.createElement() directly instead. @ webpack:///../node_modules/@sentry/browser/node_modules/@sentry/utils/esm/instrument.js?:139
[   64362ms] [ERROR] Warning: Failed %s type: %s%s prop The prop `isCourseFrameRevampEnabled` is marked as required in `ModuleDisplayElement_`, but its value is `undefined`. 
    at ModuleDisplayElement_ (webpack:///./web/containers/ModuleDisplay/ModuleDisplayElement.jsx?:94:5)
    at ConnectFunction (webpack:///../node_modules/react-redux/es/components/connect.js?:240:114)
    at Suspense
    at WrappedComponent
    at ErrorBoundary (webpack:///./web/components/Loadable/index.tsx?:40:7)
    at RudyProvider (webpack:///../node_modules/@respond-framework/react/es/provider.js?:14:18)
    at Provider (webpack:///../node_modules/react-redux/es/components/Provider.js?:16:3) @ webpack:///../node_modules/@sentry/browser/node_modules/@sentry/utils/esm/instrument.js?:139
[   64373ms] [WARNING] Warning: componentWillReceiveProps has been renamed, and is not recommended for use. See https://reactjs.org/link/unsafe-component-lifecycles for details.

* Move data fetching code or side effects to componentDidUpdate.
* If you're updating state whenever props change, refactor your code to use memoization techniques or move it to static getDerivedStateFromProps. Learn more at: https://reactjs.org/link/derived-state
* Rename componentWillReceiveProps to UNSAFE_componentWillReceiveProps to suppress this warning in non-strict mode. In React 18.x, only the UNSAFE_ name will work. To rename all deprecated lifecycles to their new names, you can run `npx react-codemod rename-unsafe-lifecycles` in your project source folder.

Please update the following components: %s UnmountClosed @ webpack:///../node_modules/@sentry/browser/node_modules/@sentry/utils/esm/instrument.js?:139
[   65619ms] [ERROR] Failed to load resource: the server responded with a status of 504 (Gateway Time-out) @ http://openlearning.test/media/chunks/ReduxStorage_CourseNavigationInfo_dispatchers_jsx-web_components_Navigation_CourseNavigationM-56c507.js:0
[   65625ms] ChunkLoadError: Loading chunk ReduxStorage_CourseNavigationInfo_dispatchers_jsx-web_components_Navigation_CourseNavigationM-56c507 failed.
(error: http://openlearning.test/media/chunks/ReduxStorage_CourseNavigationInfo_dispatchers_jsx-web_components_Navigation_CourseNavigationM-56c507.js)
    at __webpack_require__.f.j (http://openlearning.test/media/chunks/entry/runtime.js:896:29)
    at http://openlearning.test/media/chunks/entry/runtime.js:134:40
    at Array.reduce (<anonymous>)
    at __webpack_require__.e (http://openlearning.test/media/chunks/entry/runtime.js:133:67)
    at fn.e (http://openlearning.test/media/chunks/entry/runtime.js:367:50)
    at _c (webpack:///./web/components/Navigation/CourseNavigationMenu/index.jsx?:79:463)
    at lazyInitializer (webpack:///../node_modules/react/cjs/react.development.js?:1358:20)
    at mountLazyComponent (webpack:///../node_modules/react-dom/cjs/react-dom.development.js?:19940:19)
    at beginWork (webpack:///../node_modules/react-dom/cjs/react-dom.development.js?:21589:16)
    at beginWork$1 (webpack:///../node_modules/react-dom/cjs/react-dom.development.js?:27422:14)
    at performUnitOfWork (webpack:///../node_modules/react-dom/cjs/react-dom.development.js?:26553:12)
    at workLoopSync (webpack:///../node_modules/react-dom/cjs/react-dom.development.js?:26462:5)
    at renderRootSync (webpack:///../node_modules/react-dom/cjs/react-dom.development.js?:26430:7)
    at performSyncWorkOnRoot (webpack:///../node_modules/react-dom/cjs/react-dom.development.js?:26081:20)
    at flushSyncCallbacks (webpack:///../node_modules/react-dom/cjs/react-dom.development.js?:12042:22)
    at flushSyncCallbacksOnlyInLegacyMode (webpack:///../node_modules/react-dom/cjs/react-dom.development.js?:12021:5)
    at batchedUpdates$1 (webpack:///../node_modules/react-dom/cjs/react-dom.development.js?:26144:7)
    at Object.notify (webpack:///../node_modules/react-redux/es/utils/Subscription.js?:21:7)
    at Object.notifyNestedSubs (webpack:///../node_modules/react-redux/es/utils/Subscription.js?:93:15)
    at handleChangeWrapper (webpack:///../node_modules/react-redux/es/utils/Subscription.js?:98:20)
    at dispatch (webpack:///../node_modules/redux/es/redux.js?:308:7)
    at eval (webpack:///../node_modules/@respond-framework/rudy/es/core/createRouter.js?:117:52)
    at eval (webpack:///../node_modules/redux-thunk/es/index.js?:24:16)
    at eval (webpack:///./ReduxStorage/institutionPrefixMiddleware.jsx?:99:18)
    at dispatch (webpack:///../node_modules/redux/es/redux.js?:702:28)
    at eval (webpack:///./ReduxStorage/LoggedInUser/dispatchers.jsx?:29:7)
[   65625ms] ChunkLoadError: Loading chunk ReduxStorage_CourseNavigationInfo_dispatchers_jsx-web_components_Navigation_CourseNavigationM-56c507 failed.
(error: http://openlearning.test/media/chunks/ReduxStorage_CourseNavigationInfo_dispatchers_jsx-web_components_Navigation_CourseNavigationM-56c507.js)
    at __webpack_require__.f.j (http://openlearning.test/media/chunks/entry/runtime.js:896:29)
    at http://openlearning.test/media/chunks/entry/runtime.js:134:40
    at Array.reduce (<anonymous>)
    at __webpack_require__.e (http://openlearning.test/media/chunks/entry/runtime.js:133:67)
    at fn.e (http://openlearning.test/media/chunks/entry/runtime.js:367:50)
    at _c (webpack:///./web/components/Navigation/CourseNavigationMenu/index.jsx?:79:463)
    at lazyInitializer (webpack:///../node_modules/react/cjs/react.development.js?:1358:20)
    at mountLazyComponent (webpack:///../node_modules/react-dom/cjs/react-dom.development.js?:19940:19)
    at beginWork (webpack:///../node_modules/react-dom/cjs/react-dom.development.js?:21589:16)
    at beginWork$1 (webpack:///../node_modules/react-dom/cjs/react-dom.development.js?:27422:14)
    at performUnitOfWork (webpack:///../node_modules/react-dom/cjs/react-dom.development.js?:26553:12)
    at workLoopSync (webpack:///../node_modules/react-dom/cjs/react-dom.development.js?:26462:5)
    at renderRootSync (webpack:///../node_modules/react-dom/cjs/react-dom.development.js?:26430:7)
    at performSyncWorkOnRoot (webpack:///../node_modules/react-dom/cjs/react-dom.development.js?:26081:20)
    at flushSyncCallbacks (webpack:///../node_modules/react-dom/cjs/react-dom.development.js?:12042:22)
    at flushSyncCallbacksOnlyInLegacyMode (webpack:///../node_modules/react-dom/cjs/react-dom.development.js?:12021:5)
    at batchedUpdates$1 (webpack:///../node_modules/react-dom/cjs/react-dom.development.js?:26144:7)
    at Object.notify (webpack:///../node_modules/react-redux/es/utils/Subscription.js?:21:7)
    at Object.notifyNestedSubs (webpack:///../node_modules/react-redux/es/utils/Subscription.js?:93:15)
    at handleChangeWrapper (webpack:///../node_modules/react-redux/es/utils/Subscription.js?:98:20)
    at dispatch (webpack:///../node_modules/redux/es/redux.js?:308:7)
    at eval (webpack:///../node_modules/@respond-framework/rudy/es/core/createRouter.js?:117:52)
    at eval (webpack:///../node_modules/redux-thunk/es/index.js?:24:16)
    at eval (webpack:///./ReduxStorage/institutionPrefixMiddleware.jsx?:99:18)
    at dispatch (webpack:///../node_modules/redux/es/redux.js?:702:28)
    at eval (webpack:///./ReduxStorage/LoggedInUser/dispatchers.jsx?:29:7)
[   65626ms] ChunkLoadError: Loading chunk ReduxStorage_CourseNavigationInfo_dispatchers_jsx-web_components_Navigation_CourseNavigationM-56c507 failed.
(error: http://openlearning.test/media/chunks/ReduxStorage_CourseNavigationInfo_dispatchers_jsx-web_components_Navigation_CourseNavigationM-56c507.js)
    at __webpack_require__.f.j (http://openlearning.test/media/chunks/entry/runtime.js:896:29)
    at http://openlearning.test/media/chunks/entry/runtime.js:134:40
    at Array.reduce (<anonymous>)
    at __webpack_require__.e (http://openlearning.test/media/chunks/entry/runtime.js:133:67)
    at fn.e (http://openlearning.test/media/chunks/entry/runtime.js:367:50)
    at _c (webpack:///./web/components/Navigation/CourseNavigationMenu/index.jsx?:79:463)
    at lazyInitializer (webpack:///../node_modules/react/cjs/react.development.js?:1358:20)
    at mountLazyComponent (webpack:///../node_modules/react-dom/cjs/react-dom.development.js?:19940:19)
    at beginWork (webpack:///../node_modules/react-dom/cjs/react-dom.development.js?:21589:16)
    at beginWork$1 (webpack:///../node_modules/react-dom/cjs/react-dom.development.js?:27422:14)
    at performUnitOfWork (webpack:///../node_modules/react-dom/cjs/react-dom.development.js?:26553:12)
    at workLoopSync (webpack:///../node_modules/react-dom/cjs/react-dom.development.js?:26462:5)
    at renderRootSync (webpack:///../node_modules/react-dom/cjs/react-dom.development.js?:26430:7)
    at performSyncWorkOnRoot (webpack:///../node_modules/react-dom/cjs/react-dom.development.js?:26081:20)
    at flushSyncCallbacks (webpack:///../node_modules/react-dom/cjs/react-dom.development.js?:12042:22)
    at flushSyncCallbacksOnlyInLegacyMode (webpack:///../node_modules/react-dom/cjs/react-dom.development.js?:12021:5)
    at batchedUpdates$1 (webpack:///../node_modules/react-dom/cjs/react-dom.development.js?:26144:7)
    at Object.notify (webpack:///../node_modules/react-redux/es/utils/Subscription.js?:21:7)
    at Object.notifyNestedSubs (webpack:///../node_modules/react-redux/es/utils/Subscription.js?:93:15)
    at handleChangeWrapper (webpack:///../node_modules/react-redux/es/utils/Subscription.js?:98:20)
    at dispatch (webpack:///../node_modules/redux/es/redux.js?:308:7)
    at eval (webpack:///../node_modules/@respond-framework/rudy/es/core/createRouter.js?:117:52)
    at eval (webpack:///../node_modules/redux-thunk/es/index.js?:24:16)
    at eval (webpack:///./ReduxStorage/institutionPrefixMiddleware.jsx?:99:18)
    at dispatch (webpack:///../node_modules/redux/es/redux.js?:702:28)
    at eval (webpack:///./ReduxStorage/LoggedInUser/dispatchers.jsx?:29:7)
[   65626ms] ChunkLoadError: Loading chunk ReduxStorage_CourseNavigationInfo_dispatchers_jsx-web_components_Navigation_CourseNavigationM-56c507 failed.
(error: http://openlearning.test/media/chunks/ReduxStorage_CourseNavigationInfo_dispatchers_jsx-web_components_Navigation_CourseNavigationM-56c507.js)
    at __webpack_require__.f.j (http://openlearning.test/media/chunks/entry/runtime.js:896:29)
    at http://openlearning.test/media/chunks/entry/runtime.js:134:40
    at Array.reduce (<anonymous>)
    at __webpack_require__.e (http://openlearning.test/media/chunks/entry/runtime.js:133:67)
    at fn.e (http://openlearning.test/media/chunks/entry/runtime.js:367:50)
    at _c (webpack:///./web/components/Navigation/CourseNavigationMenu/index.jsx?:79:463)
    at lazyInitializer (webpack:///../node_modules/react/cjs/react.development.js?:1358:20)
    at mountLazyComponent (webpack:///../node_modules/react-dom/cjs/react-dom.development.js?:19940:19)
    at beginWork (webpack:///../node_modules/react-dom/cjs/react-dom.development.js?:21589:16)
    at beginWork$1 (webpack:///../node_modules/react-dom/cjs/react-dom.development.js?:27422:14)
    at performUnitOfWork (webpack:///../node_modules/react-dom/cjs/react-dom.development.js?:26553:12)
    at workLoopSync (webpack:///../node_modules/react-dom/cjs/react-dom.development.js?:26462:5)
    at renderRootSync (webpack:///../node_modules/react-dom/cjs/react-dom.development.js?:26430:7)
    at performSyncWorkOnRoot (webpack:///../node_modules/react-dom/cjs/react-dom.development.js?:26081:20)
    at flushSyncCallbacks (webpack:///../node_modules/react-dom/cjs/react-dom.development.js?:12042:22)
    at flushSyncCallbacksOnlyInLegacyMode (webpack:///../node_modules/react-dom/cjs/react-dom.development.js?:12021:5)
    at batchedUpdates$1 (webpack:///../node_modules/react-dom/cjs/react-dom.development.js?:26144:7)
    at Object.notify (webpack:///../node_modules/react-redux/es/utils/Subscription.js?:21:7)
    at Object.notifyNestedSubs (webpack:///../node_modules/react-redux/es/utils/Subscription.js?:93:15)
    at handleChangeWrapper (webpack:///../node_modules/react-redux/es/utils/Subscription.js?:98:20)
    at dispatch (webpack:///../node_modules/redux/es/redux.js?:308:7)
    at eval (webpack:///../node_modules/@respond-framework/rudy/es/core/createRouter.js?:117:52)
    at eval (webpack:///../node_modules/redux-thunk/es/index.js?:24:16)
    at eval (webpack:///./ReduxStorage/institutionPrefixMiddleware.jsx?:99:18)
    at dispatch (webpack:///../node_modules/redux/es/redux.js?:702:28)
    at eval (webpack:///./ReduxStorage/LoggedInUser/dispatchers.jsx?:29:7)
[   65626ms] [ERROR] The above error occurred in one of your React components:

    at Lazy
    at Suspense
    at WrappedComponent
    at ErrorBoundary (webpack:///./web/components/Loadable/index.tsx?:40:7)
    at div
    at div
    at div
    at Sticky (webpack:///../node_modules/react-stickynode/dist/es/Sticky.js?:45:5)
    at _CourseNavigationMenu (webpack:///./web/components/Navigation/CourseNavigationMenu/index.jsx?:105:5)
    at ConnectFunction (webpack:///../node_modules/react-redux/es/components/connect.js?:240:114)
    at div
    at eval (webpack:///../node_modules/@emotion/react/dist/emotion-element-cbed451f.browser.esm.js?:57:66)
    at div
    at eval (webpack:///../node_modules/@emotion/react/dist/emotion-element-cbed451f.browser.esm.js?:57:66)
    at div
    at eval (webpack:///../node_modules/@emotion/react/dist/emotion-element-cbed451f.browser.esm.js?:57:66)
    at TopBarDropdown (webpack:///./web/containers/TopBar/TopBarDropdown/component.tsx?:38:28)
    at div
    at eval (webpack:///../node_modules/@emotion/react/dist/emotion-element-cbed451f.browser.esm.js?:57:66)
    at MenuItemMobileNav (webpack:///./web/containers/TopBar/MenuItemMobileNav/component.tsx?:46:30)
    at div
    at eval (webpack:///../node_modules/@emotion/react/dist/emotion-element-cbed451f.browser.esm.js?:57:66)
    at div
    at eval (webpack:///../node_modules/@emotion/react/dist/emotion-element-cbed451f.browser.esm.js?:57:66)
    at t.QueryClientProvider (webpack:///../node_modules/@tanstack/react-query/build/umd/index.production.js?:21:40044)
    at div
    at eval (webpack:///../node_modules/@emotion/react/dist/emotion-element-cbed451f.browser.esm.js?:57:66)
    at div
    at eval (webpack:///../node_modules/@emotion/react/dist/emotion-element-cbed451f.browser.esm.js?:57:66)
    at _TopBar (webpack:///./web/containers/TopBar/component.tsx?:95:5)
    at I18nextWithTranslation (webpack:///../node_modules/react-i18next/dist/es/withTranslation.js?:27:31)
    at RudyProvider (webpack:///../node_modules/@respond-framework/react/es/provider.js?:14:18)
    at Provider (webpack:///../node_modules/react-redux/es/components/Provider.js?:16:3)

React will try to recreate this component tree from scratch using the error boundary you provided, ErrorBoundary. @ webpack:///../node_modules/@sentry/browser/node_modules/@sentry/utils/esm/instrument.js?:139
[   65626ms] [ERROR] ChunkLoadError: Loading chunk ReduxStorage_CourseNavigationInfo_dispatchers_jsx-web_components_Navigation_CourseNavigationM-56c507 failed.
(error: http://openlearning.test/media/chunks/ReduxStorage_CourseNavigationInfo_dispatchers_jsx-web_components_Navigation_CourseNavigationM-56c507.js)
    at __webpack_require__.f.j (http://openlearning.test/media/chunks/entry/runtime.js:896:29)
    at http://openlearning.test/media/chunks/entry/runtime.js:134:40
    at Array.reduce (<anonymous>)
    at __webpack_require__.e (http://openlearning.test/media/chunks/entry/runtime.js:133:67)
    at fn.e (http://openlearning.test/media/chunks/entry/runtime.js:367:50)
    at _c (webpack:///./web/components/Navigation/CourseNavigationMenu/index.jsx?:79:463)
    at lazyInitializer (webpack:///../node_modules/react/cjs/react.development.js?:1358:20)
    at mountLazyComponent (webpack:///../node_modules/react-dom/cjs/react-dom.development.js?:19940:19)
    at beginWork (webpack:///../node_modules/react-dom/cjs/react-dom.development.js?:21589:16)
    at beginWork$1 (webpack:///../node_modules/react-dom/cjs/react-dom.development.js?:27422:14)
    at performUnitOfWork (webpack:///../node_modules/react-dom/cjs/react-dom.development.js?:26553:12)
    at workLoopSync (webpack:///../node_modules/react-dom/cjs/react-dom.development.js?:26462:5)
    at renderRootSync (webpack:///../node_modules/react-dom/cjs/react-dom.development.js?:26430:7)
    at performSyncWorkOnRoot (webpack:///../node_modules/react-dom/cjs/react-dom.development.js?:26081:20)
    at flushSyncCallbacks (webpack:///../node_modules/react-dom/cjs/react-dom.development.js?:12042:22)
    at flushSyncCallbacksOnlyInLegacyMode (webpack:///../node_modules/react-dom/cjs/react-dom.development.js?:12021:5)
    at batchedUpdates$1 (webpack:///../node_modules/react-dom/cjs/react-dom.development.js?:26144:7)
    at Object.notify (webpack:///../node_modules/react-redux/es/utils/Subscription.js?:21:7)
    at Object.notifyNestedSubs (webpack:///../node_modules/react-redux/es/utils/Subscription.js?:93:15)
    at handleChangeWrapper (webpack:///../node_modules/react-redux/es/utils/Subscription.js?:98:20)
    at dispatch (webpack:///../node_modules/redux/es/redux.js?:308:7)
    at eval (webpack:///../node_modules/@respond-framework/rudy/es/core/createRouter.js?:117:52)
    at eval (webpack:///../node_modules/redux-thunk/es/index.js?:24:16)
    at eval (webpack:///./ReduxStorage/institutionPrefixMiddleware.jsx?:99:18)
    at dispatch (webpack:///../node_modules/redux/es/redux.js?:702:28)
    at eval (webpack:///./ReduxStorage/LoggedInUser/dispatchers.jsx?:29:7) @ webpack:///../node_modules/@sentry/browser/node_modules/@sentry/utils/esm/instrument.js?:139
[   65626ms] [ERROR] The above error occurred in one of your React components:

    at Lazy
    at Suspense
    at WrappedComponent
    at ErrorBoundary (webpack:///./web/components/Loadable/index.tsx?:40:7)
    at div
    at div
    at div
    at Sticky (webpack:///../node_modules/react-stickynode/dist/es/Sticky.js?:45:5)
    at _CourseNavigationMenu (webpack:///./web/components/Navigation/CourseNavigationMenu/index.jsx?:105:5)
    at ConnectFunction (webpack:///../node_modules/react-redux/es/components/connect.js?:240:114)
    at div
    at eval (webpack:///../node_modules/@emotion/react/dist/emotion-element-cbed451f.browser.esm.js?:57:66)
    at div
    at eval (webpack:///../node_modules/@emotion/react/dist/emotion-element-cbed451f.browser.esm.js?:57:66)
    at div
    at eval (webpack:///../node_modules/@emotion/react/dist/emotion-element-cbed451f.browser.esm.js?:57:66)
    at TopBarDropdown (webpack:///./web/containers/TopBar/TopBarDropdown/component.tsx?:38:28)
    at div
    at eval (webpack:///../node_modules/@emotion/react/dist/emotion-element-cbed451f.browser.esm.js?:57:66)
    at MenuItemMobileNav (webpack:///./web/containers/TopBar/MenuItemMobileNav/component.tsx?:46:30)
    at div
    at eval (webpack:///../node_modules/@emotion/react/dist/emotion-element-cbed451f.browser.esm.js?:57:66)
    at div
    at eval (webpack:///../node_modules/@emotion/react/dist/emotion-element-cbed451f.browser.esm.js?:57:66)
    at t.QueryClientProvider (webpack:///../node_modules/@tanstack/react-query/build/umd/index.production.js?:21:40044)
    at div
    at eval (webpack:///../node_modules/@emotion/react/dist/emotion-element-cbed451f.browser.esm.js?:57:66)
    at div
    at eval (webpack:///../node_modules/@emotion/react/dist/emotion-element-cbed451f.browser.esm.js?:57:66)
    at _TopBar (webpack:///./web/containers/TopBar/component.tsx?:95:5)
    at I18nextWithTranslation (webpack:///../node_modules/react-i18next/dist/es/withTranslation.js?:27:31)
    at RudyProvider (webpack:///../node_modules/@respond-framework/react/es/provider.js?:14:18)
    at Provider (webpack:///../node_modules/react-redux/es/components/Provider.js?:16:3)

React will try to recreate this component tree from scratch using the error boundary you provided, ErrorBoundary. @ webpack:///../node_modules/@sentry/browser/node_modules/@sentry/utils/esm/instrument.js?:139
[   65626ms] [ERROR] ChunkLoadError: Loading chunk ReduxStorage_CourseNavigationInfo_dispatchers_jsx-web_components_Navigation_CourseNavigationM-56c507 failed.
(error: http://openlearning.test/media/chunks/ReduxStorage_CourseNavigationInfo_dispatchers_jsx-web_components_Navigation_CourseNavigationM-56c507.js)
    at __webpack_require__.f.j (http://openlearning.test/media/chunks/entry/runtime.js:896:29)
    at http://openlearning.test/media/chunks/entry/runtime.js:134:40
    at Array.reduce (<anonymous>)
    at __webpack_require__.e (http://openlearning.test/media/chunks/entry/runtime.js:133:67)
    at fn.e (http://openlearning.test/media/chunks/entry/runtime.js:367:50)
    at _c (webpack:///./web/components/Navigation/CourseNavigationMenu/index.jsx?:79:463)
    at lazyInitializer (webpack:///../node_modules/react/cjs/react.development.js?:1358:20)
    at mountLazyComponent (webpack:///../node_modules/react-dom/cjs/react-dom.development.js?:19940:19)
    at beginWork (webpack:///../node_modules/react-dom/cjs/react-dom.development.js?:21589:16)
    at beginWork$1 (webpack:///../node_modules/react-dom/cjs/react-dom.development.js?:27422:14)
    at performUnitOfWork (webpack:///../node_modules/react-dom/cjs/react-dom.development.js?:26553:12)
    at workLoopSync (webpack:///../node_modules/react-dom/cjs/react-dom.development.js?:26462:5)
    at renderRootSync (webpack:///../node_modules/react-dom/cjs/react-dom.development.js?:26430:7)
    at performSyncWorkOnRoot (webpack:///../node_modules/react-dom/cjs/react-dom.development.js?:26081:20)
    at flushSyncCallbacks (webpack:///../node_modules/react-dom/cjs/react-dom.development.js?:12042:22)
    at flushSyncCallbacksOnlyInLegacyMode (webpack:///../node_modules/react-dom/cjs/react-dom.development.js?:12021:5)
    at batchedUpdates$1 (webpack:///../node_modules/react-dom/cjs/react-dom.development.js?:26144:7)
    at Object.notify (webpack:///../node_modules/react-redux/es/utils/Subscription.js?:21:7)
    at Object.notifyNestedSubs (webpack:///../node_modules/react-redux/es/utils/Subscription.js?:93:15)
    at handleChangeWrapper (webpack:///../node_modules/react-redux/es/utils/Subscription.js?:98:20)
    at dispatch (webpack:///../node_modules/redux/es/redux.js?:308:7)
    at eval (webpack:///../node_modules/@respond-framework/rudy/es/core/createRouter.js?:117:52)
    at eval (webpack:///../node_modules/redux-thunk/es/index.js?:24:16)
    at eval (webpack:///./ReduxStorage/institutionPrefixMiddleware.jsx?:99:18)
    at dispatch (webpack:///../node_modules/redux/es/redux.js?:702:28)
    at eval (webpack:///./ReduxStorage/LoggedInUser/dispatchers.jsx?:29:7) @ webpack:///../node_modules/@sentry/browser/node_modules/@sentry/utils/esm/instrument.js?:139
[   65626ms] [ERROR] The above error occurred in one of your React components:

    at Lazy
    at Suspense
    at WrappedComponent
    at ErrorBoundary (webpack:///./web/components/Loadable/index.tsx?:40:7)
    at div
    at div
    at div
    at Sticky (webpack:///../node_modules/react-stickynode/dist/es/Sticky.js?:45:5)
    at _CourseNavigationMenu (webpack:///./web/components/Navigation/CourseNavigationMenu/index.jsx?:105:5)
    at ConnectFunction (webpack:///../node_modules/react-redux/es/components/connect.js?:240:114)
    at div
    at eval (webpack:///../node_modules/@emotion/react/dist/emotion-element-cbed451f.browser.esm.js?:57:66)
    at div
    at eval (webpack:///../node_modules/@emotion/react/dist/emotion-element-cbed451f.browser.esm.js?:57:66)
    at div
    at eval (webpack:///../node_modules/@emotion/react/dist/emotion-element-cbed451f.browser.esm.js?:57:66)
    at TopBarDropdown (webpack:///./web/containers/TopBar/TopBarDropdown/component.tsx?:38:28)
    at div
    at eval (webpack:///../node_modules/@emotion/react/dist/emotion-element-cbed451f.browser.esm.js?:57:66)
    at MenuItemMobileNav (webpack:///./web/containers/TopBar/MenuItemMobileNav/component.tsx?:46:30)
    at div
    at eval (webpack:///../node_modules/@emotion/react/dist/emotion-element-cbed451f.browser.esm.js?:57:66)
    at div
    at eval (webpack:///../node_modules/@emotion/react/dist/emotion-element-cbed451f.browser.esm.js?:57:66)
    at t.QueryClientProvider (webpack:///../node_modules/@tanstack/react-query/build/umd/index.production.js?:21:40044)
    at div
    at eval (webpack:///../node_modules/@emotion/react/dist/emotion-element-cbed451f.browser.esm.js?:57:66)
    at div
    at eval (webpack:///../node_modules/@emotion/react/dist/emotion-element-cbed451f.browser.esm.js?:57:66)
    at _TopBar (webpack:///./web/containers/TopBar/component.tsx?:95:5)
    at I18nextWithTranslation (webpack:///../node_modules/react-i18next/dist/es/withTranslation.js?:27:31)
    at RudyProvider (webpack:///../node_modules/@respond-framework/react/es/provider.js?:14:18)
    at Provider (webpack:///../node_modules/react-redux/es/components/Provider.js?:16:3)

React will try to recreate this component tree from scratch using the error boundary you provided, ErrorBoundary. @ webpack:///../node_modules/@sentry/browser/node_modules/@sentry/utils/esm/instrument.js?:139
[   65626ms] [ERROR] ChunkLoadError: Loading chunk ReduxStorage_CourseNavigationInfo_dispatchers_jsx-web_components_Navigation_CourseNavigationM-56c507 failed.
(error: http://openlearning.test/media/chunks/ReduxStorage_CourseNavigationInfo_dispatchers_jsx-web_components_Navigation_CourseNavigationM-56c507.js)
    at __webpack_require__.f.j (http://openlearning.test/media/chunks/entry/runtime.js:896:29)
    at http://openlearning.test/media/chunks/entry/runtime.js:134:40
    at Array.reduce (<anonymous>)
    at __webpack_require__.e (http://openlearning.test/media/chunks/entry/runtime.js:133:67)
    at fn.e (http://openlearning.test/media/chunks/entry/runtime.js:367:50)
    at _c (webpack:///./web/components/Navigation/CourseNavigationMenu/index.jsx?:79:463)
    at lazyInitializer (webpack:///../node_modules/react/cjs/react.development.js?:1358:20)
    at mountLazyComponent (webpack:///../node_modules/react-dom/cjs/react-dom.development.js?:19940:19)
    at beginWork (webpack:///../node_modules/react-dom/cjs/react-dom.development.js?:21589:16)
    at beginWork$1 (webpack:///../node_modules/react-dom/cjs/react-dom.development.js?:27422:14)
    at performUnitOfWork (webpack:///../node_modules/react-dom/cjs/react-dom.development.js?:26553:12)
    at workLoopSync (webpack:///../node_modules/react-dom/cjs/react-dom.development.js?:26462:5)
    at renderRootSync (webpack:///../node_modules/react-dom/cjs/react-dom.development.js?:26430:7)
    at performSyncWorkOnRoot (webpack:///../node_modules/react-dom/cjs/react-dom.development.js?:26081:20)
    at flushSyncCallbacks (webpack:///../node_modules/react-dom/cjs/react-dom.development.js?:12042:22)
    at flushSyncCallbacksOnlyInLegacyMode (webpack:///../node_modules/react-dom/cjs/react-dom.development.js?:12021:5)
    at batchedUpdates$1 (webpack:///../node_modules/react-dom/cjs/react-dom.development.js?:26144:7)
    at Object.notify (webpack:///../node_modules/react-redux/es/utils/Subscription.js?:21:7)
    at Object.notifyNestedSubs (webpack:///../node_modules/react-redux/es/utils/Subscription.js?:93:15)
    at handleChangeWrapper (webpack:///../node_modules/react-redux/es/utils/Subscription.js?:98:20)
    at dispatch (webpack:///../node_modules/redux/es/redux.js?:308:7)
    at eval (webpack:///../node_modules/@respond-framework/rudy/es/core/createRouter.js?:117:52)
    at eval (webpack:///../node_modules/redux-thunk/es/index.js?:24:16)
    at eval (webpack:///./ReduxStorage/institutionPrefixMiddleware.jsx?:99:18)
    at dispatch (webpack:///../node_modules/redux/es/redux.js?:702:28)
    at eval (webpack:///./ReduxStorage/LoggedInUser/dispatchers.jsx?:29:7) @ webpack:///../node_modules/@sentry/browser/node_modules/@sentry/utils/esm/instrument.js?:139
[   65626ms] [ERROR] The above error occurred in one of your React components:

    at Lazy
    at Suspense
    at WrappedComponent
    at ErrorBoundary (webpack:///./web/components/Loadable/index.tsx?:40:7)
    at div
    at div
    at div
    at Sticky (webpack:///../node_modules/react-stickynode/dist/es/Sticky.js?:45:5)
    at _CourseNavigationMenu (webpack:///./web/components/Navigation/CourseNavigationMenu/index.jsx?:105:5)
    at ConnectFunction (webpack:///../node_modules/react-redux/es/components/connect.js?:240:114)
    at div
    at eval (webpack:///../node_modules/@emotion/react/dist/emotion-element-cbed451f.browser.esm.js?:57:66)
    at div
    at eval (webpack:///../node_modules/@emotion/react/dist/emotion-element-cbed451f.browser.esm.js?:57:66)
    at div
    at eval (webpack:///../node_modules/@emotion/react/dist/emotion-element-cbed451f.browser.esm.js?:57:66)
    at TopBarDropdown (webpack:///./web/containers/TopBar/TopBarDropdown/component.tsx?:38:28)
    at div
    at eval (webpack:///../node_modules/@emotion/react/dist/emotion-element-cbed451f.browser.esm.js?:57:66)
    at MenuItemMobileNav (webpack:///./web/containers/TopBar/MenuItemMobileNav/component.tsx?:46:30)
    at div
    at eval (webpack:///../node_modules/@emotion/react/dist/emotion-element-cbed451f.browser.esm.js?:57:66)
    at div
    at eval (webpack:///../node_modules/@emotion/react/dist/emotion-element-cbed451f.browser.esm.js?:57:66)
    at t.QueryClientProvider (webpack:///../node_modules/@tanstack/react-query/build/umd/index.production.js?:21:40044)
    at div
    at eval (webpack:///../node_modules/@emotion/react/dist/emotion-element-cbed451f.browser.esm.js?:57:66)
    at div
    at eval (webpack:///../node_modules/@emotion/react/dist/emotion-element-cbed451f.browser.esm.js?:57:66)
    at _TopBar (webpack:///./web/containers/TopBar/component.tsx?:95:5)
    at I18nextWithTranslation (webpack:///../node_modules/react-i18next/dist/es/withTranslation.js?:27:31)
    at RudyProvider (webpack:///../node_modules/@respond-framework/react/es/provider.js?:14:18)
    at Provider (webpack:///../node_modules/react-redux/es/components/Provider.js?:16:3)

React will try to recreate this component tree from scratch using the error boundary you provided, ErrorBoundary. @ webpack:///../node_modules/@sentry/browser/node_modules/@sentry/utils/esm/instrument.js?:139
[   65626ms] [ERROR] ChunkLoadError: Loading chunk ReduxStorage_CourseNavigationInfo_dispatchers_jsx-web_components_Navigation_CourseNavigationM-56c507 failed.
(error: http://openlearning.test/media/chunks/ReduxStorage_CourseNavigationInfo_dispatchers_jsx-web_components_Navigation_CourseNavigationM-56c507.js)
    at __webpack_require__.f.j (http://openlearning.test/media/chunks/entry/runtime.js:896:29)
    at http://openlearning.test/media/chunks/entry/runtime.js:134:40
    at Array.reduce (<anonymous>)
    at __webpack_require__.e (http://openlearning.test/media/chunks/entry/runtime.js:133:67)
    at fn.e (http://openlearning.test/media/chunks/entry/runtime.js:367:50)
    at _c (webpack:///./web/components/Navigation/CourseNavigationMenu/index.jsx?:79:463)
    at lazyInitializer (webpack:///../node_modules/react/cjs/react.development.js?:1358:20)
    at mountLazyComponent (webpack:///../node_modules/react-dom/cjs/react-dom.development.js?:19940:19)
    at beginWork (webpack:///../node_modules/react-dom/cjs/react-dom.development.js?:21589:16)
    at beginWork$1 (webpack:///../node_modules/react-dom/cjs/react-dom.development.js?:27422:14)
    at performUnitOfWork (webpack:///../node_modules/react-dom/cjs/react-dom.development.js?:26553:12)
    at workLoopSync (webpack:///../node_modules/react-dom/cjs/react-dom.development.js?:26462:5)
    at renderRootSync (webpack:///../node_modules/react-dom/cjs/react-dom.development.js?:26430:7)
    at performSyncWorkOnRoot (webpack:///../node_modules/react-dom/cjs/react-dom.development.js?:26081:20)
    at flushSyncCallbacks (webpack:///../node_modules/react-dom/cjs/react-dom.development.js?:12042:22)
    at flushSyncCallbacksOnlyInLegacyMode (webpack:///../node_modules/react-dom/cjs/react-dom.development.js?:12021:5)
    at batchedUpdates$1 (webpack:///../node_modules/react-dom/cjs/react-dom.development.js?:26144:7)
    at Object.notify (webpack:///../node_modules/react-redux/es/utils/Subscription.js?:21:7)
    at Object.notifyNestedSubs (webpack:///../node_modules/react-redux/es/utils/Subscription.js?:93:15)
    at handleChangeWrapper (webpack:///../node_modules/react-redux/es/utils/Subscription.js?:98:20)
    at dispatch (webpack:///../node_modules/redux/es/redux.js?:308:7)
    at eval (webpack:///../node_modules/@respond-framework/rudy/es/core/createRouter.js?:117:52)
    at eval (webpack:///../node_modules/redux-thunk/es/index.js?:24:16)
    at eval (webpack:///./ReduxStorage/institutionPrefixMiddleware.jsx?:99:18)
    at dispatch (webpack:///../node_modules/redux/es/redux.js?:702:28)
    at eval (webpack:///./ReduxStorage/LoggedInUser/dispatchers.jsx?:29:7) @ webpack:///../node_modules/@sentry/browser/node_modules/@sentry/utils/esm/instrument.js?:139
[   65627ms] ChunkLoadError: Loading chunk ReduxStorage_CourseNavigationInfo_dispatchers_jsx-web_components_Navigation_CourseNavigationM-56c507 failed.
(error: http://openlearning.test/media/chunks/ReduxStorage_CourseNavigationInfo_dispatchers_jsx-web_components_Navigation_CourseNavigationM-56c507.js)
    at __webpack_require__.f.j (http://openlearning.test/media/chunks/entry/runtime.js:896:29)
    at http://openlearning.test/media/chunks/entry/runtime.js:134:40
    at Array.reduce (<anonymous>)
    at __webpack_require__.e (http://openlearning.test/media/chunks/entry/runtime.js:133:67)
    at fn.e (http://openlearning.test/media/chunks/entry/runtime.js:367:50)
    at _c (webpack:///./web/components/Navigation/CourseNavigationMenu/index.jsx?:79:463)
    at lazyInitializer (webpack:///../node_modules/react/cjs/react.development.js?:1358:20)
    at mountLazyComponent (webpack:///../node_modules/react-dom/cjs/react-dom.development.js?:19940:19)
    at beginWork (webpack:///../node_modules/react-dom/cjs/react-dom.development.js?:21589:16)
    at beginWork$1 (webpack:///../node_modules/react-dom/cjs/react-dom.development.js?:27422:14)
    at performUnitOfWork (webpack:///../node_modules/react-dom/cjs/react-dom.development.js?:26553:12)
    at workLoopSync (webpack:///../node_modules/react-dom/cjs/react-dom.development.js?:26462:5)
    at renderRootSync (webpack:///../node_modules/react-dom/cjs/react-dom.development.js?:26430:7)
    at performSyncWorkOnRoot (webpack:///../node_modules/react-dom/cjs/react-dom.development.js?:26081:20)
    at flushSyncCallbacks (webpack:///../node_modules/react-dom/cjs/react-dom.development.js?:12042:22)
    at flushSyncCallbacksOnlyInLegacyMode (webpack:///../node_modules/react-dom/cjs/react-dom.development.js?:12021:5)
    at batchedUpdates$1 (webpack:///../node_modules/react-dom/cjs/react-dom.development.js?:26144:7)
    at Object.notify (webpack:///../node_modules/react-redux/es/utils/Subscription.js?:21:7)
    at Object.notifyNestedSubs (webpack:///../node_modules/react-redux/es/utils/Subscription.js?:93:15)
    at handleChangeWrapper (webpack:///../node_modules/react-redux/es/utils/Subscription.js?:98:20)
    at dispatch (webpack:///../node_modules/redux/es/redux.js?:308:7)
    at eval (webpack:///../node_modules/@respond-framework/rudy/es/core/createRouter.js?:117:52)
    at eval (webpack:///../node_modules/redux-thunk/es/index.js?:24:16)
    at eval (webpack:///./ReduxStorage/institutionPrefixMiddleware.jsx?:99:18)
    at dispatch (webpack:///../node_modules/redux/es/redux.js?:702:28)
    at eval (webpack:///./ReduxStorage/LoggedInUser/dispatchers.jsx?:29:7)
[   65628ms] ChunkLoadError: Loading chunk ReduxStorage_CourseNavigationInfo_dispatchers_jsx-web_components_Navigation_CourseNavigationM-56c507 failed.
(error: http://openlearning.test/media/chunks/ReduxStorage_CourseNavigationInfo_dispatchers_jsx-web_components_Navigation_CourseNavigationM-56c507.js)
    at __webpack_require__.f.j (http://openlearning.test/media/chunks/entry/runtime.js:896:29)
    at http://openlearning.test/media/chunks/entry/runtime.js:134:40
    at Array.reduce (<anonymous>)
    at __webpack_require__.e (http://openlearning.test/media/chunks/entry/runtime.js:133:67)
    at fn.e (http://openlearning.test/media/chunks/entry/runtime.js:367:50)
    at _c (webpack:///./web/components/Navigation/CourseNavigationMenu/index.jsx?:79:463)
    at lazyInitializer (webpack:///../node_modules/react/cjs/react.development.js?:1358:20)
    at mountLazyComponent (webpack:///../node_modules/react-dom/cjs/react-dom.development.js?:19940:19)
    at beginWork (webpack:///../node_modules/react-dom/cjs/react-dom.development.js?:21589:16)
    at beginWork$1 (webpack:///../node_modules/react-dom/cjs/react-dom.development.js?:27422:14)
    at performUnitOfWork (webpack:///../node_modules/react-dom/cjs/react-dom.development.js?:26553:12)
    at workLoopSync (webpack:///../node_modules/react-dom/cjs/react-dom.development.js?:26462:5)
    at renderRootSync (webpack:///../node_modules/react-dom/cjs/react-dom.development.js?:26430:7)
    at performSyncWorkOnRoot (webpack:///../node_modules/react-dom/cjs/react-dom.development.js?:26081:20)
    at flushSyncCallbacks (webpack:///../node_modules/react-dom/cjs/react-dom.development.js?:12042:22)
    at flushSyncCallbacksOnlyInLegacyMode (webpack:///../node_modules/react-dom/cjs/react-dom.development.js?:12021:5)
    at batchedUpdates$1 (webpack:///../node_modules/react-dom/cjs/react-dom.development.js?:26144:7)
    at Object.notify (webpack:///../node_modules/react-redux/es/utils/Subscription.js?:21:7)
    at Object.notifyNestedSubs (webpack:///../node_modules/react-redux/es/utils/Subscription.js?:93:15)
    at handleChangeWrapper (webpack:///../node_modules/react-redux/es/utils/Subscription.js?:98:20)
    at dispatch (webpack:///../node_modules/redux/es/redux.js?:308:7)
    at eval (webpack:///../node_modules/@respond-framework/rudy/es/core/createRouter.js?:117:52)
    at eval (webpack:///../node_modules/redux-thunk/es/index.js?:24:16)
    at eval (webpack:///./ReduxStorage/institutionPrefixMiddleware.jsx?:99:18)
    at dispatch (webpack:///../node_modules/redux/es/redux.js?:702:28)
    at eval (webpack:///./ReduxStorage/LoggedInUser/dispatchers.jsx?:29:7)
[   65628ms] ChunkLoadError: Loading chunk ReduxStorage_CourseNavigationInfo_dispatchers_jsx-web_components_Navigation_CourseNavigationM-56c507 failed.
(error: http://openlearning.test/media/chunks/ReduxStorage_CourseNavigationInfo_dispatchers_jsx-web_components_Navigation_CourseNavigationM-56c507.js)
    at __webpack_require__.f.j (http://openlearning.test/media/chunks/entry/runtime.js:896:29)
    at http://openlearning.test/media/chunks/entry/runtime.js:134:40
    at Array.reduce (<anonymous>)
    at __webpack_require__.e (http://openlearning.test/media/chunks/entry/runtime.js:133:67)
    at fn.e (http://openlearning.test/media/chunks/entry/runtime.js:367:50)
    at _c (webpack:///./web/components/Navigation/CourseNavigationMenu/index.jsx?:79:463)
    at lazyInitializer (webpack:///../node_modules/react/cjs/react.development.js?:1358:20)
    at mountLazyComponent (webpack:///../node_modules/react-dom/cjs/react-dom.development.js?:19940:19)
    at beginWork (webpack:///../node_modules/react-dom/cjs/react-dom.development.js?:21589:16)
    at beginWork$1 (webpack:///../node_modules/react-dom/cjs/react-dom.development.js?:27422:14)
    at performUnitOfWork (webpack:///../node_modules/react-dom/cjs/react-dom.development.js?:26553:12)
    at workLoopSync (webpack:///../node_modules/react-dom/cjs/react-dom.development.js?:26462:5)
    at renderRootSync (webpack:///../node_modules/react-dom/cjs/react-dom.development.js?:26430:7)
    at performSyncWorkOnRoot (webpack:///../node_modules/react-dom/cjs/react-dom.development.js?:26081:20)
    at flushSyncCallbacks (webpack:///../node_modules/react-dom/cjs/react-dom.development.js?:12042:22)
    at flushSyncCallbacksOnlyInLegacyMode (webpack:///../node_modules/react-dom/cjs/react-dom.development.js?:12021:5)
    at batchedUpdates$1 (webpack:///../node_modules/react-dom/cjs/react-dom.development.js?:26144:7)
    at Object.notify (webpack:///../node_modules/react-redux/es/utils/Subscription.js?:21:7)
    at Object.notifyNestedSubs (webpack:///../node_modules/react-redux/es/utils/Subscription.js?:93:15)
    at handleChangeWrapper (webpack:///../node_modules/react-redux/es/utils/Subscription.js?:98:20)
    at dispatch (webpack:///../node_modules/redux/es/redux.js?:308:7)
    at eval (webpack:///../node_modules/@respond-framework/rudy/es/core/createRouter.js?:117:52)
    at eval (webpack:///../node_modules/redux-thunk/es/index.js?:24:16)
    at eval (webpack:///./ReduxStorage/institutionPrefixMiddleware.jsx?:99:18)
    at dispatch (webpack:///../node_modules/redux/es/redux.js?:702:28)
    at eval (webpack:///./ReduxStorage/LoggedInUser/dispatchers.jsx?:29:7)
[   65629ms] ChunkLoadError: Loading chunk ReduxStorage_CourseNavigationInfo_dispatchers_jsx-web_components_Navigation_CourseNavigationM-56c507 failed.
(error: http://openlearning.test/media/chunks/ReduxStorage_CourseNavigationInfo_dispatchers_jsx-web_components_Navigation_CourseNavigationM-56c507.js)
    at __webpack_require__.f.j (http://openlearning.test/media/chunks/entry/runtime.js:896:29)
    at http://openlearning.test/media/chunks/entry/runtime.js:134:40
    at Array.reduce (<anonymous>)
    at __webpack_require__.e (http://openlearning.test/media/chunks/entry/runtime.js:133:67)
    at fn.e (http://openlearning.test/media/chunks/entry/runtime.js:367:50)
    at _c (webpack:///./web/components/Navigation/CourseNavigationMenu/index.jsx?:79:463)
    at lazyInitializer (webpack:///../node_modules/react/cjs/react.development.js?:1358:20)
    at mountLazyComponent (webpack:///../node_modules/react-dom/cjs/react-dom.development.js?:19940:19)
    at beginWork (webpack:///../node_modules/react-dom/cjs/react-dom.development.js?:21589:16)
    at beginWork$1 (webpack:///../node_modules/react-dom/cjs/react-dom.development.js?:27422:14)
    at performUnitOfWork (webpack:///../node_modules/react-dom/cjs/react-dom.development.js?:26553:12)
    at workLoopSync (webpack:///../node_modules/react-dom/cjs/react-dom.development.js?:26462:5)
    at renderRootSync (webpack:///../node_modules/react-dom/cjs/react-dom.development.js?:26430:7)
    at performSyncWorkOnRoot (webpack:///../node_modules/react-dom/cjs/react-dom.development.js?:26081:20)
    at flushSyncCallbacks (webpack:///../node_modules/react-dom/cjs/react-dom.development.js?:12042:22)
    at flushSyncCallbacksOnlyInLegacyMode (webpack:///../node_modules/react-dom/cjs/react-dom.development.js?:12021:5)
    at batchedUpdates$1 (webpack:///../node_modules/react-dom/cjs/react-dom.development.js?:26144:7)
    at Object.notify (webpack:///../node_modules/react-redux/es/utils/Subscription.js?:21:7)
    at Object.notifyNestedSubs (webpack:///../node_modules/react-redux/es/utils/Subscription.js?:93:15)
    at handleChangeWrapper (webpack:///../node_modules/react-redux/es/utils/Subscription.js?:98:20)
    at dispatch (webpack:///../node_modules/redux/es/redux.js?:308:7)
    at eval (webpack:///../node_modules/@respond-framework/rudy/es/core/createRouter.js?:117:52)
    at eval (webpack:///../node_modules/redux-thunk/es/index.js?:24:16)
    at eval (webpack:///./ReduxStorage/institutionPrefixMiddleware.jsx?:99:18)
    at dispatch (webpack:///../node_modules/redux/es/redux.js?:702:28)
    at eval (webpack:///./ReduxStorage/LoggedInUser/dispatchers.jsx?:29:7)
[   65628ms] [ERROR] The above error occurred in one of your React components:

    at Lazy
    at Suspense
    at WrappedComponent
    at ErrorBoundary (webpack:///./web/components/Loadable/index.tsx?:40:7)
    at div
    at div
    at div
    at Sticky (webpack:///../node_modules/react-stickynode/dist/es/Sticky.js?:45:5)
    at _CourseNavigationMenu (webpack:///./web/components/Navigation/CourseNavigationMenu/index.jsx?:105:5)
    at ConnectFunction (webpack:///../node_modules/react-redux/es/components/connect.js?:240:114)
    at RudyProvider (webpack:///../node_modules/@respond-framework/react/es/provider.js?:14:18)
    at Provider (webpack:///../node_modules/react-redux/es/components/Provider.js?:16:3)

React will try to recreate this component tree from scratch using the error boundary you provided, ErrorBoundary. @ webpack:///../node_modules/@sentry/browser/node_modules/@sentry/utils/esm/instrument.js?:139
[   65628ms] [ERROR] ChunkLoadError: Loading chunk ReduxStorage_CourseNavigationInfo_dispatchers_jsx-web_components_Navigation_CourseNavigationM-56c507 failed.
(error: http://openlearning.test/media/chunks/ReduxStorage_CourseNavigationInfo_dispatchers_jsx-web_components_Navigation_CourseNavigationM-56c507.js)
    at __webpack_require__.f.j (http://openlearning.test/media/chunks/entry/runtime.js:896:29)
    at http://openlearning.test/media/chunks/entry/runtime.js:134:40
    at Array.reduce (<anonymous>)
    at __webpack_require__.e (http://openlearning.test/media/chunks/entry/runtime.js:133:67)
    at fn.e (http://openlearning.test/media/chunks/entry/runtime.js:367:50)
    at _c (webpack:///./web/components/Navigation/CourseNavigationMenu/index.jsx?:79:463)
    at lazyInitializer (webpack:///../node_modules/react/cjs/react.development.js?:1358:20)
    at mountLazyComponent (webpack:///../node_modules/react-dom/cjs/react-dom.development.js?:19940:19)
    at beginWork (webpack:///../node_modules/react-dom/cjs/react-dom.development.js?:21589:16)
    at beginWork$1 (webpack:///../node_modules/react-dom/cjs/react-dom.development.js?:27422:14)
    at performUnitOfWork (webpack:///../node_modules/react-dom/cjs/react-dom.development.js?:26553:12)
    at workLoopSync (webpack:///../node_modules/react-dom/cjs/react-dom.development.js?:26462:5)
    at renderRootSync (webpack:///../node_modules/react-dom/cjs/react-dom.development.js?:26430:7)
    at performSyncWorkOnRoot (webpack:///../node_modules/react-dom/cjs/react-dom.development.js?:26081:20)
    at flushSyncCallbacks (webpack:///../node_modules/react-dom/cjs/react-dom.development.js?:12042:22)
    at flushSyncCallbacksOnlyInLegacyMode (webpack:///../node_modules/react-dom/cjs/react-dom.development.js?:12021:5)
    at batchedUpdates$1 (webpack:///../node_modules/react-dom/cjs/react-dom.development.js?:26144:7)
    at Object.notify (webpack:///../node_modules/react-redux/es/utils/Subscription.js?:21:7)
    at Object.notifyNestedSubs (webpack:///../node_modules/react-redux/es/utils/Subscription.js?:93:15)
    at handleChangeWrapper (webpack:///../node_modules/react-redux/es/utils/Subscription.js?:98:20)
    at dispatch (webpack:///../node_modules/redux/es/redux.js?:308:7)
    at eval (webpack:///../node_modules/@respond-framework/rudy/es/core/createRouter.js?:117:52)
    at eval (webpack:///../node_modules/redux-thunk/es/index.js?:24:16)
    at eval (webpack:///./ReduxStorage/institutionPrefixMiddleware.jsx?:99:18)
    at dispatch (webpack:///../node_modules/redux/es/redux.js?:702:28)
    at eval (webpack:///./ReduxStorage/LoggedInUser/dispatchers.jsx?:29:7) @ webpack:///../node_modules/@sentry/browser/node_modules/@sentry/utils/esm/instrument.js?:139
[   65629ms] [ERROR] The above error occurred in one of your React components:

    at Lazy
    at Suspense
    at WrappedComponent
    at ErrorBoundary (webpack:///./web/components/Loadable/index.tsx?:40:7)
    at div
    at div
    at div
    at Sticky (webpack:///../node_modules/react-stickynode/dist/es/Sticky.js?:45:5)
    at _CourseNavigationMenu (webpack:///./web/components/Navigation/CourseNavigationMenu/index.jsx?:105:5)
    at ConnectFunction (webpack:///../node_modules/react-redux/es/components/connect.js?:240:114)
    at RudyProvider (webpack:///../node_modules/@respond-framework/react/es/provider.js?:14:18)
    at Provider (webpack:///../node_modules/react-redux/es/components/Provider.js?:16:3)

React will try to recreate this component tree from scratch using the error boundary you provided, ErrorBoundary. @ webpack:///../node_modules/@sentry/browser/node_modules/@sentry/utils/esm/instrument.js?:139
[   65629ms] [ERROR] ChunkLoadError: Loading chunk ReduxStorage_CourseNavigationInfo_dispatchers_jsx-web_components_Navigation_CourseNavigationM-56c507 failed.
(error: http://openlearning.test/media/chunks/ReduxStorage_CourseNavigationInfo_dispatchers_jsx-web_components_Navigation_CourseNavigationM-56c507.js)
    at __webpack_require__.f.j (http://openlearning.test/media/chunks/entry/runtime.js:896:29)
    at http://openlearning.test/media/chunks/entry/runtime.js:134:40
    at Array.reduce (<anonymous>)
    at __webpack_require__.e (http://openlearning.test/media/chunks/entry/runtime.js:133:67)
    at fn.e (http://openlearning.test/media/chunks/entry/runtime.js:367:50)
    at _c (webpack:///./web/components/Navigation/CourseNavigationMenu/index.jsx?:79:463)
    at lazyInitializer (webpack:///../node_modules/react/cjs/react.development.js?:1358:20)
    at mountLazyComponent (webpack:///../node_modules/react-dom/cjs/react-dom.development.js?:19940:19)
    at beginWork (webpack:///../node_modules/react-dom/cjs/react-dom.development.js?:21589:16)
    at beginWork$1 (webpack:///../node_modules/react-dom/cjs/react-dom.development.js?:27422:14)
    at performUnitOfWork (webpack:///../node_modules/react-dom/cjs/react-dom.development.js?:26553:12)
    at workLoopSync (webpack:///../node_modules/react-dom/cjs/react-dom.development.js?:26462:5)
    at renderRootSync (webpack:///../node_modules/react-dom/cjs/react-dom.development.js?:26430:7)
    at performSyncWorkOnRoot (webpack:///../node_modules/react-dom/cjs/react-dom.development.js?:26081:20)
    at flushSyncCallbacks (webpack:///../node_modules/react-dom/cjs/react-dom.development.js?:12042:22)
    at flushSyncCallbacksOnlyInLegacyMode (webpack:///../node_modules/react-dom/cjs/react-dom.development.js?:12021:5)
    at batchedUpdates$1 (webpack:///../node_modules/react-dom/cjs/react-dom.development.js?:26144:7)
    at Object.notify (webpack:///../node_modules/react-redux/es/utils/Subscription.js?:21:7)
    at Object.notifyNestedSubs (webpack:///../node_modules/react-redux/es/utils/Subscription.js?:93:15)
    at handleChangeWrapper (webpack:///../node_modules/react-redux/es/utils/Subscription.js?:98:20)
    at dispatch (webpack:///../node_modules/redux/es/redux.js?:308:7)
    at eval (webpack:///../node_modules/@respond-framework/rudy/es/core/createRouter.js?:117:52)
    at eval (webpack:///../node_modules/redux-thunk/es/index.js?:24:16)
    at eval (webpack:///./ReduxStorage/institutionPrefixMiddleware.jsx?:99:18)
    at dispatch (webpack:///../node_modules/redux/es/redux.js?:702:28)
    at eval (webpack:///./ReduxStorage/LoggedInUser/dispatchers.jsx?:29:7) @ webpack:///../node_modules/@sentry/browser/node_modules/@sentry/utils/esm/instrument.js?:139
[   65629ms] [ERROR] The above error occurred in one of your React components:

    at Lazy
    at Suspense
    at WrappedComponent
    at ErrorBoundary (webpack:///./web/components/Loadable/index.tsx?:40:7)
    at div
    at div
    at div
    at Sticky (webpack:///../node_modules/react-stickynode/dist/es/Sticky.js?:45:5)
    at _CourseNavigationMenu (webpack:///./web/components/Navigation/CourseNavigationMenu/index.jsx?:105:5)
    at ConnectFunction (webpack:///../node_modules/react-redux/es/components/connect.js?:240:114)
    at RudyProvider (webpack:///../node_modules/@respond-framework/react/es/provider.js?:14:18)
    at Provider (webpack:///../node_modules/react-redux/es/components/Provider.js?:16:3)

React will try to recreate this component tree from scratch using the error boundary you provided, ErrorBoundary. @ webpack:///../node_modules/@sentry/browser/node_modules/@sentry/utils/esm/instrument.js?:139
[   65629ms] [ERROR] ChunkLoadError: Loading chunk ReduxStorage_CourseNavigationInfo_dispatchers_jsx-web_components_Navigation_CourseNavigationM-56c507 failed.
(error: http://openlearning.test/media/chunks/ReduxStorage_CourseNavigationInfo_dispatchers_jsx-web_components_Navigation_CourseNavigationM-56c507.js)
    at __webpack_require__.f.j (http://openlearning.test/media/chunks/entry/runtime.js:896:29)
    at http://openlearning.test/media/chunks/entry/runtime.js:134:40
    at Array.reduce (<anonymous>)
    at __webpack_require__.e (http://openlearning.test/media/chunks/entry/runtime.js:133:67)
    at fn.e (http://openlearning.test/media/chunks/entry/runtime.js:367:50)
    at _c (webpack:///./web/components/Navigation/CourseNavigationMenu/index.jsx?:79:463)
    at lazyInitializer (webpack:///../node_modules/react/cjs/react.development.js?:1358:20)
    at mountLazyComponent (webpack:///../node_modules/react-dom/cjs/react-dom.development.js?:19940:19)
    at beginWork (webpack:///../node_modules/react-dom/cjs/react-dom.development.js?:21589:16)
    at beginWork$1 (webpack:///../node_modules/react-dom/cjs/react-dom.development.js?:27422:14)
    at performUnitOfWork (webpack:///../node_modules/react-dom/cjs/react-dom.development.js?:26553:12)
    at workLoopSync (webpack:///../node_modules/react-dom/cjs/react-dom.development.js?:26462:5)
    at renderRootSync (webpack:///../node_modules/react-dom/cjs/react-dom.development.js?:26430:7)
    at performSyncWorkOnRoot (webpack:///../node_modules/react-dom/cjs/react-dom.development.js?:26081:20)
    at flushSyncCallbacks (webpack:///../node_modules/react-dom/cjs/react-dom.development.js?:12042:22)
    at flushSyncCallbacksOnlyInLegacyMode (webpack:///../node_modules/react-dom/cjs/react-dom.development.js?:12021:5)
    at batchedUpdates$1 (webpack:///../node_modules/react-dom/cjs/react-dom.development.js?:26144:7)
    at Object.notify (webpack:///../node_modules/react-redux/es/utils/Subscription.js?:21:7)
    at Object.notifyNestedSubs (webpack:///../node_modules/react-redux/es/utils/Subscription.js?:93:15)
    at handleChangeWrapper (webpack:///../node_modules/react-redux/es/utils/Subscription.js?:98:20)
    at dispatch (webpack:///../node_modules/redux/es/redux.js?:308:7)
    at eval (webpack:///../node_modules/@respond-framework/rudy/es/core/createRouter.js?:117:52)
    at eval (webpack:///../node_modules/redux-thunk/es/index.js?:24:16)
    at eval (webpack:///./ReduxStorage/institutionPrefixMiddleware.jsx?:99:18)
    at dispatch (webpack:///../node_modules/redux/es/redux.js?:702:28)
    at eval (webpack:///./ReduxStorage/LoggedInUser/dispatchers.jsx?:29:7) @ webpack:///../node_modules/@sentry/browser/node_modules/@sentry/utils/esm/instrument.js?:139
[   65629ms] [ERROR] The above error occurred in one of your React components:

    at Lazy
    at Suspense
    at WrappedComponent
    at ErrorBoundary (webpack:///./web/components/Loadable/index.tsx?:40:7)
    at div
    at div
    at div
    at Sticky (webpack:///../node_modules/react-stickynode/dist/es/Sticky.js?:45:5)
    at _CourseNavigationMenu (webpack:///./web/components/Navigation/CourseNavigationMenu/index.jsx?:105:5)
    at ConnectFunction (webpack:///../node_modules/react-redux/es/components/connect.js?:240:114)
    at RudyProvider (webpack:///../node_modules/@respond-framework/react/es/provider.js?:14:18)
    at Provider (webpack:///../node_modules/react-redux/es/components/Provider.js?:16:3)

React will try to recreate this component tree from scratch using the error boundary you provided, ErrorBoundary. @ webpack:///../node_modules/@sentry/browser/node_modules/@sentry/utils/esm/instrument.js?:139
[   65629ms] [ERROR] ChunkLoadError: Loading chunk ReduxStorage_CourseNavigationInfo_dispatchers_jsx-web_components_Navigation_CourseNavigationM-56c507 failed.
(error: http://openlearning.test/media/chunks/ReduxStorage_CourseNavigationInfo_dispatchers_jsx-web_components_Navigation_CourseNavigationM-56c507.js)
    at __webpack_require__.f.j (http://openlearning.test/media/chunks/entry/runtime.js:896:29)
    at http://openlearning.test/media/chunks/entry/runtime.js:134:40
    at Array.reduce (<anonymous>)
    at __webpack_require__.e (http://openlearning.test/media/chunks/entry/runtime.js:133:67)
    at fn.e (http://openlearning.test/media/chunks/entry/runtime.js:367:50)
    at _c (webpack:///./web/components/Navigation/CourseNavigationMenu/index.jsx?:79:463)
    at lazyInitializer (webpack:///../node_modules/react/cjs/react.development.js?:1358:20)
    at mountLazyComponent (webpack:///../node_modules/react-dom/cjs/react-dom.development.js?:19940:19)
    at beginWork (webpack:///../node_modules/react-dom/cjs/react-dom.development.js?:21589:16)
    at beginWork$1 (webpack:///../node_modules/react-dom/cjs/react-dom.development.js?:27422:14)
    at performUnitOfWork (webpack:///../node_modules/react-dom/cjs/react-dom.development.js?:26553:12)
    at workLoopSync (webpack:///../node_modules/react-dom/cjs/react-dom.development.js?:26462:5)
    at renderRootSync (webpack:///../node_modules/react-dom/cjs/react-dom.development.js?:26430:7)
    at performSyncWorkOnRoot (webpack:///../node_modules/react-dom/cjs/react-dom.development.js?:26081:20)
    at flushSyncCallbacks (webpack:///../node_modules/react-dom/cjs/react-dom.development.js?:12042:22)
    at flushSyncCallbacksOnlyInLegacyMode (webpack:///../node_modules/react-dom/cjs/react-dom.development.js?:12021:5)
    at batchedUpdates$1 (webpack:///../node_modules/react-dom/cjs/react-dom.development.js?:26144:7)
    at Object.notify (webpack:///../node_modules/react-redux/es/utils/Subscription.js?:21:7)
    at Object.notifyNestedSubs (webpack:///../node_modules/react-redux/es/utils/Subscription.js?:93:15)
    at handleChangeWrapper (webpack:///../node_modules/react-redux/es/utils/Subscription.js?:98:20)
    at dispatch (webpack:///../node_modules/redux/es/redux.js?:308:7)
    at eval (webpack:///../node_modules/@respond-framework/rudy/es/core/createRouter.js?:117:52)
    at eval (webpack:///../node_modules/redux-thunk/es/index.js?:24:16)
    at eval (webpack:///./ReduxStorage/institutionPrefixMiddleware.jsx?:99:18)
    at dispatch (webpack:///../node_modules/redux/es/redux.js?:702:28)
    at eval (webpack:///./ReduxStorage/LoggedInUser/dispatchers.jsx?:29:7) @ webpack:///../node_modules/@sentry/browser/node_modules/@sentry/utils/esm/instrument.js?:139
[   65721ms] [INFO] [FrontChat][Front] FrontChat Version: 9.74.5 @ https://chat-assets.frontapp.com/v1/app.bundle.js?v=25694ea0:1
[   65765ms] [ERROR] WebSocket connection to 'ws://localhost:9000/socketcluster/' failed: Error in connection establishment: net::ERR_CONNECTION_REFUSED @ webpack:///../node_modules/socketcluster-client/lib/sctransport.js?:9
[   65767ms] [ERROR] SocketProtocolError @ webpack:///../node_modules/@sentry/browser/node_modules/@sentry/utils/esm/instrument.js?:139
[   65768ms] [ERROR] SocketProtocolError @ webpack:///../node_modules/@sentry/browser/node_modules/@sentry/utils/esm/instrument.js?:139
