[    2166ms] [INFO] %cDownload the React DevTools for a better development experience: https://reactjs.org/link/react-devtools font-weight:bold @ http://exam.openlearning.test:5173/node_modules/.vite/deps/chunk-ZRNALROW.js?v=5e0b4ae3:21579
[    2253ms] [WARNING] The keyword 'slider-vertical' specified to an 'appearance' property is not standardized. It will be removed in the future. Use <input type=range style="writing-mode: vertical-lr; direction: rtl"> instead. @ http://exam.openlearning.test:5173/node_modules/.vite/deps/@openlearningnet_openlearningui.js?v=5e0b4ae3:46603
[    2253ms] [WARNING] The keyword 'slider-vertical' specified to an 'appearance' property is not standardized. It will be removed in the future. Use <input type=range style="writing-mode: vertical-lr; direction: rtl"> instead. @ http://exam.openlearning.test:5173/node_modules/.vite/deps/@openlearningnet_openlearningui.js?v=5e0b4ae3:46603
[    2445ms] [INFO] 🌐 i18next is maintained with support from Locize — consider powering your project with managed localization (AI, CDN, integrations): https://locize.com 💙 @ http://exam.openlearning.test:5173/node_modules/.vite/deps/chunk-5VNEO5YT.js?v=5e0b4ae3:1912
[    3361ms] [ERROR] Warning: Legacy context API has been detected within a strict-mode tree.

The old API will be supported in all 16.x releases, but applications using it should migrate to the new version.

Please update the following components: %s

Learn more about this warning here: https://reactjs.org/link/legacy-context%s t3 
    at t3 (http://exam.openlearning.test:5173/node_modules/.vite/deps/@openlearningnet_openlearningui.js?v=5e0b4ae3:69071:29)
    at t3 (http://exam.openlearning.test:5173/node_modules/.vite/deps/@openlearningnet_openlearningui.js?v=5e0b4ae3:56061:34)
    at t2.Modal (http://exam.openlearning.test:5173/node_modules/.vite/deps/@openlearningnet_openlearningui.js?v=5e0b4ae3:29102:23)
    at div
    at ExamRunner (http://exam.openlearning.test:5173/src/containers/Exam/ExamRunner.tsx:80:30)
    at RenderedRoute (http://exam.openlearning.test:5173/node_modules/.vite/deps/react-router-dom.js?v=5e0b4ae3:4043:5)
    at RenderErrorBoundary (http://exam.openlearning.test:5173/node_modules/.vite/deps/react-router-dom.js?v=5e0b4ae3:4003:5)
    at DataRoutes (http://exam.openlearning.test:5173/node_modules/.vite/deps/react-router-dom.js?v=5e0b4ae3:5166:5)
    at Router (http://exam.openlearning.test:5173/node_modules/.vite/deps/react-router-dom.js?v=5e0b4ae3:4426:15)
    at RouterProvider (http://exam.openlearning.test:5173/node_modules/.vite/deps/react-router-dom.js?v=5e0b4ae3:4981:5)
    at QuestionPreviewProvider (http://exam.openlearning.test:5173/src/components/QuestionDisplay/context.tsx:118:3)
    at MediaDeviceProvider (http://exam.openlearning.test:5173/src/components/MediaRecorder/context/MediaDeviceContext.tsx:25:3)
    at QueryClientProvider (http://exam.openlearning.test:5173/node_modules/.vite/deps/@tanstack_react-query.js?v=5e0b4ae3:2655:3)
    at App (http://exam.openlearning.test:5173/src/App.tsx:89:34) @ http://exam.openlearning.test:5173/node_modules/.vite/deps/chunk-ZRNALROW.js?v=5e0b4ae3:520
[    3363ms] [ERROR] Warning: Using UNSAFE_componentWillReceiveProps in strict mode is not recommended and may indicate bugs in your code. See https://reactjs.org/link/unsafe-component-lifecycles for details.

* Move data fetching code or side effects to componentDidUpdate.
* If you're updating state whenever props change, refactor your code to use memoization techniques or move it to static getDerivedStateFromProps. Learn more at: https://reactjs.org/link/derived-state

Please update the following components: %s t3 @ http://exam.openlearning.test:5173/node_modules/.vite/deps/chunk-ZRNALROW.js?v=5e0b4ae3:520
[    3363ms] [ERROR] Warning: Using UNSAFE_componentWillUpdate in strict mode is not recommended and may indicate bugs in your code. See https://reactjs.org/link/unsafe-component-lifecycles for details.

* Move data fetching code or side effects to componentDidUpdate.

Please update the following components: %s t3 @ http://exam.openlearning.test:5173/node_modules/.vite/deps/chunk-ZRNALROW.js?v=5e0b4ae3:520
[    3527ms] [ERROR] Failed to load resource: the server responded with a status of 403 () @ https://sr-client-cfg.amplitude.com/config?api_key=&config_keys=sessionReplay:0
[    3527ms] [WARNING] Amplitude Logger [Warn]: Network error occurred, remote config fetch failed @ http://exam.openlearning.test:5173/node_modules/.vite/deps/chunk-HJ3VN7OY.js?v=5e0b4ae3:1096
[    3684ms] [ERROR] Warning: findDOMNode is deprecated and will be removed in the next major release. Instead, add a ref directly to the element you want to reference. Learn more about using refs safely here: https://reactjs.org/link/strict-mode-find-node%s 
    at t3 (http://exam.openlearning.test:5173/node_modules/.vite/deps/@openlearningnet_openlearningui.js?v=5e0b4ae3:88304:14)
    at t3 (http://exam.openlearning.test:5173/node_modules/.vite/deps/@openlearningnet_openlearningui.js?v=5e0b4ae3:9908:14)
    at t3 (http://exam.openlearning.test:5173/node_modules/.vite/deps/@openlearningnet_openlearningui.js?v=5e0b4ae3:69071:29)
    at t3 (http://exam.openlearning.test:5173/node_modules/.vite/deps/@openlearningnet_openlearningui.js?v=5e0b4ae3:56061:34)
    at t2.Modal (http://exam.openlearning.test:5173/node_modules/.vite/deps/@openlearningnet_openlearningui.js?v=5e0b4ae3:29102:23)
    at div
    at ExamRunner (http://exam.openlearning.test:5173/src/containers/Exam/ExamRunner.tsx:80:30)
    at RenderedRoute (http://exam.openlearning.test:5173/node_modules/.vite/deps/react-router-dom.js?v=5e0b4ae3:4043:5)
    at RenderErrorBoundary (http://exam.openlearning.test:5173/node_modules/.vite/deps/react-router-dom.js?v=5e0b4ae3:4003:5)
    at DataRoutes (http://exam.openlearning.test:5173/node_modules/.vite/deps/react-router-dom.js?v=5e0b4ae3:5166:5)
    at Router (http://exam.openlearning.test:5173/node_modules/.vite/deps/react-router-dom.js?v=5e0b4ae3:4426:15)
    at RouterProvider (http://exam.openlearning.test:5173/node_modules/.vite/deps/react-router-dom.js?v=5e0b4ae3:4981:5)
    at QuestionPreviewProvider (http://exam.openlearning.test:5173/src/components/QuestionDisplay/context.tsx:118:3)
    at MediaDeviceProvider (http://exam.openlearning.test:5173/src/components/MediaRecorder/context/MediaDeviceContext.tsx:25:3)
    at QueryClientProvider (http://exam.openlearning.test:5173/node_modules/.vite/deps/@tanstack_react-query.js?v=5e0b4ae3:2655:3)
    at App (http://exam.openlearning.test:5173/src/App.tsx:89:34) @ http://exam.openlearning.test:5173/node_modules/.vite/deps/chunk-ZRNALROW.js?v=5e0b4ae3:520
[    3688ms] [ERROR] Warning: Legacy context API has been detected within a strict-mode tree.

The old API will be supported in all 16.x releases, but applications using it should migrate to the new version.

Please update the following components: %s

Learn more about this warning here: https://reactjs.org/link/legacy-context%s r3 
    at r3 (http://exam.openlearning.test:5173/node_modules/.vite/deps/@openlearningnet_openlearningui.js?v=5e0b4ae3:55425:21)
    at t3 (http://exam.openlearning.test:5173/node_modules/.vite/deps/@openlearningnet_openlearningui.js?v=5e0b4ae3:68691:23)
    at Kr
    at div
    at t3 (http://exam.openlearning.test:5173/node_modules/.vite/deps/@openlearningnet_openlearningui.js?v=5e0b4ae3:88304:14)
    at t3 (http://exam.openlearning.test:5173/node_modules/.vite/deps/@openlearningnet_openlearningui.js?v=5e0b4ae3:9908:14)
    at t3 (http://exam.openlearning.test:5173/node_modules/.vite/deps/@openlearningnet_openlearningui.js?v=5e0b4ae3:69071:29)
    at t3 (http://exam.openlearning.test:5173/node_modules/.vite/deps/@openlearningnet_openlearningui.js?v=5e0b4ae3:56061:34)
    at t2.Modal (http://exam.openlearning.test:5173/node_modules/.vite/deps/@openlearningnet_openlearningui.js?v=5e0b4ae3:29102:23)
    at div
    at ExamRunner (http://exam.openlearning.test:5173/src/containers/Exam/ExamRunner.tsx:80:30)
    at RenderedRoute (http://exam.openlearning.test:5173/node_modules/.vite/deps/react-router-dom.js?v=5e0b4ae3:4043:5)
    at RenderErrorBoundary (http://exam.openlearning.test:5173/node_modules/.vite/deps/react-router-dom.js?v=5e0b4ae3:4003:5)
    at DataRoutes (http://exam.openlearning.test:5173/node_modules/.vite/deps/react-router-dom.js?v=5e0b4ae3:5166:5)
    at Router (http://exam.openlearning.test:5173/node_modules/.vite/deps/react-router-dom.js?v=5e0b4ae3:4426:15)
    at RouterProvider (http://exam.openlearning.test:5173/node_modules/.vite/deps/react-router-dom.js?v=5e0b4ae3:4981:5)
    at QuestionPreviewProvider (http://exam.openlearning.test:5173/src/components/QuestionDisplay/context.tsx:118:3)
    at MediaDeviceProvider (http://exam.openlearning.test:5173/src/components/MediaRecorder/context/MediaDeviceContext.tsx:25:3)
    at QueryClientProvider (http://exam.openlearning.test:5173/node_modules/.vite/deps/@tanstack_react-query.js?v=5e0b4ae3:2655:3)
    at App (http://exam.openlearning.test:5173/src/App.tsx:89:34) @ http://exam.openlearning.test:5173/node_modules/.vite/deps/chunk-ZRNALROW.js?v=5e0b4ae3:520
[    3688ms] [ERROR] Warning: Using UNSAFE_componentWillMount in strict mode is not recommended and may indicate bugs in your code. See https://reactjs.org/link/unsafe-component-lifecycles for details.

* Move code with side effects to componentDidMount, and set initial state in the constructor.

Please update the following components: %s Portal @ http://exam.openlearning.test:5173/node_modules/.vite/deps/chunk-ZRNALROW.js?v=5e0b4ae3:520
[    3688ms] [ERROR] Warning: Using UNSAFE_componentWillReceiveProps in strict mode is not recommended and may indicate bugs in your code. See https://reactjs.org/link/unsafe-component-lifecycles for details.

* Move data fetching code or side effects to componentDidUpdate.
* If you're updating state whenever props change, refactor your code to use memoization techniques or move it to static getDerivedStateFromProps. Learn more at: https://reactjs.org/link/derived-state

Please update the following components: %s Portal @ http://exam.openlearning.test:5173/node_modules/.vite/deps/chunk-ZRNALROW.js?v=5e0b4ae3:520
[    3689ms] [ERROR] Warning: %s is deprecated in StrictMode. %s was passed an instance of %s which is inside StrictMode. Instead, add a ref directly to the element you want to reference. Learn more about using refs safely here: https://reactjs.org/link/strict-mode-find-node%s findDOMNode findDOMNode r3 
    at div
    at r3 (http://exam.openlearning.test:5173/node_modules/.vite/deps/@openlearningnet_openlearningui.js?v=5e0b4ae3:55425:21)
    at t3 (http://exam.openlearning.test:5173/node_modules/.vite/deps/@openlearningnet_openlearningui.js?v=5e0b4ae3:68691:23)
    at Kr
    at div
    at t3 (http://exam.openlearning.test:5173/node_modules/.vite/deps/@openlearningnet_openlearningui.js?v=5e0b4ae3:88304:14)
    at t3 (http://exam.openlearning.test:5173/node_modules/.vite/deps/@openlearningnet_openlearningui.js?v=5e0b4ae3:9908:14)
    at t3 (http://exam.openlearning.test:5173/node_modules/.vite/deps/@openlearningnet_openlearningui.js?v=5e0b4ae3:69071:29)
    at t3 (http://exam.openlearning.test:5173/node_modules/.vite/deps/@openlearningnet_openlearningui.js?v=5e0b4ae3:56061:34)
    at t2.Modal (http://exam.openlearning.test:5173/node_modules/.vite/deps/@openlearningnet_openlearningui.js?v=5e0b4ae3:29102:23)
    at div
    at ExamRunner (http://exam.openlearning.test:5173/src/containers/Exam/ExamRunner.tsx:80:30)
    at RenderedRoute (http://exam.openlearning.test:5173/node_modules/.vite/deps/react-router-dom.js?v=5e0b4ae3:4043:5)
    at RenderErrorBoundary (http://exam.openlearning.test:5173/node_modules/.vite/deps/react-router-dom.js?v=5e0b4ae3:4003:5)
    at DataRoutes (http://exam.openlearning.test:5173/node_modules/.vite/deps/react-router-dom.js?v=5e0b4ae3:5166:5)
    at Router (http://exam.openlearning.test:5173/node_modules/.vite/deps/react-router-dom.js?v=5e0b4ae3:4426:15)
    at RouterProvider (http://exam.openlearning.test:5173/node_modules/.vite/deps/react-router-dom.js?v=5e0b4ae3:4981:5)
    at QuestionPreviewProvider (http://exam.openlearning.test:5173/src/components/QuestionDisplay/context.tsx:118:3)
    at MediaDeviceProvider (http://exam.openlearning.test:5173/src/components/MediaRecorder/context/MediaDeviceContext.tsx:25:3)
    at QueryClientProvider (http://exam.openlearning.test:5173/node_modules/.vite/deps/@tanstack_react-query.js?v=5e0b4ae3:2655:3)
    at App (http://exam.openlearning.test:5173/src/App.tsx:89:34) @ http://exam.openlearning.test:5173/node_modules/.vite/deps/chunk-ZRNALROW.js?v=5e0b4ae3:520
[    3690ms] [ERROR] Warning: %s is deprecated in StrictMode. %s was passed an instance of %s which is inside StrictMode. Instead, add a ref directly to the element you want to reference. Learn more about using refs safely here: https://reactjs.org/link/strict-mode-find-node%s findDOMNode findDOMNode t3 
    at div
    at t3 (http://exam.openlearning.test:5173/node_modules/.vite/deps/@openlearningnet_openlearningui.js?v=5e0b4ae3:69019:23)
    at r3 (http://exam.openlearning.test:5173/node_modules/.vite/deps/@openlearningnet_openlearningui.js?v=5e0b4ae3:55425:21)
    at t3 (http://exam.openlearning.test:5173/node_modules/.vite/deps/@openlearningnet_openlearningui.js?v=5e0b4ae3:68691:23)
    at Wr
    at t3 (http://exam.openlearning.test:5173/node_modules/.vite/deps/@openlearningnet_openlearningui.js?v=5e0b4ae3:74139:14)
    at div
    at t3 (http://exam.openlearning.test:5173/node_modules/.vite/deps/@openlearningnet_openlearningui.js?v=5e0b4ae3:88304:14)
    at t3 (http://exam.openlearning.test:5173/node_modules/.vite/deps/@openlearningnet_openlearningui.js?v=5e0b4ae3:9908:14)
    at t3 (http://exam.openlearning.test:5173/node_modules/.vite/deps/@openlearningnet_openlearningui.js?v=5e0b4ae3:69071:29)
    at t3 (http://exam.openlearning.test:5173/node_modules/.vite/deps/@openlearningnet_openlearningui.js?v=5e0b4ae3:56061:34)
    at t2.Modal (http://exam.openlearning.test:5173/node_modules/.vite/deps/@openlearningnet_openlearningui.js?v=5e0b4ae3:29102:23)
    at div
    at ExamRunner (http://exam.openlearning.test:5173/src/containers/Exam/ExamRunner.tsx:80:30)
    at RenderedRoute (http://exam.openlearning.test:5173/node_modules/.vite/deps/react-router-dom.js?v=5e0b4ae3:4043:5)
    at RenderErrorBoundary (http://exam.openlearning.test:5173/node_modules/.vite/deps/react-router-dom.js?v=5e0b4ae3:4003:5)
    at DataRoutes (http://exam.openlearning.test:5173/node_modules/.vite/deps/react-router-dom.js?v=5e0b4ae3:5166:5)
    at Router (http://exam.openlearning.test:5173/node_modules/.vite/deps/react-router-dom.js?v=5e0b4ae3:4426:15)
    at RouterProvider (http://exam.openlearning.test:5173/node_modules/.vite/deps/react-router-dom.js?v=5e0b4ae3:4981:5)
    at QuestionPreviewProvider (http://exam.openlearning.test:5173/src/components/QuestionDisplay/context.tsx:118:3)
    at MediaDeviceProvider (http://exam.openlearning.test:5173/src/components/MediaRecorder/context/MediaDeviceContext.tsx:25:3)
    at QueryClientProvider (http://exam.openlearning.test:5173/node_modules/.vite/deps/@tanstack_react-query.js?v=5e0b4ae3:2655:3)
    at App (http://exam.openlearning.test:5173/src/App.tsx:89:34) @ http://exam.openlearning.test:5173/node_modules/.vite/deps/chunk-ZRNALROW.js?v=5e0b4ae3:520
[    3694ms] [ERROR] Warning: %s is deprecated in StrictMode. %s was passed an instance of %s which is inside StrictMode. Instead, add a ref directly to the element you want to reference. Learn more about using refs safely here: https://reactjs.org/link/strict-mode-find-node%s findDOMNode findDOMNode Portal 
    at div
    at t3 (http://exam.openlearning.test:5173/node_modules/.vite/deps/@openlearningnet_openlearningui.js?v=5e0b4ae3:88304:14)
    at t3 (http://exam.openlearning.test:5173/node_modules/.vite/deps/@openlearningnet_openlearningui.js?v=5e0b4ae3:9908:14)
    at t3 (http://exam.openlearning.test:5173/node_modules/.vite/deps/@openlearningnet_openlearningui.js?v=5e0b4ae3:69071:29)
    at t3 (http://exam.openlearning.test:5173/node_modules/.vite/deps/@openlearningnet_openlearningui.js?v=5e0b4ae3:56061:34)
    at t2.Modal (http://exam.openlearning.test:5173/node_modules/.vite/deps/@openlearningnet_openlearningui.js?v=5e0b4ae3:29102:23)
    at div
    at ExamRunner (http://exam.openlearning.test:5173/src/containers/Exam/ExamRunner.tsx:80:30)
    at RenderedRoute (http://exam.openlearning.test:5173/node_modules/.vite/deps/react-router-dom.js?v=5e0b4ae3:4043:5)
    at RenderErrorBoundary (http://exam.openlearning.test:5173/node_modules/.vite/deps/react-router-dom.js?v=5e0b4ae3:4003:5)
    at DataRoutes (http://exam.openlearning.test:5173/node_modules/.vite/deps/react-router-dom.js?v=5e0b4ae3:5166:5)
    at Router (http://exam.openlearning.test:5173/node_modules/.vite/deps/react-router-dom.js?v=5e0b4ae3:4426:15)
    at RouterProvider (http://exam.openlearning.test:5173/node_modules/.vite/deps/react-router-dom.js?v=5e0b4ae3:4981:5)
    at QuestionPreviewProvider (http://exam.openlearning.test:5173/src/components/QuestionDisplay/context.tsx:118:3)
    at MediaDeviceProvider (http://exam.openlearning.test:5173/src/components/MediaRecorder/context/MediaDeviceContext.tsx:25:3)
    at QueryClientProvider (http://exam.openlearning.test:5173/node_modules/.vite/deps/@tanstack_react-query.js?v=5e0b4ae3:2655:3)
    at App (http://exam.openlearning.test:5173/src/App.tsx:89:34) @ http://exam.openlearning.test:5173/node_modules/.vite/deps/chunk-ZRNALROW.js?v=5e0b4ae3:520
[    4582ms] [ERROR] Amplitude Logger [Error]: Event rejected due to missing API key @ http://exam.openlearning.test:5173/node_modules/.vite/deps/chunk-HJ3VN7OY.js?v=5e0b4ae3:1106
[   43258ms] [WARNING] Blocked aria-hidden on an element because its descendant retained focus. The focus must not be hidden from assistive technology users. Avoid using aria-hidden on a focused element or its ancestor. Consider using the inert attribute instead, which will also prevent focus. For more details, see the aria-hidden section of the WAI-ARIA specification at https://w3c.github.io/aria/#aria-hidden.
Element with focus: <section.outline outline-0 shadow-none [[data-placement]>&]:p-4 max-h-[inherit] relative flex flex-col overflow-auto>
Ancestor with aria-hidden: <div.fixed top-0 left-0 w-full h-[--visual-viewport-height] isolate z-40 bg-black/[50%] flex items-center justify-center p-0 sm:p-4 text-center> @ http://exam.openlearning.test:5173/exams/69d5b84643891fbfe9d11f5a/launch/?questionIdx=1&exam_status=exam_ended:0
[  103979ms] [WARNING] [Deprecation Notice]: Use of dataLoader (and loading data from the DOM) is deprecated. @ webpack:///../node_modules/@sentry/browser/node_modules/@sentry/utils/esm/instrument.js?:139
[  104333ms] [INFO] %cDownload the React DevTools for a better development experience: https://reactjs.org/link/react-devtools font-weight:bold @ webpack:///../node_modules/@sentry/browser/node_modules/@sentry/utils/esm/instrument.js?:139
[  104462ms] [LOG] i18next: languageChanged en @ webpack:///../node_modules/@sentry/browser/node_modules/@sentry/utils/esm/instrument.js?:139
[  104462ms] [LOG] i18next: initialized {debug: true, initImmediate: true, ns: Array(1), defaultNS: common, fallbackLng: Array(1)} @ webpack:///../node_modules/@sentry/browser/node_modules/@sentry/utils/esm/instrument.js?:139
[  104510ms] [WARNING] [Deprecation Notice]: Use of dataMultiLoader (and loading data from the DOM) is deprecated. @ webpack:///../node_modules/@sentry/browser/node_modules/@sentry/utils/esm/instrument.js?:139
[  105177ms] [ERROR] Warning: ReactDOM.render is no longer supported in React 18. Use createRoot instead. Until you switch to the new API, your app will behave as if it's running React 17. Learn more: https://reactjs.org/link/switch-to-createroot @ webpack:///../node_modules/@sentry/browser/node_modules/@sentry/utils/esm/instrument.js?:139
[  105199ms] [ERROR] The pseudo class ":first-child" is potentially unsafe when doing server-side rendering. Try changing it to ":first-of-type". @ webpack:///../node_modules/@sentry/browser/node_modules/@sentry/utils/esm/instrument.js?:139
[  106331ms] [LOG] [HMR] connected @ webpack:///../node_modules/@sentry/browser/node_modules/@sentry/utils/esm/instrument.js?:139
[  107047ms] [WARNING] The keyword 'slider-vertical' specified to an 'appearance' property is not standardized. It will be removed in the future. Use <input type=range style="writing-mode: vertical-lr; direction: rtl"> instead. @ webpack:///../node_modules/@openlearningnet/openlearningui/dist/main/index.js?:43
[  107047ms] [WARNING] The keyword 'slider-vertical' specified to an 'appearance' property is not standardized. It will be removed in the future. Use <input type=range style="writing-mode: vertical-lr; direction: rtl"> instead. @ webpack:///../node_modules/@openlearningnet/openlearningui/dist/main/index.js?:43
[  107313ms] [ERROR] Warning: ReactDOM.render is no longer supported in React 18. Use createRoot instead. Until you switch to the new API, your app will behave as if it's running React 17. Learn more: https://reactjs.org/link/switch-to-createroot @ webpack:///../node_modules/@sentry/browser/node_modules/@sentry/utils/esm/instrument.js?:139
[  107320ms] [ERROR] Warning: Failed %s type: %s%s prop The prop `loginSettings` is marked as required in `LoginModal`, but its value is `null`. 
    at LoginModal (webpack:///./web/containers/LoginModal/LoginModal.jsx?:50:5)
    at ConnectFunction (webpack:///../node_modules/react-redux/es/components/connect.js?:240:114)
    at _TopBar (webpack:///./web/containers/TopBar/component.tsx?:95:5)
    at I18nextWithTranslation (webpack:///../node_modules/react-i18next/dist/es/withTranslation.js?:27:31)
    at RudyProvider (webpack:///../node_modules/@respond-framework/react/es/provider.js?:14:18)
    at Provider (webpack:///../node_modules/react-redux/es/components/Provider.js?:16:3) @ webpack:///../node_modules/@sentry/browser/node_modules/@sentry/utils/esm/instrument.js?:139
[  107357ms] [ERROR] Using kebab-case for css properties in objects is not supported. Did you mean WebkitOverflowScrolling? @ webpack:///../node_modules/@sentry/browser/node_modules/@sentry/utils/esm/instrument.js?:139
[  107360ms] [ERROR] Warning: Failed %s type: %s%s prop The prop `showAccessSuspended` is marked as required in `_CourseNavigationMenu`, but its value is `undefined`. 
    at _CourseNavigationMenu (webpack:///./web/components/Navigation/CourseNavigationMenu/index.jsx?:105:5)
    at ConnectFunction (webpack:///../node_modules/react-redux/es/components/connect.js?:240:114)
    at div
    at eval (webpack:///../node_modules/@emotion/react/dist/emotion-element-cbed451f.browser.esm.js?:57:66)
    at div
    at eval (webpack:///../node_modules/@emotion/react/dist/emotion-element-cbed451f.browser.esm.js?:57:66)
    at div
    at eval (webpack:///../node_modules/@emotion/react/dist/emotion-element-cbed451f.browser.esm.js?:57:66)
    at TopBarDropdown (webpack:///./web/containers/TopBar/TopBarDropdown/component.tsx?:38:28)
    at div
    at eval (webpack:///../node_modules/@emotion/react/dist/emotion-element-cbed451f.browser.esm.js?:57:66)
    at MenuItemMobileNav (webpack:///./web/containers/TopBar/MenuItemMobileNav/component.tsx?:46:30)
    at div
    at eval (webpack:///../node_modules/@emotion/react/dist/emotion-element-cbed451f.browser.esm.js?:57:66)
    at div
    at eval (webpack:///../node_modules/@emotion/react/dist/emotion-element-cbed451f.browser.esm.js?:57:66)
    at t.QueryClientProvider (webpack:///../node_modules/@tanstack/react-query/build/umd/index.production.js?:21:40044)
    at div
    at eval (webpack:///../node_modules/@emotion/react/dist/emotion-element-cbed451f.browser.esm.js?:57:66)
    at div
    at eval (webpack:///../node_modules/@emotion/react/dist/emotion-element-cbed451f.browser.esm.js?:57:66)
    at _TopBar (webpack:///./web/containers/TopBar/component.tsx?:95:5)
    at I18nextWithTranslation (webpack:///../node_modules/react-i18next/dist/es/withTranslation.js?:27:31)
    at RudyProvider (webpack:///../node_modules/@respond-framework/react/es/provider.js?:14:18)
    at Provider (webpack:///../node_modules/react-redux/es/components/Provider.js?:16:3) @ webpack:///../node_modules/@sentry/browser/node_modules/@sentry/utils/esm/instrument.js?:139
[  107360ms] [ERROR] Warning: Failed %s type: %s%s prop Invalid prop `children` of type `array` supplied to `Sticky`, expected a single ReactElement. 
    at Sticky (webpack:///../node_modules/react-stickynode/dist/es/Sticky.js?:45:5)
    at _CourseNavigationMenu (webpack:///./web/components/Navigation/CourseNavigationMenu/index.jsx?:105:5)
    at ConnectFunction (webpack:///../node_modules/react-redux/es/components/connect.js?:240:114)
    at div
    at eval (webpack:///../node_modules/@emotion/react/dist/emotion-element-cbed451f.browser.esm.js?:57:66)
    at div
    at eval (webpack:///../node_modules/@emotion/react/dist/emotion-element-cbed451f.browser.esm.js?:57:66)
    at div
    at eval (webpack:///../node_modules/@emotion/react/dist/emotion-element-cbed451f.browser.esm.js?:57:66)
    at TopBarDropdown (webpack:///./web/containers/TopBar/TopBarDropdown/component.tsx?:38:28)
    at div
    at eval (webpack:///../node_modules/@emotion/react/dist/emotion-element-cbed451f.browser.esm.js?:57:66)
    at MenuItemMobileNav (webpack:///./web/containers/TopBar/MenuItemMobileNav/component.tsx?:46:30)
    at div
    at eval (webpack:///../node_modules/@emotion/react/dist/emotion-element-cbed451f.browser.esm.js?:57:66)
    at div
    at eval (webpack:///../node_modules/@emotion/react/dist/emotion-element-cbed451f.browser.esm.js?:57:66)
    at t.QueryClientProvider (webpack:///../node_modules/@tanstack/react-query/build/umd/index.production.js?:21:40044)
    at div
    at eval (webpack:///../node_modules/@emotion/react/dist/emotion-element-cbed451f.browser.esm.js?:57:66)
    at div
    at eval (webpack:///../node_modules/@emotion/react/dist/emotion-element-cbed451f.browser.esm.js?:57:66)
    at _TopBar (webpack:///./web/containers/TopBar/component.tsx?:95:5)
    at I18nextWithTranslation (webpack:///../node_modules/react-i18next/dist/es/withTranslation.js?:27:31)
    at RudyProvider (webpack:///../node_modules/@respond-framework/react/es/provider.js?:14:18)
    at Provider (webpack:///../node_modules/react-redux/es/components/Provider.js?:16:3) @ webpack:///../node_modules/@sentry/browser/node_modules/@sentry/utils/esm/instrument.js?:139
[  107394ms] [ERROR] Warning: Received `%s` for a non-boolean attribute `%s`.

If you want to write it to the DOM, pass a string instead: %s="%s" or %s={value.toString()}.

If you used to conditionally omit it with %s={condition && value}, pass %s={condition ? value : undefined} instead.%s false highlight highlight false highlight highlight highlight 
    at a
    at LinkInner (webpack:///../node_modules/@respond-framework/react/es/link.js?:32:18)
    at ConnectFunction (webpack:///../node_modules/react-redux/es/components/connect.js?:240:114)
    at Link
    at LinkInnerInner (webpack:///./web/containers/Link/component.jsx?:52:5)
    at LinkInner
    at ConnectFunction (webpack:///../node_modules/react-redux/es/components/connect.js?:240:114)
    at RouteLink (webpack:///./web/components/RouteLink/component.tsx?:18:63)
    at eval (webpack:///../node_modules/@emotion/react/dist/emotion-element-cbed451f.browser.esm.js?:57:66)
    at li
    at ul
    at eval (webpack:///../node_modules/@emotion/react/dist/emotion-element-cbed451f.browser.esm.js?:57:66)
    at li
    at ul
    at eval (webpack:///../node_modules/@emotion/react/dist/emotion-element-cbed451f.browser.esm.js?:57:66)
    at div
    at eval (webpack:///../node_modules/@emotion/react/dist/emotion-element-cbed451f.browser.esm.js?:57:66)
    at TopBarUserMenu (webpack:///./web/containers/TopBar/TopBarUserMenu/component.tsx?:84:68)
    at div
    at eval (webpack:///../node_modules/@emotion/react/dist/emotion-element-cbed451f.browser.esm.js?:57:66)
    at div
    at eval (webpack:///../node_modules/@emotion/react/dist/emotion-element-cbed451f.browser.esm.js?:57:66)
    at TopBarDropdown (webpack:///./web/containers/TopBar/TopBarDropdown/component.tsx?:38:28)
    at div
    at eval (webpack:///../node_modules/@emotion/react/dist/emotion-element-cbed451f.browser.esm.js?:57:66)
    at TopBarItem (webpack:///./web/containers/TopBar/TopBarItem/component.tsx?:22:19)
    at MenuItemUser (webpack:///./web/containers/TopBar/MenuItemUser/component.tsx?:34:19)
    at div
    at eval (webpack:///../node_modules/@emotion/react/dist/emotion-element-cbed451f.browser.esm.js?:57:66)
    at div
    at eval (webpack:///../node_modules/@emotion/react/dist/emotion-element-cbed451f.browser.esm.js?:57:66)
    at t.QueryClientProvider (webpack:///../node_modules/@tanstack/react-query/build/umd/index.production.js?:21:40044)
    at div
    at eval (webpack:///../node_modules/@emotion/react/dist/emotion-element-cbed451f.browser.esm.js?:57:66)
    at div
    at eval (webpack:///../node_modules/@emotion/react/dist/emotion-element-cbed451f.browser.esm.js?:57:66)
    at _TopBar (webpack:///./web/containers/TopBar/component.tsx?:95:5)
    at I18nextWithTranslation (webpack:///../node_modules/react-i18next/dist/es/withTranslation.js?:27:31)
    at RudyProvider (webpack:///../node_modules/@respond-framework/react/es/provider.js?:14:18)
    at Provider (webpack:///../node_modules/react-redux/es/components/Provider.js?:16:3) @ webpack:///../node_modules/@sentry/browser/node_modules/@sentry/utils/esm/instrument.js?:139
[  107480ms] [ERROR] Failed to load resource: the server responded with a status of 401 () @ https://course-uploads-qa.openlearning.com/set-access-token:0
[  107557ms] [ERROR] Warning: ReactDOM.render is no longer supported in React 18. Use createRoot instead. Until you switch to the new API, your app will behave as if it's running React 17. Learn more: https://reactjs.org/link/switch-to-createroot @ webpack:///../node_modules/@sentry/browser/node_modules/@sentry/utils/esm/instrument.js?:139
[  107559ms] [WARNING] Warning: componentWillReceiveProps has been renamed, and is not recommended for use. See https://reactjs.org/link/unsafe-component-lifecycles for details.

* Move data fetching code or side effects to componentDidUpdate.
* If you're updating state whenever props change, refactor your code to use memoization techniques or move it to static getDerivedStateFromProps. Learn more at: https://reactjs.org/link/derived-state
* Rename componentWillReceiveProps to UNSAFE_componentWillReceiveProps to suppress this warning in non-strict mode. In React 18.x, only the UNSAFE_ name will work. To rename all deprecated lifecycles to their new names, you can run `npx react-codemod rename-unsafe-lifecycles` in your project source folder.

Please update the following components: %s ASICInformationCapture @ webpack:///../node_modules/@sentry/browser/node_modules/@sentry/utils/esm/instrument.js?:139
[  107561ms] [ERROR] Warning: ReactDOM.render is no longer supported in React 18. Use createRoot instead. Until you switch to the new API, your app will behave as if it's running React 17. Learn more: https://reactjs.org/link/switch-to-createroot @ webpack:///../node_modules/@sentry/browser/node_modules/@sentry/utils/esm/instrument.js?:139
[  107566ms] [ERROR] Warning: ReactDOM.render is no longer supported in React 18. Use createRoot instead. Until you switch to the new API, your app will behave as if it's running React 17. Learn more: https://reactjs.org/link/switch-to-createroot @ webpack:///../node_modules/@sentry/browser/node_modules/@sentry/utils/esm/instrument.js?:139
[  107900ms] AxiosError
[  107704ms] [ERROR] Warning: ReactDOM.render is no longer supported in React 18. Use createRoot instead. Until you switch to the new API, your app will behave as if it's running React 17. Learn more: https://reactjs.org/link/switch-to-createroot @ webpack:///../node_modules/@sentry/browser/node_modules/@sentry/utils/esm/instrument.js?:139
[  107717ms] [WARNING] Warning: componentWillMount has been renamed, and is not recommended for use. See https://reactjs.org/link/unsafe-component-lifecycles for details.

* Move code with side effects to componentDidMount, and set initial state in the constructor.
* Rename componentWillMount to UNSAFE_componentWillMount to suppress this warning in non-strict mode. In React 18.x, only the UNSAFE_ name will work. To rename all deprecated lifecycles to their new names, you can run `npx react-codemod rename-unsafe-lifecycles` in your project source folder.

Please update the following components: %s LoadJsScript @ webpack:///../node_modules/@sentry/browser/node_modules/@sentry/utils/esm/instrument.js?:139
[  107754ms] [ERROR] WebSocket connection to 'ws://localhost:9000/socketcluster/' failed: Error in connection establishment: net::ERR_CONNECTION_REFUSED @ webpack:///../node_modules/socketcluster-client/lib/sctransport.js?:9
[  107771ms] [ERROR] SocketProtocolError @ webpack:///../node_modules/@sentry/browser/node_modules/@sentry/utils/esm/instrument.js?:139
[  107771ms] [ERROR] SocketProtocolError @ webpack:///../node_modules/@sentry/browser/node_modules/@sentry/utils/esm/instrument.js?:139
[  108191ms] [ERROR] Failed to load resource: net::ERR_CONNECTION_REFUSED @ http://localhost:7071/notifications/user/622ff2fc8dba254d8050a4cb?page=1&page_size=10:0
[  109659ms] [WARNING] You are loading @emotion/react when it is already loaded. Running multiple instances may cause problems. This can happen if multiple versions are used, or if multiple builds of the same version are used. @ webpack:///../node_modules/@sentry/browser/node_modules/@sentry/utils/esm/instrument.js?:139
[  110120ms] [WARNING] Warning: React.createFactory() is deprecated and will be removed in a future major release. Consider using JSX or use React.createElement() directly instead. @ webpack:///../node_modules/@sentry/browser/node_modules/@sentry/utils/esm/instrument.js?:139
[  111254ms] [ERROR] Warning: Failed %s type: %s%s prop The prop `isCourseFrameRevampEnabled` is marked as required in `ModuleDisplayElement_`, but its value is `undefined`. 
    at ModuleDisplayElement_ (webpack:///./web/containers/ModuleDisplay/ModuleDisplayElement.jsx?:94:5)
    at ConnectFunction (webpack:///../node_modules/react-redux/es/components/connect.js?:240:114)
    at Suspense
    at WrappedComponent
    at ErrorBoundary (webpack:///./web/components/Loadable/index.tsx?:40:7)
    at RudyProvider (webpack:///../node_modules/@respond-framework/react/es/provider.js?:14:18)
    at Provider (webpack:///../node_modules/react-redux/es/components/Provider.js?:16:3) @ webpack:///../node_modules/@sentry/browser/node_modules/@sentry/utils/esm/instrument.js?:139
[  111304ms] [ERROR] Warning: Failed %s type: %s%s prop The prop `progressBarClickable` is marked as required in `_CourseProgressBar`, but its value is `undefined`. 
    at _CourseProgressBar (webpack:///./web/CourseProgressBar/CourseProgressBar.jsx?:44:5)
    at I18nextWithTranslation (webpack:///../node_modules/react-i18next/dist/es/withTranslation.js?:27:31)
    at ConnectFunction (webpack:///../node_modules/react-redux/es/components/connect.js?:240:114)
    at Suspense
    at WrappedComponent
    at ErrorBoundary (webpack:///./web/components/Loadable/index.tsx?:40:7)
    at CourseProgressBarPortal
    at RegionProvider (webpack:///./web/containers/BasePage/providers/RegionProvider.tsx?:34:66)
    at t.QueryClientProvider (webpack:///../node_modules/@tanstack/react-query/build/umd/index.production.js?:21:40044)
    at h (webpack:///../node_modules/react-google-recaptcha-v3/dist/react-google-recaptcha-v3.esm.js?:27:3189)
    at BasePage (webpack:///./web/containers/BasePage/component.jsx?:176:5)
    at ConnectFunction (webpack:///../node_modules/react-redux/es/components/connect.js?:240:114)
    at RudyProvider (webpack:///../node_modules/@respond-framework/react/es/provider.js?:14:18)
    at Provider (webpack:///../node_modules/react-redux/es/components/Provider.js?:16:3) @ webpack:///../node_modules/@sentry/browser/node_modules/@sentry/utils/esm/instrument.js?:139
[  111305ms] [WARNING] Warning: componentWillMount has been renamed, and is not recommended for use. See https://reactjs.org/link/unsafe-component-lifecycles for details.

* Move code with side effects to componentDidMount, and set initial state in the constructor.
* Rename componentWillMount to UNSAFE_componentWillMount to suppress this warning in non-strict mode. In React 18.x, only the UNSAFE_ name will work. To rename all deprecated lifecycles to their new names, you can run `npx react-codemod rename-unsafe-lifecycles` in your project source folder.

Please update the following components: %s _CourseProgressBar @ webpack:///../node_modules/@sentry/browser/node_modules/@sentry/utils/esm/instrument.js?:139
[  111353ms] [ERROR] Warning: Each child in a list should have a unique "key" prop.%s%s See https://reactjs.org/link/warning-keys for more information.%s 

Check the render method of `Modal`.  
    at Modal (webpack:///./web/components/Modals/Modal/component.tsx?:56:7)
    at AcceptCustomTnc (webpack:///./web/components/AcceptCustomTnc/component.tsx?:41:88)
    at Suspense
    at WrappedComponent
    at ErrorBoundary (webpack:///./web/components/Loadable/index.tsx?:40:7)
    at RegionProvider (webpack:///./web/containers/BasePage/providers/RegionProvider.tsx?:34:66)
    at t.QueryClientProvider (webpack:///../node_modules/@tanstack/react-query/build/umd/index.production.js?:21:40044)
    at h (webpack:///../node_modules/react-google-recaptcha-v3/dist/react-google-recaptcha-v3.esm.js?:27:3189)
    at BasePage (webpack:///./web/containers/BasePage/component.jsx?:176:5)
    at ConnectFunction (webpack:///../node_modules/react-redux/es/components/connect.js?:240:114)
    at RudyProvider (webpack:///../node_modules/@respond-framework/react/es/provider.js?:14:18)
    at Provider (webpack:///../node_modules/react-redux/es/components/Provider.js?:16:3) @ webpack:///../node_modules/@sentry/browser/node_modules/@sentry/utils/esm/instrument.js?:139
[  111362ms] [ERROR] Warning: ReactDOM.render is no longer supported in React 18. Use createRoot instead. Until you switch to the new API, your app will behave as if it's running React 17. Learn more: https://reactjs.org/link/switch-to-createroot @ webpack:///../node_modules/@sentry/browser/node_modules/@sentry/utils/esm/instrument.js?:139
[  111378ms] [ERROR] Warning: Failed %s type: %s%s prop Invalid prop `cohort[0]` of type `string` supplied to `BlockPageFooter_`, expected an Immutable.js Map. 
    at BlockPageFooter_ (webpack:///./web/containers/BlockPage/BlockPageFooter.jsx?:89:5)
    at ConnectFunction (webpack:///../node_modules/react-redux/es/components/connect.js?:240:114)
    at forwardConnectRef
    at BlockPageFooterPortal
    at t.QueryClientProvider (webpack:///../node_modules/@tanstack/react-query/build/umd/index.production.js?:21:40044)
    at block-page-content-container
    at BlockPageContentContainer (webpack:///./web/containers/BlockPage/BlockPageContentContainer.jsx?:167:5)
    at div
    at div
    at DndContext (webpack:///../node_modules/@dnd-kit/core/dist/core.esm.js?:2898:5)
    at BlockPageDndContext (webpack:///./web/components/BlockPageDndContext/component.tsx?:31:23)
    at BlockPageEditContentContainer (webpack:///./web/containers/BlockPage/BlockPageContentContainer.jsx?:258:5)
    at ConnectFunction (webpack:///../node_modules/react-redux/es/components/connect.js?:240:114)
    at RudyProvider (webpack:///../node_modules/@respond-framework/react/es/provider.js?:14:18)
    at Provider (webpack:///../node_modules/react-redux/es/components/Provider.js?:16:3) @ webpack:///../node_modules/@sentry/browser/node_modules/@sentry/utils/esm/instrument.js?:139
[  111382ms] [WARNING] Warning: componentWillMount has been renamed, and is not recommended for use. See https://reactjs.org/link/unsafe-component-lifecycles for details.

* Move code with side effects to componentDidMount, and set initial state in the constructor.
* Rename componentWillMount to UNSAFE_componentWillMount to suppress this warning in non-strict mode. In React 18.x, only the UNSAFE_ name will work. To rename all deprecated lifecycles to their new names, you can run `npx react-codemod rename-unsafe-lifecycles` in your project source folder.

Please update the following components: %s BlockPageContent_ @ webpack:///../node_modules/@sentry/browser/node_modules/@sentry/utils/esm/instrument.js?:139
[  111383ms] [WARNING] Warning: componentWillReceiveProps has been renamed, and is not recommended for use. See https://reactjs.org/link/unsafe-component-lifecycles for details.

* Move data fetching code or side effects to componentDidUpdate.
* If you're updating state whenever props change, refactor your code to use memoization techniques or move it to static getDerivedStateFromProps. Learn more at: https://reactjs.org/link/derived-state
* Rename componentWillReceiveProps to UNSAFE_componentWillReceiveProps to suppress this warning in non-strict mode. In React 18.x, only the UNSAFE_ name will work. To rename all deprecated lifecycles to their new names, you can run `npx react-codemod rename-unsafe-lifecycles` in your project source folder.

Please update the following components: %s BlockPageFooter_ @ webpack:///../node_modules/@sentry/browser/node_modules/@sentry/utils/esm/instrument.js?:139
[  111383ms] [WARNING] Warning: componentWillUpdate has been renamed, and is not recommended for use. See https://reactjs.org/link/unsafe-component-lifecycles for details.

* Move data fetching code or side effects to componentDidUpdate.
* Rename componentWillUpdate to UNSAFE_componentWillUpdate to suppress this warning in non-strict mode. In React 18.x, only the UNSAFE_ name will work. To rename all deprecated lifecycles to their new names, you can run `npx react-codemod rename-unsafe-lifecycles` in your project source folder.

Please update the following components: %s BlockPageContent_ @ webpack:///../node_modules/@sentry/browser/node_modules/@sentry/utils/esm/instrument.js?:139
[  111731ms] [ERROR] Failed to load resource: the server responded with a status of 403 (Forbidden) @ http://openlearning.test/json/course/read/getCourseSubscriptionData/institutiontestpath/courses/second-course/:0
[  111817ms] [WARNING] Warning: componentWillMount has been renamed, and is not recommended for use. See https://reactjs.org/link/unsafe-component-lifecycles for details.

* Move code with side effects to componentDidMount, and set initial state in the constructor.
* Rename componentWillMount to UNSAFE_componentWillMount to suppress this warning in non-strict mode. In React 18.x, only the UNSAFE_ name will work. To rename all deprecated lifecycles to their new names, you can run `npx react-codemod rename-unsafe-lifecycles` in your project source folder.

Please update the following components: %s Trigger @ webpack:///../node_modules/@sentry/browser/node_modules/@sentry/utils/esm/instrument.js?:139
[  111818ms] [WARNING] Warning: componentWillReceiveProps has been renamed, and is not recommended for use. See https://reactjs.org/link/unsafe-component-lifecycles for details.

* Move data fetching code or side effects to componentDidUpdate.
* If you're updating state whenever props change, refactor your code to use memoization techniques or move it to static getDerivedStateFromProps. Learn more at: https://reactjs.org/link/derived-state
* Rename componentWillReceiveProps to UNSAFE_componentWillReceiveProps to suppress this warning in non-strict mode. In React 18.x, only the UNSAFE_ name will work. To rename all deprecated lifecycles to their new names, you can run `npx react-codemod rename-unsafe-lifecycles` in your project source folder.

Please update the following components: %s Trigger @ webpack:///../node_modules/@sentry/browser/node_modules/@sentry/utils/esm/instrument.js?:139
[  111941ms] [ERROR] Failed to load resource: the server responded with a status of 403 (Forbidden) @ http://openlearning.test/json/course/read/getStripeConnectContext/institutiontestpath/courses/second-course/:0
[  111942ms] [ERROR] Failed to load resource: the server responded with a status of 404 (Not Found) @ http://openlearning.test/json/institutionaddon/lookup/getInstitutionAddon/?institution=institutiontestpath&addOnType=verifiedOrchestration:0
[  112139ms] [WARNING] Warning: componentWillMount has been renamed, and is not recommended for use. See https://reactjs.org/link/unsafe-component-lifecycles for details.

* Move code with side effects to componentDidMount, and set initial state in the constructor.
* Rename componentWillMount to UNSAFE_componentWillMount to suppress this warning in non-strict mode. In React 18.x, only the UNSAFE_ name will work. To rename all deprecated lifecycles to their new names, you can run `npx react-codemod rename-unsafe-lifecycles` in your project source folder.

Please update the following components: %s BlockPageHeader_, Breadcrumbs, PieChart @ webpack:///../node_modules/@sentry/browser/node_modules/@sentry/utils/esm/instrument.js?:139
[  112140ms] [WARNING] Warning: componentWillUpdate has been renamed, and is not recommended for use. See https://reactjs.org/link/unsafe-component-lifecycles for details.

* Move data fetching code or side effects to componentDidUpdate.
* Rename componentWillUpdate to UNSAFE_componentWillUpdate to suppress this warning in non-strict mode. In React 18.x, only the UNSAFE_ name will work. To rename all deprecated lifecycles to their new names, you can run `npx react-codemod rename-unsafe-lifecycles` in your project source folder.

Please update the following components: %s PieChart @ webpack:///../node_modules/@sentry/browser/node_modules/@sentry/utils/esm/instrument.js?:139
[  112169ms] [ERROR] Warning: Failed %s type: %s%s prop Required prop `reports` was not specified in `ReplyForm_`. 
    at ReplyForm_ (webpack:///./web/components/Comments/ReplyForm/ReplyForm.jsx?:196:5)
    at I18nextWithTranslation (webpack:///../node_modules/react-i18next/dist/es/withTranslation.js?:27:31)
    at ConnectFunction (webpack:///../node_modules/react-redux/es/components/connect.js?:240:114)
    at div
    at eval (webpack:///../node_modules/@emotion/react/dist/emotion-element-cbed451f.browser.esm.js?:57:66)
    at div
    at eval (webpack:///../node_modules/@emotion/react/dist/emotion-element-cbed451f.browser.esm.js?:57:66)
    at Comments (webpack:///./web/components/Comments/component.tsx?:46:5)
    at ConnectFunction (webpack:///../node_modules/react-redux/es/components/connect.js?:240:114)
    at Comments (webpack:///./web/components/Comments/index.jsx?:24:1)
    at div
    at div
    at BlockPagePageComments_ (webpack:///./web/containers/BlockPage/BlockPagePageComments.jsx?:73:5)
    at ConnectFunction (webpack:///../node_modules/react-redux/es/components/connect.js?:240:114)
    at forwardConnectRef
    at BlockPageCommentsPortal
    at t.QueryClientProvider (webpack:///../node_modules/@tanstack/react-query/build/umd/index.production.js?:21:40044)
    at block-page-content-container
    at BlockPageContentContainer (webpack:///./web/containers/BlockPage/BlockPageContentContainer.jsx?:167:5)
    at div
    at div
    at DndContext (webpack:///../node_modules/@dnd-kit/core/dist/core.esm.js?:2898:5)
    at BlockPageDndContext (webpack:///./web/components/BlockPageDndContext/component.tsx?:31:23)
    at BlockPageEditContentContainer (webpack:///./web/containers/BlockPage/BlockPageContentContainer.jsx?:258:5)
    at ConnectFunction (webpack:///../node_modules/react-redux/es/components/connect.js?:240:114)
    at RudyProvider (webpack:///../node_modules/@respond-framework/react/es/provider.js?:14:18)
    at Provider (webpack:///../node_modules/react-redux/es/components/Provider.js?:16:3) @ webpack:///../node_modules/@sentry/browser/node_modules/@sentry/utils/esm/instrument.js?:139
[  112181ms] [WARNING] Supplying an `onDownArrow` prop to `DraftEditor` has been deprecated. If your handler needs access to the keyboard event, supply a custom `keyBindingFn` prop that falls back to the default one (eg. https://is.gd/wHKQ3W). @ webpack:///../node_modules/@sentry/browser/node_modules/@sentry/utils/esm/instrument.js?:139
[  112181ms] [WARNING] Supplying an `onTab` prop to `DraftEditor` has been deprecated. If your handler needs access to the keyboard event, supply a custom `keyBindingFn` prop that falls back to the default one (eg. https://is.gd/wHKQ3W). @ webpack:///../node_modules/@sentry/browser/node_modules/@sentry/utils/esm/instrument.js?:139
[  112181ms] [WARNING] Supplying an `onUpArrow` prop to `DraftEditor` has been deprecated. If your handler needs access to the keyboard event, supply a custom `keyBindingFn` prop that falls back to the default one (eg. https://is.gd/wHKQ3W). @ webpack:///../node_modules/@sentry/browser/node_modules/@sentry/utils/esm/instrument.js?:139
[  112184ms] [WARNING] Warning: componentWillReceiveProps has been renamed, and is not recommended for use. See https://reactjs.org/link/unsafe-component-lifecycles for details.

* Move data fetching code or side effects to componentDidUpdate.
* If you're updating state whenever props change, refactor your code to use memoization techniques or move it to static getDerivedStateFromProps. Learn more at: https://reactjs.org/link/derived-state
* Rename componentWillReceiveProps to UNSAFE_componentWillReceiveProps to suppress this warning in non-strict mode. In React 18.x, only the UNSAFE_ name will work. To rename all deprecated lifecycles to their new names, you can run `npx react-codemod rename-unsafe-lifecycles` in your project source folder.

Please update the following components: %s BlockPageTags, Toolbar @ webpack:///../node_modules/@sentry/browser/node_modules/@sentry/utils/esm/instrument.js?:139
[  112187ms] [ERROR] The pseudo class ":first-child" is potentially unsafe when doing server-side rendering. Try changing it to ":first-of-type". @ webpack:///../node_modules/@sentry/browser/node_modules/@sentry/utils/esm/instrument.js?:139
[  112210ms] [WARNING] Warning: componentWillMount has been renamed, and is not recommended for use. See https://reactjs.org/link/unsafe-component-lifecycles for details.

* Move code with side effects to componentDidMount, and set initial state in the constructor.
* Rename componentWillMount to UNSAFE_componentWillMount to suppress this warning in non-strict mode. In React 18.x, only the UNSAFE_ name will work. To rename all deprecated lifecycles to their new names, you can run `npx react-codemod rename-unsafe-lifecycles` in your project source folder.

Please update the following components: %s Block_ @ webpack:///../node_modules/@sentry/browser/node_modules/@sentry/utils/esm/instrument.js?:139
[  112210ms] [WARNING] Warning: componentWillReceiveProps has been renamed, and is not recommended for use. See https://reactjs.org/link/unsafe-component-lifecycles for details.

* Move data fetching code or side effects to componentDidUpdate.
* If you're updating state whenever props change, refactor your code to use memoization techniques or move it to static getDerivedStateFromProps. Learn more at: https://reactjs.org/link/derived-state
* Rename componentWillReceiveProps to UNSAFE_componentWillReceiveProps to suppress this warning in non-strict mode. In React 18.x, only the UNSAFE_ name will work. To rename all deprecated lifecycles to their new names, you can run `npx react-codemod rename-unsafe-lifecycles` in your project source folder.

Please update the following components: %s Block_ @ webpack:///../node_modules/@sentry/browser/node_modules/@sentry/utils/esm/instrument.js?:139
[  112540ms] [WARNING] Warning: componentWillMount has been renamed, and is not recommended for use. See https://reactjs.org/link/unsafe-component-lifecycles for details.

* Move code with side effects to componentDidMount, and set initial state in the constructor.
* Rename componentWillMount to UNSAFE_componentWillMount to suppress this warning in non-strict mode. In React 18.x, only the UNSAFE_ name will work. To rename all deprecated lifecycles to their new names, you can run `npx react-codemod rename-unsafe-lifecycles` in your project source folder.

Please update the following components: %s RichTextWidget_ @ webpack:///../node_modules/@sentry/browser/node_modules/@sentry/utils/esm/instrument.js?:139
[  112559ms] [ERROR] Failed to load resource: the server responded with a status of 403 (Forbidden) @ http://openlearning.test/json/course/read/getEnabledWidgetIntegrationProviders/institutiontestpath/courses/second-course/:0
[  121854ms] [ERROR] WebSocket connection to 'ws://localhost:9000/socketcluster/' failed: Error in connection establishment: net::ERR_CONNECTION_REFUSED @ webpack:///../node_modules/socketcluster-client/lib/sctransport.js?:9
[  121899ms] [ERROR] SocketProtocolError @ webpack:///../node_modules/@sentry/browser/node_modules/@sentry/utils/esm/instrument.js?:139
[  121908ms] [ERROR] SocketProtocolError @ webpack:///../node_modules/@sentry/browser/node_modules/@sentry/utils/esm/instrument.js?:139
[  147197ms] [ERROR] WebSocket connection to 'ws://localhost:9000/socketcluster/' failed: Error in connection establishment: net::ERR_CONNECTION_REFUSED @ webpack:///../node_modules/socketcluster-client/lib/sctransport.js?:9
[  147206ms] [ERROR] SocketProtocolError @ webpack:///../node_modules/@sentry/browser/node_modules/@sentry/utils/esm/instrument.js?:139
[  147207ms] [ERROR] SocketProtocolError @ webpack:///../node_modules/@sentry/browser/node_modules/@sentry/utils/esm/instrument.js?:139
[  179737ms] [ERROR] WebSocket connection to 'ws://localhost:9000/socketcluster/' failed: Error in connection establishment: net::ERR_CONNECTION_REFUSED @ webpack:///../node_modules/socketcluster-client/lib/sctransport.js?:9
[  179767ms] [ERROR] SocketProtocolError @ webpack:///../node_modules/@sentry/browser/node_modules/@sentry/utils/esm/instrument.js?:139
[  179768ms] [ERROR] SocketProtocolError @ webpack:///../node_modules/@sentry/browser/node_modules/@sentry/utils/esm/instrument.js?:139
[  232067ms] [ERROR] WebSocket connection to 'ws://localhost:9000/socketcluster/' failed: Error in connection establishment: net::ERR_CONNECTION_REFUSED @ webpack:///../node_modules/socketcluster-client/lib/sctransport.js?:9
[  232081ms] [ERROR] SocketProtocolError @ webpack:///../node_modules/@sentry/browser/node_modules/@sentry/utils/esm/instrument.js?:139
[  232082ms] [ERROR] SocketProtocolError @ webpack:///../node_modules/@sentry/browser/node_modules/@sentry/utils/esm/instrument.js?:139
[  292075ms] [ERROR] WebSocket connection to 'ws://localhost:9000/socketcluster/' failed: Error in connection establishment: net::ERR_CONNECTION_REFUSED @ webpack:///../node_modules/socketcluster-client/lib/sctransport.js?:9
[  292081ms] [ERROR] SocketProtocolError @ webpack:///../node_modules/@sentry/browser/node_modules/@sentry/utils/esm/instrument.js?:139
[  292082ms] [ERROR] SocketProtocolError @ webpack:///../node_modules/@sentry/browser/node_modules/@sentry/utils/esm/instrument.js?:139
[  344726ms] [ERROR] Failed to load resource: the server responded with a status of 401 () @ https://course-uploads-qa.openlearning.com/set-access-token:0
[  344763ms] AxiosError
[  352089ms] [ERROR] WebSocket connection to 'ws://localhost:9000/socketcluster/' failed: Error in connection establishment: net::ERR_CONNECTION_REFUSED @ webpack:///../node_modules/socketcluster-client/lib/sctransport.js?:9
[  352125ms] [ERROR] SocketProtocolError @ webpack:///../node_modules/@sentry/browser/node_modules/@sentry/utils/esm/instrument.js?:139
[  352127ms] [ERROR] SocketProtocolError @ webpack:///../node_modules/@sentry/browser/node_modules/@sentry/utils/esm/instrument.js?:139
[  412116ms] [ERROR] WebSocket connection to 'ws://localhost:9000/socketcluster/' failed: Error in connection establishment: net::ERR_CONNECTION_REFUSED @ webpack:///../node_modules/socketcluster-client/lib/sctransport.js?:9
[  412152ms] [ERROR] SocketProtocolError @ webpack:///../node_modules/@sentry/browser/node_modules/@sentry/utils/esm/instrument.js?:139
[  412156ms] [ERROR] SocketProtocolError @ webpack:///../node_modules/@sentry/browser/node_modules/@sentry/utils/esm/instrument.js?:139
